<?xml version="1.0" encoding="UTF-8"?>
<coverage generated="1586954636380" clover="3.2.0">
  <project timestamp="1586954636380" name="All files">
    <metrics statements="734" coveredstatements="658" conditionals="190" coveredconditionals="145" methods="139" coveredmethods="137" elements="1063" coveredelements="940" complexity="0" loc="734" ncloc="734" packages="5" files="19" classes="19">
      <package name="array">
        <metrics statements="4" coveredstatements="4" conditionals="2" coveredconditionals="2" methods="4" coveredmethods="4"/>
        <file name="index.js" path="/Users/yinhang/study/beer-util/src/array/index.js">
          <metrics statements="4" coveredstatements="4" conditionals="2" coveredconditionals="2" methods="4" coveredmethods="4"/>
          <line num="11" count="4" type="cond" truecount="1" falsecount="0"/>
          <line num="21" count="5" type="stmt"/>
          <line num="32" count="4" type="cond" truecount="1" falsecount="0"/>
          <line num="34" count="1" type="stmt"/>
        </file>
      </package>
      <package name="date">
        <metrics statements="16" coveredstatements="16" conditionals="8" coveredconditionals="7" methods="5" coveredmethods="5"/>
        <file name="index.js" path="/Users/yinhang/study/beer-util/src/date/index.js">
          <metrics statements="16" coveredstatements="16" conditionals="8" coveredconditionals="7" methods="5" coveredmethods="5"/>
          <line num="7" count="1" type="stmt"/>
          <line num="8" count="1" type="stmt"/>
          <line num="17" count="1" type="stmt"/>
          <line num="18" count="2" type="cond" truecount="2" falsecount="0"/>
          <line num="19" count="2" type="stmt"/>
          <line num="26" count="2" type="stmt"/>
          <line num="27" count="10" type="stmt"/>
          <line num="28" count="2" type="cond" truecount="1" falsecount="1"/>
          <line num="38" count="1" type="stmt"/>
          <line num="40" count="3" type="stmt"/>
          <line num="49" count="3" type="stmt"/>
          <line num="50" count="18" type="stmt"/>
          <line num="51" count="18" type="cond" truecount="2" falsecount="0"/>
          <line num="52" count="12" type="cond" truecount="2" falsecount="0"/>
          <line num="55" count="3" type="stmt"/>
          <line num="58" count="1" type="stmt"/>
        </file>
      </package>
      <package name="ds">
        <metrics statements="694" coveredstatements="619" conditionals="178" coveredconditionals="134" methods="123" coveredmethods="122"/>
        <file name="BST.js" path="/Users/yinhang/study/beer-util/src/ds/BST.js">
          <metrics statements="106" coveredstatements="84" conditionals="46" coveredconditionals="31" methods="17" coveredmethods="17"/>
          <line num="3" count="47" type="stmt"/>
          <line num="4" count="47" type="stmt"/>
          <line num="5" count="47" type="stmt"/>
          <line num="6" count="47" type="stmt"/>
          <line num="9" count="38" type="stmt"/>
          <line num="14" count="8" type="stmt"/>
          <line num="15" count="8" type="stmt"/>
          <line num="16" count="8" type="stmt"/>
          <line num="17" count="8" type="stmt"/>
          <line num="18" count="8" type="stmt"/>
          <line num="19" count="8" type="stmt"/>
          <line num="20" count="8" type="stmt"/>
          <line num="21" count="8" type="stmt"/>
          <line num="22" count="8" type="stmt"/>
          <line num="23" count="8" type="stmt"/>
          <line num="26" count="47" type="stmt"/>
          <line num="28" count="47" type="cond" truecount="2" falsecount="0"/>
          <line num="29" count="8" type="stmt"/>
          <line num="32" count="39" type="stmt"/>
          <line num="35" count="39" type="stmt"/>
          <line num="36" count="79" type="stmt"/>
          <line num="38" count="79" type="cond" truecount="2" falsecount="0"/>
          <line num="40" count="32" type="stmt"/>
          <line num="42" count="32" type="cond" truecount="2" falsecount="0"/>
          <line num="44" count="22" type="stmt"/>
          <line num="45" count="22" type="stmt"/>
          <line num="49" count="47" type="stmt"/>
          <line num="50" count="47" type="cond" truecount="2" falsecount="0"/>
          <line num="52" count="17" type="stmt"/>
          <line num="53" count="17" type="stmt"/>
          <line num="61" count="1" type="stmt"/>
          <line num="62" count="1" type="stmt"/>
          <line num="63" count="1" type="stmt"/>
          <line num="66" count="17" type="cond" truecount="2" falsecount="0"/>
          <line num="67" count="8" type="stmt"/>
          <line num="68" count="8" type="stmt"/>
          <line num="69" count="8" type="stmt"/>
          <line num="74" count="1" type="stmt"/>
          <line num="75" count="1" type="stmt"/>
          <line num="76" count="1" type="stmt"/>
          <line num="79" count="17" type="cond" truecount="2" falsecount="0"/>
          <line num="80" count="8" type="stmt"/>
          <line num="81" count="8" type="stmt"/>
          <line num="82" count="8" type="stmt"/>
          <line num="87" count="3" type="stmt"/>
          <line num="88" count="3" type="stmt"/>
          <line num="89" count="3" type="stmt"/>
          <line num="93" count="47" type="cond" truecount="2" falsecount="0"/>
          <line num="94" count="22" type="stmt"/>
          <line num="95" count="22" type="stmt"/>
          <line num="96" count="22" type="stmt"/>
          <line num="101" count="1" type="stmt"/>
          <line num="102" count="1" type="stmt"/>
          <line num="103" count="1" type="stmt"/>
          <line num="105" count="1" type="stmt"/>
          <line num="109" count="1" type="stmt"/>
          <line num="110" count="1" type="stmt"/>
          <line num="111" count="1" type="stmt"/>
          <line num="113" count="1" type="stmt"/>
          <line num="117" count="1" type="stmt"/>
          <line num="118" count="1" type="stmt"/>
          <line num="119" count="1" type="cond" truecount="1" falsecount="1"/>
          <line num="120" count="1" type="stmt"/>
          <line num="121" count="0" type="cond" truecount="0" falsecount="2"/>
          <line num="122" count="0" type="stmt"/>
          <line num="124" count="0" type="stmt"/>
          <line num="127" count="0" type="stmt"/>
          <line num="131" count="1" type="stmt"/>
          <line num="135" count="2" type="cond" truecount="1" falsecount="1"/>
          <line num="136" count="0" type="stmt"/>
          <line num="138" count="2" type="cond" truecount="2" falsecount="0"/>
          <line num="140" count="1" type="cond" truecount="2" falsecount="2"/>
          <line num="141" count="0" type="stmt"/>
          <line num="144" count="1" type="cond" truecount="1" falsecount="1"/>
          <line num="145" count="0" type="stmt"/>
          <line num="148" count="1" type="cond" truecount="1" falsecount="1"/>
          <line num="149" count="1" type="stmt"/>
          <line num="152" count="0" type="stmt"/>
          <line num="153" count="0" type="stmt"/>
          <line num="154" count="0" type="stmt"/>
          <line num="155" count="0" type="stmt"/>
          <line num="156" count="1" type="cond" truecount="1" falsecount="1"/>
          <line num="157" count="1" type="stmt"/>
          <line num="158" count="1" type="stmt"/>
          <line num="160" count="0" type="stmt"/>
          <line num="161" count="0" type="stmt"/>
          <line num="166" count="1" type="stmt"/>
          <line num="170" count="3" type="cond" truecount="1" falsecount="1"/>
          <line num="171" count="0" type="stmt"/>
          <line num="174" count="3" type="cond" truecount="2" falsecount="0"/>
          <line num="175" count="1" type="cond" truecount="2" falsecount="2"/>
          <line num="176" count="0" type="stmt"/>
          <line num="179" count="1" type="cond" truecount="1" falsecount="1"/>
          <line num="180" count="0" type="stmt"/>
          <line num="183" count="1" type="cond" truecount="1" falsecount="1"/>
          <line num="184" count="1" type="stmt"/>
          <line num="187" count="0" type="stmt"/>
          <line num="188" count="0" type="stmt"/>
          <line num="189" count="0" type="stmt"/>
          <line num="190" count="0" type="stmt"/>
          <line num="191" count="2" type="cond" truecount="1" falsecount="1"/>
          <line num="192" count="0" type="stmt"/>
          <line num="193" count="0" type="stmt"/>
          <line num="195" count="2" type="stmt"/>
          <line num="196" count="2" type="stmt"/>
          <line num="202" count="1" type="stmt"/>
        </file>
        <file name="Graph.js" path="/Users/yinhang/study/beer-util/src/ds/Graph.js">
          <metrics statements="90" coveredstatements="89" conditionals="24" coveredconditionals="21" methods="11" coveredmethods="11"/>
          <line num="3" count="6" type="stmt"/>
          <line num="4" count="6" type="stmt"/>
          <line num="5" count="6" type="stmt"/>
          <line num="6" count="6" type="stmt"/>
          <line num="7" count="6" type="stmt"/>
          <line num="8" count="30" type="stmt"/>
          <line num="10" count="6" type="stmt"/>
          <line num="11" count="6" type="stmt"/>
          <line num="12" count="6" type="stmt"/>
          <line num="13" count="6" type="stmt"/>
          <line num="14" count="6" type="stmt"/>
          <line num="15" count="6" type="stmt"/>
          <line num="16" count="6" type="stmt"/>
          <line num="17" count="6" type="stmt"/>
          <line num="18" count="6" type="stmt"/>
          <line num="19" count="6" type="stmt"/>
          <line num="20" count="6" type="stmt"/>
          <line num="23" count="14" type="stmt"/>
          <line num="24" count="14" type="stmt"/>
          <line num="25" count="14" type="stmt"/>
          <line num="29" count="1" type="stmt"/>
          <line num="30" count="1" type="stmt"/>
          <line num="31" count="5" type="stmt"/>
          <line num="32" count="2" type="cond" truecount="1" falsecount="1"/>
          <line num="33" count="2" type="stmt"/>
          <line num="37" count="1" type="stmt"/>
          <line num="42" count="1" type="stmt"/>
          <line num="43" count="1" type="stmt"/>
          <line num="44" count="1" type="stmt"/>
          <line num="45" count="1" type="stmt"/>
          <line num="49" count="3" type="stmt"/>
          <line num="50" count="3" type="stmt"/>
          <line num="51" count="3" type="stmt"/>
          <line num="52" count="6" type="cond" truecount="2" falsecount="0"/>
          <line num="53" count="2" type="stmt"/>
          <line num="59" count="3" type="stmt"/>
          <line num="60" count="3" type="stmt"/>
          <line num="61" count="15" type="stmt"/>
          <line num="67" count="1" type="stmt"/>
          <line num="68" count="1" type="stmt"/>
          <line num="69" count="1" type="stmt"/>
          <line num="70" count="1" type="stmt"/>
          <line num="71" count="1" type="stmt"/>
          <line num="72" count="1" type="stmt"/>
          <line num="73" count="3" type="stmt"/>
          <line num="74" count="3" type="cond" truecount="1" falsecount="1"/>
          <line num="75" count="3" type="stmt"/>
          <line num="77" count="3" type="stmt"/>
          <line num="78" count="6" type="cond" truecount="4" falsecount="0"/>
          <line num="80" count="2" type="stmt"/>
          <line num="81" count="2" type="stmt"/>
          <line num="85" count="1" type="stmt"/>
          <line num="90" count="1" type="stmt"/>
          <line num="91" count="1" type="stmt"/>
          <line num="92" count="1" type="stmt"/>
          <line num="93" count="1" type="stmt"/>
          <line num="94" count="1" type="stmt"/>
          <line num="95" count="1" type="stmt"/>
          <line num="96" count="3" type="stmt"/>
          <line num="97" count="3" type="stmt"/>
          <line num="98" count="6" type="cond" truecount="4" falsecount="0"/>
          <line num="99" count="2" type="stmt"/>
          <line num="100" count="2" type="stmt"/>
          <line num="101" count="2" type="stmt"/>
          <line num="106" count="1" type="cond" truecount="1" falsecount="1"/>
          <line num="107" count="0" type="stmt"/>
          <line num="109" count="1" type="stmt"/>
          <line num="110" count="1" type="stmt"/>
          <line num="111" count="1" type="stmt"/>
          <line num="113" count="1" type="stmt"/>
          <line num="114" count="1" type="stmt"/>
          <line num="118" count="1" type="stmt"/>
          <line num="122" count="1" type="stmt"/>
          <line num="123" count="1" type="stmt"/>
          <line num="124" count="1" type="stmt"/>
          <line num="125" count="1" type="stmt"/>
          <line num="126" count="5" type="stmt"/>
          <line num="128" count="1" type="stmt"/>
          <line num="129" count="5" type="cond" truecount="2" falsecount="0"/>
          <line num="130" count="3" type="stmt"/>
          <line num="134" count="1" type="stmt"/>
          <line num="135" count="5" type="cond" truecount="4" falsecount="0"/>
          <line num="136" count="3" type="stmt"/>
          <line num="140" count="1" type="stmt"/>
          <line num="145" count="5" type="stmt"/>
          <line num="146" count="5" type="stmt"/>
          <line num="147" count="10" type="cond" truecount="2" falsecount="0"/>
          <line num="148" count="2" type="stmt"/>
          <line num="151" count="5" type="stmt"/>
          <line num="156" count="1" type="stmt"/>
        </file>
        <file name="circleLinkedList.js" path="/Users/yinhang/study/beer-util/src/ds/circleLinkedList.js">
          <metrics statements="33" coveredstatements="32" conditionals="6" coveredconditionals="5" methods="7" coveredmethods="7"/>
          <line num="3" count="10" type="stmt"/>
          <line num="4" count="10" type="stmt"/>
          <line num="8" count="4" type="stmt"/>
          <line num="9" count="4" type="stmt"/>
          <line num="10" count="4" type="stmt"/>
          <line num="11" count="4" type="stmt"/>
          <line num="12" count="4" type="stmt"/>
          <line num="13" count="4" type="stmt"/>
          <line num="14" count="4" type="stmt"/>
          <line num="17" count="7" type="stmt"/>
          <line num="18" count="7" type="stmt"/>
          <line num="19" count="3" type="stmt"/>
          <line num="21" count="7" type="stmt"/>
          <line num="24" count="6" type="stmt"/>
          <line num="25" count="6" type="stmt"/>
          <line num="26" count="6" type="stmt"/>
          <line num="27" count="6" type="stmt"/>
          <line num="30" count="1" type="stmt"/>
          <line num="31" count="1" type="stmt"/>
          <line num="32" count="1" type="cond" truecount="2" falsecount="0"/>
          <line num="33" count="1" type="stmt"/>
          <line num="34" count="1" type="stmt"/>
          <line num="36" count="1" type="stmt"/>
          <line num="39" count="2" type="stmt"/>
          <line num="40" count="2" type="cond" truecount="2" falsecount="0"/>
          <line num="41" count="2" type="stmt"/>
          <line num="43" count="2" type="stmt"/>
          <line num="46" count="1" type="stmt"/>
          <line num="47" count="1" type="cond" truecount="1" falsecount="1"/>
          <line num="48" count="1" type="stmt"/>
          <line num="49" count="1" type="stmt"/>
          <line num="51" count="0" type="stmt"/>
          <line num="55" count="1" type="stmt"/>
        </file>
        <file name="dictionary.js" path="/Users/yinhang/study/beer-util/src/ds/dictionary.js">
          <metrics statements="21" coveredstatements="21" conditionals="0" coveredconditionals="0" methods="7" coveredmethods="7"/>
          <line num="3" count="5" type="stmt"/>
          <line num="4" count="5" type="stmt"/>
          <line num="5" count="5" type="stmt"/>
          <line num="6" count="5" type="stmt"/>
          <line num="7" count="5" type="stmt"/>
          <line num="8" count="5" type="stmt"/>
          <line num="9" count="5" type="stmt"/>
          <line num="12" count="5" type="stmt"/>
          <line num="16" count="2" type="stmt"/>
          <line num="20" count="1" type="stmt"/>
          <line num="24" count="1" type="stmt"/>
          <line num="25" count="1" type="stmt"/>
          <line num="26" count="1" type="stmt"/>
          <line num="28" count="1" type="stmt"/>
          <line num="32" count="2" type="stmt"/>
          <line num="33" count="2" type="stmt"/>
          <line num="34" count="1" type="stmt"/>
          <line num="36" count="2" type="stmt"/>
          <line num="40" count="1" type="stmt"/>
          <line num="41" count="1" type="stmt"/>
          <line num="47" count="1" type="stmt"/>
        </file>
        <file name="doubleLinkedList.js" path="/Users/yinhang/study/beer-util/src/ds/doubleLinkedList.js">
          <metrics statements="48" coveredstatements="42" conditionals="2" coveredconditionals="1" methods="8" coveredmethods="8"/>
          <line num="3" count="13" type="stmt"/>
          <line num="4" count="13" type="stmt"/>
          <line num="5" count="13" type="stmt"/>
          <line num="9" count="5" type="stmt"/>
          <line num="10" count="5" type="stmt"/>
          <line num="11" count="5" type="stmt"/>
          <line num="12" count="5" type="stmt"/>
          <line num="13" count="5" type="stmt"/>
          <line num="14" count="5" type="stmt"/>
          <line num="15" count="5" type="stmt"/>
          <line num="18" count="1" type="stmt"/>
          <line num="19" count="1" type="stmt"/>
          <line num="20" count="1" type="stmt"/>
          <line num="21" count="1" type="stmt"/>
          <line num="22" count="2" type="stmt"/>
          <line num="23" count="2" type="stmt"/>
          <line num="25" count="1" type="stmt"/>
          <line num="29" count="2" type="stmt"/>
          <line num="30" count="2" type="stmt"/>
          <line num="31" count="4" type="stmt"/>
          <line num="33" count="2" type="stmt"/>
          <line num="37" count="1" type="stmt"/>
          <line num="38" count="1" type="cond" truecount="1" falsecount="1"/>
          <line num="39" count="0" type="stmt"/>
          <line num="40" count="0" type="stmt"/>
          <line num="41" count="0" type="stmt"/>
          <line num="42" count="0" type="stmt"/>
          <line num="43" count="0" type="stmt"/>
          <line num="45" count="1" type="stmt"/>
          <line num="46" count="1" type="stmt"/>
          <line num="47" count="1" type="stmt"/>
          <line num="49" count="0" type="stmt"/>
          <line num="53" count="1" type="stmt"/>
          <line num="54" count="1" type="stmt"/>
          <line num="55" count="1" type="stmt"/>
          <line num="56" count="1" type="stmt"/>
          <line num="57" count="1" type="stmt"/>
          <line num="59" count="1" type="stmt"/>
          <line num="63" count="10" type="stmt"/>
          <line num="64" count="10" type="stmt"/>
          <line num="65" count="6" type="stmt"/>
          <line num="67" count="10" type="stmt"/>
          <line num="71" count="8" type="stmt"/>
          <line num="72" count="8" type="stmt"/>
          <line num="73" count="8" type="stmt"/>
          <line num="74" count="8" type="stmt"/>
          <line num="75" count="8" type="stmt"/>
          <line num="80" count="1" type="stmt"/>
        </file>
        <file name="hashTableOpen.js" path="/Users/yinhang/study/beer-util/src/ds/hashTableOpen.js">
          <metrics statements="42" coveredstatements="33" conditionals="12" coveredconditionals="5" methods="6" coveredmethods="6"/>
          <line num="5" count="4" type="stmt"/>
          <line num="6" count="4" type="stmt"/>
          <line num="7" count="4" type="stmt"/>
          <line num="8" count="4" type="stmt"/>
          <line num="9" count="4" type="stmt"/>
          <line num="10" count="4" type="stmt"/>
          <line num="12" count="4" type="stmt"/>
          <line num="13" count="548" type="stmt"/>
          <line num="17" count="5" type="stmt"/>
          <line num="18" count="5" type="stmt"/>
          <line num="19" count="10" type="stmt"/>
          <line num="21" count="5" type="stmt"/>
          <line num="25" count="3" type="stmt"/>
          <line num="26" count="3" type="stmt"/>
          <line num="27" count="3" type="cond" truecount="1" falsecount="1"/>
          <line num="28" count="3" type="stmt"/>
          <line num="30" count="0" type="stmt"/>
          <line num="31" count="0" type="stmt"/>
          <line num="33" count="0" type="stmt"/>
          <line num="39" count="1" type="stmt"/>
          <line num="40" count="1" type="stmt"/>
          <line num="41" count="1" type="cond" truecount="1" falsecount="1"/>
          <line num="42" count="1" type="stmt"/>
          <line num="44" count="0" type="cond" truecount="0" falsecount="2"/>
          <line num="45" count="0" type="stmt"/>
          <line num="47" count="0" type="cond" truecount="0" falsecount="2"/>
          <line num="48" count="0" type="stmt"/>
          <line num="50" count="0" type="stmt"/>
          <line num="57" count="1" type="stmt"/>
          <line num="58" count="1" type="stmt"/>
          <line num="59" count="137" type="cond" truecount="2" falsecount="0"/>
          <line num="60" count="2" type="stmt"/>
          <line num="63" count="1" type="stmt"/>
          <line num="69" count="1" type="stmt"/>
          <line num="70" count="1" type="stmt"/>
          <line num="71" count="1" type="stmt"/>
          <line num="72" count="2" type="stmt"/>
          <line num="74" count="1" type="stmt"/>
          <line num="75" count="1" type="cond" truecount="1" falsecount="1"/>
          <line num="76" count="0" type="stmt"/>
          <line num="78" count="1" type="stmt"/>
          <line num="83" count="1" type="stmt"/>
        </file>
        <file name="hashTableSeq.js" path="/Users/yinhang/study/beer-util/src/ds/hashTableSeq.js">
          <metrics statements="40" coveredstatements="34" conditionals="10" coveredconditionals="6" methods="6" coveredmethods="6"/>
          <line num="6" count="4" type="stmt"/>
          <line num="7" count="4" type="stmt"/>
          <line num="8" count="4" type="stmt"/>
          <line num="9" count="4" type="stmt"/>
          <line num="10" count="4" type="stmt"/>
          <line num="11" count="4" type="stmt"/>
          <line num="12" count="4" type="stmt"/>
          <line num="15" count="1" type="stmt"/>
          <line num="16" count="1" type="stmt"/>
          <line num="17" count="2" type="stmt"/>
          <line num="19" count="1" type="stmt"/>
          <line num="23" count="3" type="stmt"/>
          <line num="24" count="3" type="cond" truecount="1" falsecount="1"/>
          <line num="25" count="3" type="stmt"/>
          <line num="26" count="3" type="stmt"/>
          <line num="28" count="0" type="stmt"/>
          <line num="29" count="0" type="stmt"/>
          <line num="31" count="0" type="stmt"/>
          <line num="32" count="0" type="stmt"/>
          <line num="37" count="1" type="stmt"/>
          <line num="38" count="1" type="stmt"/>
          <line num="39" count="1" type="cond" truecount="1" falsecount="1"/>
          <line num="40" count="1" type="stmt"/>
          <line num="41" count="1" type="cond" truecount="1" falsecount="1"/>
          <line num="42" count="1" type="stmt"/>
          <line num="46" count="0" type="stmt"/>
          <line num="50" count="1" type="stmt"/>
          <line num="51" count="1" type="stmt"/>
          <line num="52" count="137" type="cond" truecount="2" falsecount="0"/>
          <line num="53" count="2" type="stmt"/>
          <line num="56" count="1" type="stmt"/>
          <line num="60" count="5" type="stmt"/>
          <line num="61" count="5" type="stmt"/>
          <line num="62" count="5" type="stmt"/>
          <line num="63" count="10" type="stmt"/>
          <line num="65" count="5" type="stmt"/>
          <line num="66" count="5" type="cond" truecount="1" falsecount="1"/>
          <line num="67" count="0" type="stmt"/>
          <line num="69" count="5" type="stmt"/>
          <line num="74" count="1" type="stmt"/>
        </file>
        <file name="index.js" path="/Users/yinhang/study/beer-util/src/ds/index.js">
          <metrics statements="15" coveredstatements="0" conditionals="0" coveredconditionals="0" methods="0" coveredmethods="0"/>
          <line num="3" count="0" type="stmt"/>
          <line num="4" count="0" type="stmt"/>
          <line num="5" count="0" type="stmt"/>
          <line num="6" count="0" type="stmt"/>
          <line num="7" count="0" type="stmt"/>
          <line num="8" count="0" type="stmt"/>
          <line num="9" count="0" type="stmt"/>
          <line num="10" count="0" type="stmt"/>
          <line num="11" count="0" type="stmt"/>
          <line num="12" count="0" type="stmt"/>
          <line num="13" count="0" type="stmt"/>
          <line num="14" count="0" type="stmt"/>
          <line num="15" count="0" type="stmt"/>
          <line num="16" count="0" type="stmt"/>
          <line num="18" count="0" type="stmt"/>
        </file>
        <file name="linkedList.js" path="/Users/yinhang/study/beer-util/src/ds/linkedList.js">
          <metrics statements="32" coveredstatements="31" conditionals="4" coveredconditionals="3" methods="7" coveredmethods="7"/>
          <line num="3" count="10" type="stmt"/>
          <line num="4" count="10" type="stmt"/>
          <line num="8" count="4" type="stmt"/>
          <line num="9" count="4" type="stmt"/>
          <line num="10" count="4" type="stmt"/>
          <line num="11" count="4" type="stmt"/>
          <line num="12" count="4" type="stmt"/>
          <line num="13" count="4" type="stmt"/>
          <line num="16" count="7" type="stmt"/>
          <line num="17" count="7" type="stmt"/>
          <line num="18" count="3" type="stmt"/>
          <line num="20" count="7" type="stmt"/>
          <line num="23" count="6" type="stmt"/>
          <line num="24" count="6" type="stmt"/>
          <line num="25" count="6" type="stmt"/>
          <line num="26" count="6" type="stmt"/>
          <line num="29" count="1" type="stmt"/>
          <line num="30" count="1" type="stmt"/>
          <line num="31" count="1" type="stmt"/>
          <line num="32" count="1" type="stmt"/>
          <line num="33" count="1" type="stmt"/>
          <line num="35" count="1" type="stmt"/>
          <line num="38" count="2" type="stmt"/>
          <line num="39" count="2" type="cond" truecount="2" falsecount="0"/>
          <line num="40" count="2" type="stmt"/>
          <line num="42" count="2" type="stmt"/>
          <line num="45" count="1" type="stmt"/>
          <line num="46" count="1" type="cond" truecount="1" falsecount="1"/>
          <line num="47" count="1" type="stmt"/>
          <line num="48" count="1" type="stmt"/>
          <line num="50" count="0" type="stmt"/>
          <line num="54" count="1" type="stmt"/>
        </file>
        <file name="list.js" path="/Users/yinhang/study/beer-util/src/ds/list.js">
          <metrics statements="53" coveredstatements="53" conditionals="12" coveredconditionals="9" methods="16" coveredmethods="16"/>
          <line num="3" count="17" type="stmt"/>
          <line num="4" count="17" type="stmt"/>
          <line num="5" count="17" type="stmt"/>
          <line num="6" count="17" type="stmt"/>
          <line num="7" count="17" type="stmt"/>
          <line num="8" count="17" type="stmt"/>
          <line num="9" count="17" type="stmt"/>
          <line num="10" count="17" type="stmt"/>
          <line num="11" count="17" type="stmt"/>
          <line num="12" count="17" type="stmt"/>
          <line num="13" count="17" type="stmt"/>
          <line num="14" count="17" type="stmt"/>
          <line num="15" count="17" type="stmt"/>
          <line num="16" count="17" type="stmt"/>
          <line num="17" count="17" type="stmt"/>
          <line num="18" count="17" type="stmt"/>
          <line num="19" count="17" type="stmt"/>
          <line num="20" count="17" type="stmt"/>
          <line num="21" count="17" type="stmt"/>
          <line num="23" count="23" type="stmt"/>
          <line num="26" count="6" type="stmt"/>
          <line num="27" count="6" type="cond" truecount="2" falsecount="0"/>
          <line num="28" count="4" type="stmt"/>
          <line num="31" count="2" type="stmt"/>
          <line num="34" count="2" type="stmt"/>
          <line num="35" count="2" type="cond" truecount="2" falsecount="0"/>
          <line num="36" count="1" type="stmt"/>
          <line num="37" count="1" type="stmt"/>
          <line num="38" count="1" type="stmt"/>
          <line num="40" count="1" type="stmt"/>
          <line num="43" count="3" type="stmt"/>
          <line num="46" count="1" type="stmt"/>
          <line num="50" count="2" type="stmt"/>
          <line num="51" count="2" type="cond" truecount="2" falsecount="0"/>
          <line num="52" count="1" type="stmt"/>
          <line num="53" count="1" type="stmt"/>
          <line num="54" count="1" type="stmt"/>
          <line num="56" count="1" type="stmt"/>
          <line num="60" count="1" type="stmt"/>
          <line num="61" count="1" type="stmt"/>
          <line num="62" count="1" type="stmt"/>
          <line num="66" count="1" type="stmt"/>
          <line num="67" count="1" type="cond" truecount="1" falsecount="1"/>
          <line num="71" count="1" type="stmt"/>
          <line num="75" count="1" type="stmt"/>
          <line num="79" count="1" type="cond" truecount="1" falsecount="1"/>
          <line num="80" count="1" type="stmt"/>
          <line num="85" count="2" type="cond" truecount="1" falsecount="1"/>
          <line num="86" count="2" type="stmt"/>
          <line num="91" count="6" type="stmt"/>
          <line num="95" count="3" type="stmt"/>
          <line num="99" count="1" type="stmt"/>
          <line num="103" count="1" type="stmt"/>
        </file>
        <file name="queue.js" path="/Users/yinhang/study/beer-util/src/ds/queue.js">
          <metrics statements="19" coveredstatements="19" conditionals="2" coveredconditionals="2" methods="7" coveredmethods="7"/>
          <line num="3" count="7" type="stmt"/>
          <line num="4" count="7" type="stmt"/>
          <line num="5" count="7" type="stmt"/>
          <line num="6" count="7" type="stmt"/>
          <line num="7" count="7" type="stmt"/>
          <line num="8" count="7" type="stmt"/>
          <line num="9" count="7" type="stmt"/>
          <line num="12" count="9" type="stmt"/>
          <line num="16" count="1" type="stmt"/>
          <line num="20" count="1" type="stmt"/>
          <line num="24" count="1" type="stmt"/>
          <line num="28" count="1" type="stmt"/>
          <line num="29" count="1" type="stmt"/>
          <line num="30" count="1" type="stmt"/>
          <line num="32" count="1" type="stmt"/>
          <line num="36" count="2" type="cond" truecount="2" falsecount="0"/>
          <line num="37" count="1" type="stmt"/>
          <line num="39" count="1" type="stmt"/>
          <line num="44" count="1" type="stmt"/>
        </file>
        <file name="search.js" path="/Users/yinhang/study/beer-util/src/ds/search.js">
          <metrics statements="47" coveredstatements="35" conditionals="24" coveredconditionals="18" methods="6" coveredmethods="5"/>
          <line num="3" count="1" type="stmt"/>
          <line num="4" count="2" type="cond" truecount="2" falsecount="0"/>
          <line num="5" count="1" type="stmt"/>
          <line num="8" count="0" type="stmt"/>
          <line num="13" count="1" type="stmt"/>
          <line num="14" count="2" type="cond" truecount="3" falsecount="1"/>
          <line num="15" count="0" type="stmt"/>
          <line num="16" count="0" type="stmt"/>
          <line num="18" count="2" type="cond" truecount="2" falsecount="0"/>
          <line num="19" count="1" type="stmt"/>
          <line num="22" count="0" type="stmt"/>
          <line num="27" count="0" type="stmt"/>
          <line num="28" count="0" type="stmt"/>
          <line num="29" count="0" type="stmt"/>
          <line num="34" count="2" type="stmt"/>
          <line num="35" count="2" type="stmt"/>
          <line num="36" count="2" type="stmt"/>
          <line num="37" count="4" type="stmt"/>
          <line num="38" count="4" type="cond" truecount="2" falsecount="0"/>
          <line num="39" count="1" type="stmt"/>
          <line num="40" count="3" type="cond" truecount="2" falsecount="0"/>
          <line num="41" count="1" type="stmt"/>
          <line num="43" count="2" type="stmt"/>
          <line num="46" count="0" type="stmt"/>
          <line num="51" count="2" type="stmt"/>
          <line num="53" count="2" type="cond" truecount="1" falsecount="1"/>
          <line num="54" count="0" type="stmt"/>
          <line num="57" count="2" type="stmt"/>
          <line num="59" count="2" type="cond" truecount="2" falsecount="0"/>
          <line num="61" count="1" type="stmt"/>
          <line num="62" count="1" type="cond" truecount="1" falsecount="1"/>
          <line num="64" count="0" type="stmt"/>
          <line num="66" count="1" type="stmt"/>
          <line num="72" count="1" type="stmt"/>
          <line num="73" count="1" type="stmt"/>
          <line num="74" count="1" type="cond" truecount="1" falsecount="1"/>
          <line num="75" count="1" type="stmt"/>
          <line num="76" count="1" type="stmt"/>
          <line num="77" count="1" type="cond" truecount="1" falsecount="1"/>
          <line num="78" count="1" type="stmt"/>
          <line num="81" count="0" type="stmt"/>
          <line num="84" count="1" type="stmt"/>
          <line num="85" count="1" type="cond" truecount="1" falsecount="1"/>
          <line num="86" count="0" type="stmt"/>
          <line num="89" count="1" type="stmt"/>
          <line num="93" count="1" type="stmt"/>
          <line num="97" count="1" type="stmt"/>
        </file>
        <file name="set.js" path="/Users/yinhang/study/beer-util/src/ds/set.js">
          <metrics statements="48" coveredstatements="47" conditionals="16" coveredconditionals="14" methods="10" coveredmethods="10"/>
          <line num="2" count="21" type="stmt"/>
          <line num="3" count="21" type="stmt"/>
          <line num="4" count="21" type="stmt"/>
          <line num="5" count="21" type="stmt"/>
          <line num="6" count="21" type="stmt"/>
          <line num="7" count="21" type="stmt"/>
          <line num="8" count="21" type="stmt"/>
          <line num="9" count="21" type="stmt"/>
          <line num="10" count="21" type="stmt"/>
          <line num="11" count="21" type="stmt"/>
          <line num="14" count="29" type="cond" truecount="2" falsecount="0"/>
          <line num="15" count="28" type="stmt"/>
          <line num="16" count="28" type="stmt"/>
          <line num="18" count="1" type="stmt"/>
          <line num="23" count="2" type="stmt"/>
          <line num="24" count="2" type="cond" truecount="2" falsecount="0"/>
          <line num="25" count="1" type="stmt"/>
          <line num="26" count="1" type="stmt"/>
          <line num="28" count="1" type="stmt"/>
          <line num="33" count="4" type="stmt"/>
          <line num="37" count="9" type="cond" truecount="2" falsecount="0"/>
          <line num="38" count="4" type="stmt"/>
          <line num="40" count="5" type="stmt"/>
          <line num="45" count="1" type="stmt"/>
          <line num="46" count="1" type="stmt"/>
          <line num="47" count="1" type="stmt"/>
          <line num="49" count="1" type="stmt"/>
          <line num="50" count="1" type="cond" truecount="1" falsecount="1"/>
          <line num="51" count="1" type="stmt"/>
          <line num="54" count="1" type="stmt"/>
          <line num="58" count="1" type="stmt"/>
          <line num="59" count="1" type="stmt"/>
          <line num="60" count="2" type="cond" truecount="2" falsecount="0"/>
          <line num="61" count="1" type="stmt"/>
          <line num="64" count="1" type="stmt"/>
          <line num="69" count="2" type="cond" truecount="1" falsecount="1"/>
          <line num="70" count="0" type="stmt"/>
          <line num="72" count="2" type="stmt"/>
          <line num="73" count="2" type="cond" truecount="2" falsecount="0"/>
          <line num="74" count="1" type="stmt"/>
          <line num="78" count="1" type="stmt"/>
          <line num="82" count="5" type="stmt"/>
          <line num="86" count="1" type="stmt"/>
          <line num="87" count="1" type="stmt"/>
          <line num="88" count="2" type="cond" truecount="2" falsecount="0"/>
          <line num="89" count="1" type="stmt"/>
          <line num="92" count="1" type="stmt"/>
          <line num="97" count="1" type="stmt"/>
        </file>
        <file name="sort.js" path="/Users/yinhang/study/beer-util/src/ds/sort.js">
          <metrics statements="87" coveredstatements="86" conditionals="20" coveredconditionals="19" methods="9" coveredmethods="9"/>
          <line num="44" count="8" type="stmt"/>
          <line num="45" count="8" type="stmt"/>
          <line num="46" count="8" type="stmt"/>
          <line num="50" count="1" type="stmt"/>
          <line num="51" count="1" type="stmt"/>
          <line num="52" count="4" type="stmt"/>
          <line num="53" count="14" type="cond" truecount="2" falsecount="0"/>
          <line num="54" count="2" type="stmt"/>
          <line num="58" count="1" type="stmt"/>
          <line num="63" count="1" type="stmt"/>
          <line num="64" count="4" type="stmt"/>
          <line num="65" count="4" type="stmt"/>
          <line num="66" count="10" type="cond" truecount="2" falsecount="0"/>
          <line num="67" count="2" type="stmt"/>
          <line num="70" count="4" type="stmt"/>
          <line num="72" count="1" type="stmt"/>
          <line num="77" count="1" type="stmt"/>
          <line num="78" count="4" type="stmt"/>
          <line num="79" count="4" type="stmt"/>
          <line num="80" count="4" type="cond" truecount="2" falsecount="0"/>
          <line num="81" count="2" type="stmt"/>
          <line num="82" count="2" type="stmt"/>
          <line num="84" count="4" type="stmt"/>
          <line num="86" count="1" type="stmt"/>
          <line num="90" count="1" type="stmt"/>
          <line num="91" count="1" type="stmt"/>
          <line num="92" count="3" type="stmt"/>
          <line num="93" count="6" type="stmt"/>
          <line num="94" count="6" type="cond" truecount="2" falsecount="0"/>
          <line num="97" count="2" type="stmt"/>
          <line num="99" count="6" type="stmt"/>
          <line num="102" count="1" type="stmt"/>
          <line num="106" count="1" type="stmt"/>
          <line num="107" count="1" type="stmt"/>
          <line num="108" count="1" type="stmt"/>
          <line num="109" count="1" type="stmt"/>
          <line num="111" count="1" type="stmt"/>
          <line num="112" count="2" type="stmt"/>
          <line num="113" count="5" type="cond" truecount="2" falsecount="0"/>
          <line num="114" count="2" type="stmt"/>
          <line num="117" count="2" type="stmt"/>
          <line num="119" count="1" type="stmt"/>
          <line num="123" count="1" type="cond" truecount="1" falsecount="1"/>
          <line num="124" count="0" type="stmt"/>
          <line num="126" count="1" type="stmt"/>
          <line num="128" count="1" type="stmt"/>
          <line num="129" count="3" type="stmt"/>
          <line num="130" count="3" type="stmt"/>
          <line num="131" count="3" type="stmt"/>
          <line num="132" count="3" type="stmt"/>
          <line num="133" count="3" type="stmt"/>
          <line num="134" count="3" type="stmt"/>
          <line num="136" count="3" type="cond" truecount="2" falsecount="0"/>
          <line num="137" count="1" type="stmt"/>
          <line num="139" count="3" type="stmt"/>
          <line num="141" count="1" type="stmt"/>
          <line num="145" count="4" type="stmt"/>
          <line num="146" count="4" type="stmt"/>
          <line num="147" count="4" type="stmt"/>
          <line num="148" count="4" type="stmt"/>
          <line num="149" count="5" type="stmt"/>
          <line num="150" count="5" type="stmt"/>
          <line num="152" count="4" type="stmt"/>
          <line num="153" count="4" type="stmt"/>
          <line num="154" count="8" type="stmt"/>
          <line num="155" count="8" type="stmt"/>
          <line num="158" count="4" type="stmt"/>
          <line num="159" count="4" type="stmt"/>
          <line num="160" count="4" type="stmt"/>
          <line num="161" count="4" type="stmt"/>
          <line num="162" count="4" type="stmt"/>
          <line num="163" count="13" type="cond" truecount="2" falsecount="0"/>
          <line num="164" count="8" type="stmt"/>
          <line num="165" count="8" type="stmt"/>
          <line num="167" count="5" type="stmt"/>
          <line num="168" count="5" type="stmt"/>
          <line num="174" count="11" type="cond" truecount="2" falsecount="0"/>
          <line num="175" count="6" type="stmt"/>
          <line num="177" count="5" type="stmt"/>
          <line num="178" count="5" type="stmt"/>
          <line num="179" count="5" type="stmt"/>
          <line num="180" count="5" type="stmt"/>
          <line num="181" count="9" type="cond" truecount="2" falsecount="0"/>
          <line num="182" count="1" type="stmt"/>
          <line num="184" count="8" type="stmt"/>
          <line num="187" count="5" type="stmt"/>
          <line num="191" count="1" type="stmt"/>
        </file>
        <file name="stack.js" path="/Users/yinhang/study/beer-util/src/ds/stack.js">
          <metrics statements="13" coveredstatements="13" conditionals="0" coveredconditionals="0" methods="6" coveredmethods="6"/>
          <line num="4" count="5" type="stmt"/>
          <line num="5" count="5" type="stmt"/>
          <line num="6" count="5" type="stmt"/>
          <line num="7" count="5" type="stmt"/>
          <line num="8" count="5" type="stmt"/>
          <line num="9" count="5" type="stmt"/>
          <line num="10" count="5" type="stmt"/>
          <line num="13" count="5" type="stmt"/>
          <line num="17" count="1" type="stmt"/>
          <line num="21" count="1" type="stmt"/>
          <line num="25" count="4" type="stmt"/>
          <line num="29" count="1" type="stmt"/>
          <line num="34" count="1" type="stmt"/>
        </file>
      </package>
      <package name="fn">
        <metrics statements="14" coveredstatements="13" conditionals="2" coveredconditionals="2" methods="5" coveredmethods="4"/>
        <file name="index.js" path="/Users/yinhang/study/beer-util/src/fn/index.js">
          <metrics statements="14" coveredstatements="13" conditionals="2" coveredconditionals="2" methods="5" coveredmethods="4"/>
          <line num="8" count="1" type="stmt"/>
          <line num="9" count="2" type="stmt"/>
          <line num="10" count="2" type="stmt"/>
          <line num="11" count="5" type="stmt"/>
          <line num="12" count="5" type="cond" truecount="2" falsecount="0"/>
          <line num="13" count="3" type="stmt"/>
          <line num="14" count="3" type="stmt"/>
          <line num="26" count="1" type="stmt"/>
          <line num="27" count="1" type="stmt"/>
          <line num="28" count="1" type="stmt"/>
          <line num="29" count="1" type="stmt"/>
          <line num="30" count="1" type="stmt"/>
          <line num="31" count="0" type="stmt"/>
          <line num="36" count="1" type="stmt"/>
        </file>
      </package>
      <package name="url">
        <metrics statements="6" coveredstatements="6" conditionals="0" coveredconditionals="0" methods="2" coveredmethods="2"/>
        <file name="index.js" path="/Users/yinhang/study/beer-util/src/url/index.js">
          <metrics statements="6" coveredstatements="6" conditionals="0" coveredconditionals="0" methods="2" coveredmethods="2"/>
          <line num="1" count="1" type="stmt"/>
          <line num="9" count="1" type="stmt"/>
          <line num="10" count="1" type="stmt"/>
          <line num="19" count="1" type="stmt"/>
          <line num="20" count="1" type="stmt"/>
          <line num="23" count="1" type="stmt"/>
        </file>
      </package>
    </metrics>
  </project>
</coverage>
