{"E:\\study\\beer-util\\src\\array\\index.js": {"path":"E:\\study\\beer-util\\src\\array\\index.js","statementMap":{"0":{"start":{"line":11,"column":12},"end":{"line":11,"column":48}},"1":{"start":{"line":11,"column":35},"end":{"line":11,"column":48}},"2":{"start":{"line":21,"column":17},"end":{"line":21,"column":56}},"3":{"start":{"line":21,"column":24},"end":{"line":21,"column":56}},"4":{"start":{"line":21,"column":41},"end":{"line":21,"column":55}},"5":{"start":{"line":32,"column":12},"end":{"line":32,"column":47}},"6":{"start":{"line":32,"column":35},"end":{"line":32,"column":47}},"7":{"start":{"line":34,"column":0},"end":{"line":38,"column":2}}},"fnMap":{"0":{"name":"(anonymous_0)","decl":{"start":{"line":11,"column":12},"end":{"line":11,"column":13}},"loc":{"start":{"line":11,"column":35},"end":{"line":11,"column":48}},"line":11},"1":{"name":"(anonymous_1)","decl":{"start":{"line":21,"column":17},"end":{"line":21,"column":18}},"loc":{"start":{"line":21,"column":24},"end":{"line":21,"column":56}},"line":21},"2":{"name":"(anonymous_2)","decl":{"start":{"line":21,"column":34},"end":{"line":21,"column":35}},"loc":{"start":{"line":21,"column":41},"end":{"line":21,"column":55}},"line":21},"3":{"name":"(anonymous_3)","decl":{"start":{"line":32,"column":12},"end":{"line":32,"column":13}},"loc":{"start":{"line":32,"column":35},"end":{"line":32,"column":47}},"line":32}},"branchMap":{"0":{"loc":{"start":{"line":11,"column":18},"end":{"line":11,"column":30}},"type":"default-arg","locations":[{"start":{"line":11,"column":23},"end":{"line":11,"column":30}}],"line":11},"1":{"loc":{"start":{"line":32,"column":18},"end":{"line":32,"column":30}},"type":"default-arg","locations":[{"start":{"line":32,"column":23},"end":{"line":32,"column":30}}],"line":32}},"s":{"0":1,"1":4,"2":1,"3":2,"4":5,"5":1,"6":4,"7":1},"f":{"0":4,"1":2,"2":5,"3":4},"b":{"0":[2],"1":[2]},"_coverageSchema":"332fd63041d2c1bcb487cc26dd0d5f7d97098a6c","hash":"badd6ace3d022989762cc556359ef426c1c6f8d2"}
,"E:\\study\\beer-util\\src\\date\\index.js": {"path":"E:\\study\\beer-util\\src\\date\\index.js","statementMap":{"0":{"start":{"line":7,"column":18},"end":{"line":9,"column":1}},"1":{"start":{"line":8,"column":3},"end":{"line":8,"column":88}},"2":{"start":{"line":17,"column":23},"end":{"line":30,"column":1}},"3":{"start":{"line":18,"column":4},"end":{"line":18,"column":25}},"4":{"start":{"line":18,"column":16},"end":{"line":18,"column":25}},"5":{"start":{"line":19,"column":17},"end":{"line":25,"column":5}},"6":{"start":{"line":26,"column":4},"end":{"line":29,"column":18}},"7":{"start":{"line":27,"column":21},"end":{"line":27,"column":33}},"8":{"start":{"line":28,"column":27},"end":{"line":28,"column":65}},"9":{"start":{"line":38,"column":19},"end":{"line":56,"column":1}},"10":{"start":{"line":40,"column":12},"end":{"line":48,"column":3}},"11":{"start":{"line":49,"column":2},"end":{"line":54,"column":3}},"12":{"start":{"line":50,"column":6},"end":{"line":50,"column":48}},"13":{"start":{"line":51,"column":6},"end":{"line":53,"column":7}},"14":{"start":{"line":52,"column":10},"end":{"line":52,"column":108}},"15":{"start":{"line":55,"column":2},"end":{"line":55,"column":13}},"16":{"start":{"line":58,"column":0},"end":{"line":62,"column":1}}},"fnMap":{"0":{"name":"(anonymous_0)","decl":{"start":{"line":7,"column":18},"end":{"line":7,"column":19}},"loc":{"start":{"line":7,"column":26},"end":{"line":9,"column":1}},"line":7},"1":{"name":"(anonymous_1)","decl":{"start":{"line":17,"column":23},"end":{"line":17,"column":24}},"loc":{"start":{"line":17,"column":29},"end":{"line":30,"column":1}},"line":17},"2":{"name":"(anonymous_2)","decl":{"start":{"line":27,"column":14},"end":{"line":27,"column":15}},"loc":{"start":{"line":27,"column":21},"end":{"line":27,"column":33}},"line":27},"3":{"name":"(anonymous_3)","decl":{"start":{"line":28,"column":11},"end":{"line":28,"column":12}},"loc":{"start":{"line":28,"column":27},"end":{"line":28,"column":65}},"line":28},"4":{"name":"(anonymous_4)","decl":{"start":{"line":38,"column":19},"end":{"line":38,"column":20}},"loc":{"start":{"line":38,"column":34},"end":{"line":56,"column":1}},"line":38}},"branchMap":{"0":{"loc":{"start":{"line":18,"column":4},"end":{"line":18,"column":25}},"type":"if","locations":[{"start":{"line":18,"column":4},"end":{"line":18,"column":25}},{"start":{"line":18,"column":4},"end":{"line":18,"column":25}}],"line":18},"1":{"loc":{"start":{"line":28,"column":43},"end":{"line":28,"column":63}},"type":"cond-expr","locations":[{"start":{"line":28,"column":55},"end":{"line":28,"column":58}},{"start":{"line":28,"column":61},"end":{"line":28,"column":63}}],"line":28},"2":{"loc":{"start":{"line":51,"column":6},"end":{"line":53,"column":7}},"type":"if","locations":[{"start":{"line":51,"column":6},"end":{"line":53,"column":7}},{"start":{"line":51,"column":6},"end":{"line":53,"column":7}}],"line":51},"3":{"loc":{"start":{"line":52,"column":36},"end":{"line":52,"column":107}},"type":"cond-expr","locations":[{"start":{"line":52,"column":60},"end":{"line":52,"column":66}},{"start":{"line":52,"column":71},"end":{"line":52,"column":106}}],"line":52}},"s":{"0":1,"1":1,"2":1,"3":2,"4":1,"5":2,"6":2,"7":10,"8":2,"9":1,"10":3,"11":3,"12":18,"13":18,"14":12,"15":3,"16":1},"f":{"0":1,"1":2,"2":10,"3":2,"4":3},"b":{"0":[1,1],"1":[2,0],"2":[12,6],"3":[9,3]},"_coverageSchema":"332fd63041d2c1bcb487cc26dd0d5f7d97098a6c","hash":"3de298bb41f0997a49adb628b36bc45eecb5c055"}
,"E:\\study\\beer-util\\src\\ds\\BST.js": {"path":"E:\\study\\beer-util\\src\\ds\\BST.js","statementMap":{"0":{"start":{"line":3,"column":4},"end":{"line":3,"column":21}},"1":{"start":{"line":4,"column":4},"end":{"line":4,"column":21}},"2":{"start":{"line":5,"column":4},"end":{"line":5,"column":23}},"3":{"start":{"line":6,"column":4},"end":{"line":6,"column":21}},"4":{"start":{"line":9,"column":8},"end":{"line":9,"column":25}},"5":{"start":{"line":14,"column":4},"end":{"line":14,"column":21}},"6":{"start":{"line":15,"column":4},"end":{"line":15,"column":25}},"7":{"start":{"line":16,"column":4},"end":{"line":16,"column":27}},"8":{"start":{"line":17,"column":4},"end":{"line":17,"column":29}},"9":{"start":{"line":18,"column":4},"end":{"line":18,"column":31}},"10":{"start":{"line":19,"column":4},"end":{"line":19,"column":25}},"11":{"start":{"line":20,"column":4},"end":{"line":20,"column":25}},"12":{"start":{"line":21,"column":4},"end":{"line":21,"column":21}},"13":{"start":{"line":22,"column":4},"end":{"line":22,"column":35}},"14":{"start":{"line":23,"column":4},"end":{"line":23,"column":35}},"15":{"start":{"line":26,"column":16},"end":{"line":26,"column":42}},"16":{"start":{"line":28,"column":8},"end":{"line":57,"column":9}},"17":{"start":{"line":29,"column":12},"end":{"line":29,"column":26}},"18":{"start":{"line":32,"column":26},"end":{"line":32,"column":35}},"19":{"start":{"line":35,"column":12},"end":{"line":56,"column":13}},"20":{"start":{"line":36,"column":16},"end":{"line":36,"column":33}},"21":{"start":{"line":38,"column":16},"end":{"line":55,"column":17}},"22":{"start":{"line":40,"column":20},"end":{"line":40,"column":43}},"23":{"start":{"line":42,"column":20},"end":{"line":46,"column":21}},"24":{"start":{"line":44,"column":24},"end":{"line":44,"column":40}},"25":{"start":{"line":45,"column":24},"end":{"line":45,"column":30}},"26":{"start":{"line":49,"column":20},"end":{"line":49,"column":44}},"27":{"start":{"line":50,"column":20},"end":{"line":54,"column":21}},"28":{"start":{"line":52,"column":24},"end":{"line":52,"column":41}},"29":{"start":{"line":53,"column":24},"end":{"line":53,"column":30}},"30":{"start":{"line":61,"column":21},"end":{"line":61,"column":23}},"31":{"start":{"line":62,"column":8},"end":{"line":62,"column":32}},"32":{"start":{"line":63,"column":8},"end":{"line":63,"column":22}},"33":{"start":{"line":66,"column":8},"end":{"line":70,"column":9}},"34":{"start":{"line":67,"column":12},"end":{"line":67,"column":39}},"35":{"start":{"line":68,"column":12},"end":{"line":68,"column":35}},"36":{"start":{"line":69,"column":12},"end":{"line":69,"column":40}},"37":{"start":{"line":74,"column":21},"end":{"line":74,"column":23}},"38":{"start":{"line":75,"column":8},"end":{"line":75,"column":33}},"39":{"start":{"line":76,"column":8},"end":{"line":76,"column":22}},"40":{"start":{"line":79,"column":8},"end":{"line":83,"column":9}},"41":{"start":{"line":80,"column":12},"end":{"line":80,"column":35}},"42":{"start":{"line":81,"column":12},"end":{"line":81,"column":40}},"43":{"start":{"line":82,"column":12},"end":{"line":82,"column":41}},"44":{"start":{"line":87,"column":21},"end":{"line":87,"column":23}},"45":{"start":{"line":88,"column":8},"end":{"line":88,"column":34}},"46":{"start":{"line":89,"column":8},"end":{"line":89,"column":22}},"47":{"start":{"line":93,"column":8},"end":{"line":97,"column":9}},"48":{"start":{"line":94,"column":12},"end":{"line":94,"column":41}},"49":{"start":{"line":95,"column":12},"end":{"line":95,"column":42}},"50":{"start":{"line":96,"column":12},"end":{"line":96,"column":35}},"51":{"start":{"line":101,"column":22},"end":{"line":101,"column":31}},"52":{"start":{"line":102,"column":8},"end":{"line":104,"column":9}},"53":{"start":{"line":103,"column":12},"end":{"line":103,"column":35}},"54":{"start":{"line":105,"column":8},"end":{"line":105,"column":28}},"55":{"start":{"line":109,"column":23},"end":{"line":109,"column":32}},"56":{"start":{"line":110,"column":8},"end":{"line":112,"column":9}},"57":{"start":{"line":111,"column":12},"end":{"line":111,"column":36}},"58":{"start":{"line":113,"column":8},"end":{"line":113,"column":28}},"59":{"start":{"line":117,"column":23},"end":{"line":117,"column":32}},"60":{"start":{"line":118,"column":8},"end":{"line":126,"column":9}},"61":{"start":{"line":119,"column":12},"end":{"line":125,"column":13}},"62":{"start":{"line":120,"column":16},"end":{"line":120,"column":31}},"63":{"start":{"line":121,"column":19},"end":{"line":125,"column":13}},"64":{"start":{"line":122,"column":16},"end":{"line":122,"column":38}},"65":{"start":{"line":124,"column":16},"end":{"line":124,"column":40}},"66":{"start":{"line":127,"column":8},"end":{"line":127,"column":19}},"67":{"start":{"line":131,"column":8},"end":{"line":131,"column":53}},"68":{"start":{"line":135,"column":8},"end":{"line":137,"column":9}},"69":{"start":{"line":136,"column":12},"end":{"line":136,"column":24}},"70":{"start":{"line":138,"column":8},"end":{"line":162,"column":9}},"71":{"start":{"line":140,"column":12},"end":{"line":142,"column":13}},"72":{"start":{"line":141,"column":16},"end":{"line":141,"column":28}},"73":{"start":{"line":144,"column":12},"end":{"line":146,"column":13}},"74":{"start":{"line":145,"column":16},"end":{"line":145,"column":34}},"75":{"start":{"line":148,"column":12},"end":{"line":150,"column":13}},"76":{"start":{"line":149,"column":16},"end":{"line":149,"column":33}},"77":{"start":{"line":152,"column":27},"end":{"line":152,"column":45}},"78":{"start":{"line":153,"column":12},"end":{"line":153,"column":38}},"79":{"start":{"line":154,"column":12},"end":{"line":154,"column":68}},"80":{"start":{"line":155,"column":12},"end":{"line":155,"column":24}},"81":{"start":{"line":156,"column":15},"end":{"line":162,"column":9}},"82":{"start":{"line":157,"column":12},"end":{"line":157,"column":57}},"83":{"start":{"line":158,"column":12},"end":{"line":158,"column":24}},"84":{"start":{"line":160,"column":12},"end":{"line":160,"column":59}},"85":{"start":{"line":161,"column":12},"end":{"line":161,"column":24}},"86":{"start":{"line":166,"column":8},"end":{"line":166,"column":53}},"87":{"start":{"line":170,"column":8},"end":{"line":172,"column":9}},"88":{"start":{"line":171,"column":12},"end":{"line":171,"column":24}},"89":{"start":{"line":174,"column":8},"end":{"line":197,"column":9}},"90":{"start":{"line":175,"column":12},"end":{"line":177,"column":13}},"91":{"start":{"line":176,"column":16},"end":{"line":176,"column":28}},"92":{"start":{"line":179,"column":12},"end":{"line":181,"column":13}},"93":{"start":{"line":180,"column":16},"end":{"line":180,"column":34}},"94":{"start":{"line":183,"column":12},"end":{"line":185,"column":13}},"95":{"start":{"line":184,"column":16},"end":{"line":184,"column":33}},"96":{"start":{"line":187,"column":27},"end":{"line":187,"column":45}},"97":{"start":{"line":188,"column":12},"end":{"line":188,"column":38}},"98":{"start":{"line":189,"column":12},"end":{"line":189,"column":66}},"99":{"start":{"line":190,"column":12},"end":{"line":190,"column":24}},"100":{"start":{"line":191,"column":15},"end":{"line":197,"column":9}},"101":{"start":{"line":192,"column":12},"end":{"line":192,"column":57}},"102":{"start":{"line":193,"column":12},"end":{"line":193,"column":24}},"103":{"start":{"line":195,"column":12},"end":{"line":195,"column":59}},"104":{"start":{"line":196,"column":12},"end":{"line":196,"column":24}},"105":{"start":{"line":202,"column":0},"end":{"line":205,"column":2}}},"fnMap":{"0":{"name":"Node","decl":{"start":{"line":2,"column":9},"end":{"line":2,"column":13}},"loc":{"start":{"line":2,"column":33},"end":{"line":11,"column":1}},"line":2},"1":{"name":"show","decl":{"start":{"line":8,"column":13},"end":{"line":8,"column":17}},"loc":{"start":{"line":8,"column":20},"end":{"line":10,"column":5}},"line":8},"2":{"name":"BST","decl":{"start":{"line":13,"column":9},"end":{"line":13,"column":12}},"loc":{"start":{"line":13,"column":15},"end":{"line":200,"column":1}},"line":13},"3":{"name":"insert","decl":{"start":{"line":25,"column":13},"end":{"line":25,"column":19}},"loc":{"start":{"line":25,"column":26},"end":{"line":58,"column":5}},"line":25},"4":{"name":"inOrder","decl":{"start":{"line":60,"column":13},"end":{"line":60,"column":20}},"loc":{"start":{"line":60,"column":27},"end":{"line":64,"column":5}},"line":60},"5":{"name":"inOrderFn","decl":{"start":{"line":65,"column":13},"end":{"line":65,"column":22}},"loc":{"start":{"line":65,"column":35},"end":{"line":71,"column":5}},"line":65},"6":{"name":"preOrder","decl":{"start":{"line":73,"column":13},"end":{"line":73,"column":21}},"loc":{"start":{"line":73,"column":28},"end":{"line":77,"column":5}},"line":73},"7":{"name":"preOrderFn","decl":{"start":{"line":78,"column":13},"end":{"line":78,"column":23}},"loc":{"start":{"line":78,"column":36},"end":{"line":84,"column":5}},"line":78},"8":{"name":"postOrder","decl":{"start":{"line":86,"column":13},"end":{"line":86,"column":22}},"loc":{"start":{"line":86,"column":30},"end":{"line":90,"column":5}},"line":86},"9":{"name":"postOrderFn","decl":{"start":{"line":92,"column":13},"end":{"line":92,"column":24}},"loc":{"start":{"line":92,"column":38},"end":{"line":98,"column":5}},"line":92},"10":{"name":"getMin","decl":{"start":{"line":100,"column":13},"end":{"line":100,"column":19}},"loc":{"start":{"line":100,"column":22},"end":{"line":106,"column":5}},"line":100},"11":{"name":"getMax","decl":{"start":{"line":108,"column":13},"end":{"line":108,"column":19}},"loc":{"start":{"line":108,"column":22},"end":{"line":114,"column":5}},"line":108},"12":{"name":"find","decl":{"start":{"line":116,"column":13},"end":{"line":116,"column":17}},"loc":{"start":{"line":116,"column":24},"end":{"line":128,"column":5}},"line":116},"13":{"name":"removeByMin","decl":{"start":{"line":130,"column":13},"end":{"line":130,"column":24}},"loc":{"start":{"line":130,"column":31},"end":{"line":132,"column":5}},"line":130},"14":{"name":"removeNodeByMin","decl":{"start":{"line":134,"column":13},"end":{"line":134,"column":28}},"loc":{"start":{"line":134,"column":41},"end":{"line":163,"column":5}},"line":134},"15":{"name":"removeByMax","decl":{"start":{"line":165,"column":13},"end":{"line":165,"column":24}},"loc":{"start":{"line":165,"column":31},"end":{"line":167,"column":5}},"line":165},"16":{"name":"removeNodeByMax","decl":{"start":{"line":169,"column":13},"end":{"line":169,"column":28}},"loc":{"start":{"line":169,"column":41},"end":{"line":198,"column":5}},"line":169}},"branchMap":{"0":{"loc":{"start":{"line":28,"column":8},"end":{"line":57,"column":9}},"type":"if","locations":[{"start":{"line":28,"column":8},"end":{"line":57,"column":9}},{"start":{"line":28,"column":8},"end":{"line":57,"column":9}}],"line":28},"1":{"loc":{"start":{"line":38,"column":16},"end":{"line":55,"column":17}},"type":"if","locations":[{"start":{"line":38,"column":16},"end":{"line":55,"column":17}},{"start":{"line":38,"column":16},"end":{"line":55,"column":17}}],"line":38},"2":{"loc":{"start":{"line":42,"column":20},"end":{"line":46,"column":21}},"type":"if","locations":[{"start":{"line":42,"column":20},"end":{"line":46,"column":21}},{"start":{"line":42,"column":20},"end":{"line":46,"column":21}}],"line":42},"3":{"loc":{"start":{"line":50,"column":20},"end":{"line":54,"column":21}},"type":"if","locations":[{"start":{"line":50,"column":20},"end":{"line":54,"column":21}},{"start":{"line":50,"column":20},"end":{"line":54,"column":21}}],"line":50},"4":{"loc":{"start":{"line":66,"column":8},"end":{"line":70,"column":9}},"type":"if","locations":[{"start":{"line":66,"column":8},"end":{"line":70,"column":9}},{"start":{"line":66,"column":8},"end":{"line":70,"column":9}}],"line":66},"5":{"loc":{"start":{"line":79,"column":8},"end":{"line":83,"column":9}},"type":"if","locations":[{"start":{"line":79,"column":8},"end":{"line":83,"column":9}},{"start":{"line":79,"column":8},"end":{"line":83,"column":9}}],"line":79},"6":{"loc":{"start":{"line":93,"column":8},"end":{"line":97,"column":9}},"type":"if","locations":[{"start":{"line":93,"column":8},"end":{"line":97,"column":9}},{"start":{"line":93,"column":8},"end":{"line":97,"column":9}}],"line":93},"7":{"loc":{"start":{"line":119,"column":12},"end":{"line":125,"column":13}},"type":"if","locations":[{"start":{"line":119,"column":12},"end":{"line":125,"column":13}},{"start":{"line":119,"column":12},"end":{"line":125,"column":13}}],"line":119},"8":{"loc":{"start":{"line":121,"column":19},"end":{"line":125,"column":13}},"type":"if","locations":[{"start":{"line":121,"column":19},"end":{"line":125,"column":13}},{"start":{"line":121,"column":19},"end":{"line":125,"column":13}}],"line":121},"9":{"loc":{"start":{"line":135,"column":8},"end":{"line":137,"column":9}},"type":"if","locations":[{"start":{"line":135,"column":8},"end":{"line":137,"column":9}},{"start":{"line":135,"column":8},"end":{"line":137,"column":9}}],"line":135},"10":{"loc":{"start":{"line":138,"column":8},"end":{"line":162,"column":9}},"type":"if","locations":[{"start":{"line":138,"column":8},"end":{"line":162,"column":9}},{"start":{"line":138,"column":8},"end":{"line":162,"column":9}}],"line":138},"11":{"loc":{"start":{"line":140,"column":12},"end":{"line":142,"column":13}},"type":"if","locations":[{"start":{"line":140,"column":12},"end":{"line":142,"column":13}},{"start":{"line":140,"column":12},"end":{"line":142,"column":13}}],"line":140},"12":{"loc":{"start":{"line":140,"column":16},"end":{"line":140,"column":55}},"type":"binary-expr","locations":[{"start":{"line":140,"column":16},"end":{"line":140,"column":33}},{"start":{"line":140,"column":37},"end":{"line":140,"column":55}}],"line":140},"13":{"loc":{"start":{"line":144,"column":12},"end":{"line":146,"column":13}},"type":"if","locations":[{"start":{"line":144,"column":12},"end":{"line":146,"column":13}},{"start":{"line":144,"column":12},"end":{"line":146,"column":13}}],"line":144},"14":{"loc":{"start":{"line":148,"column":12},"end":{"line":150,"column":13}},"type":"if","locations":[{"start":{"line":148,"column":12},"end":{"line":150,"column":13}},{"start":{"line":148,"column":12},"end":{"line":150,"column":13}}],"line":148},"15":{"loc":{"start":{"line":156,"column":15},"end":{"line":162,"column":9}},"type":"if","locations":[{"start":{"line":156,"column":15},"end":{"line":162,"column":9}},{"start":{"line":156,"column":15},"end":{"line":162,"column":9}}],"line":156},"16":{"loc":{"start":{"line":170,"column":8},"end":{"line":172,"column":9}},"type":"if","locations":[{"start":{"line":170,"column":8},"end":{"line":172,"column":9}},{"start":{"line":170,"column":8},"end":{"line":172,"column":9}}],"line":170},"17":{"loc":{"start":{"line":174,"column":8},"end":{"line":197,"column":9}},"type":"if","locations":[{"start":{"line":174,"column":8},"end":{"line":197,"column":9}},{"start":{"line":174,"column":8},"end":{"line":197,"column":9}}],"line":174},"18":{"loc":{"start":{"line":175,"column":12},"end":{"line":177,"column":13}},"type":"if","locations":[{"start":{"line":175,"column":12},"end":{"line":177,"column":13}},{"start":{"line":175,"column":12},"end":{"line":177,"column":13}}],"line":175},"19":{"loc":{"start":{"line":175,"column":16},"end":{"line":175,"column":55}},"type":"binary-expr","locations":[{"start":{"line":175,"column":16},"end":{"line":175,"column":33}},{"start":{"line":175,"column":37},"end":{"line":175,"column":55}}],"line":175},"20":{"loc":{"start":{"line":179,"column":12},"end":{"line":181,"column":13}},"type":"if","locations":[{"start":{"line":179,"column":12},"end":{"line":181,"column":13}},{"start":{"line":179,"column":12},"end":{"line":181,"column":13}}],"line":179},"21":{"loc":{"start":{"line":183,"column":12},"end":{"line":185,"column":13}},"type":"if","locations":[{"start":{"line":183,"column":12},"end":{"line":185,"column":13}},{"start":{"line":183,"column":12},"end":{"line":185,"column":13}}],"line":183},"22":{"loc":{"start":{"line":191,"column":15},"end":{"line":197,"column":9}},"type":"if","locations":[{"start":{"line":191,"column":15},"end":{"line":197,"column":9}},{"start":{"line":191,"column":15},"end":{"line":197,"column":9}}],"line":191}},"s":{"0":47,"1":47,"2":47,"3":47,"4":38,"5":8,"6":8,"7":8,"8":8,"9":8,"10":8,"11":8,"12":8,"13":8,"14":8,"15":47,"16":47,"17":8,"18":39,"19":39,"20":79,"21":79,"22":32,"23":32,"24":22,"25":22,"26":47,"27":47,"28":17,"29":17,"30":1,"31":1,"32":1,"33":17,"34":8,"35":8,"36":8,"37":1,"38":1,"39":1,"40":17,"41":8,"42":8,"43":8,"44":3,"45":3,"46":3,"47":47,"48":22,"49":22,"50":22,"51":1,"52":1,"53":1,"54":1,"55":1,"56":1,"57":1,"58":1,"59":1,"60":1,"61":1,"62":1,"63":0,"64":0,"65":0,"66":0,"67":1,"68":2,"69":0,"70":2,"71":1,"72":0,"73":1,"74":0,"75":1,"76":1,"77":0,"78":0,"79":0,"80":0,"81":1,"82":1,"83":1,"84":0,"85":0,"86":1,"87":3,"88":0,"89":3,"90":1,"91":0,"92":1,"93":0,"94":1,"95":1,"96":0,"97":0,"98":0,"99":0,"100":2,"101":0,"102":0,"103":2,"104":2,"105":1},"f":{"0":47,"1":38,"2":8,"3":47,"4":1,"5":17,"6":1,"7":17,"8":3,"9":47,"10":1,"11":1,"12":1,"13":1,"14":2,"15":1,"16":3},"b":{"0":[8,39],"1":[32,47],"2":[22,10],"3":[17,30],"4":[8,9],"5":[8,9],"6":[22,25],"7":[1,0],"8":[0,0],"9":[0,2],"10":[1,1],"11":[0,1],"12":[1,0],"13":[0,1],"14":[1,0],"15":[1,0],"16":[0,3],"17":[1,2],"18":[0,1],"19":[1,0],"20":[0,1],"21":[1,0],"22":[0,2]},"_coverageSchema":"332fd63041d2c1bcb487cc26dd0d5f7d97098a6c","hash":"e70af749789238c4b18b6f5c3fb3630be0bc363d"}
,"E:\\study\\beer-util\\src\\ds\\Graph.js": {"path":"E:\\study\\beer-util\\src\\ds\\Graph.js","statementMap":{"0":{"start":{"line":3,"column":4},"end":{"line":3,"column":22}},"1":{"start":{"line":4,"column":4},"end":{"line":4,"column":25}},"2":{"start":{"line":5,"column":4},"end":{"line":5,"column":19}},"3":{"start":{"line":6,"column":4},"end":{"line":6,"column":18}},"4":{"start":{"line":7,"column":4},"end":{"line":9,"column":5}},"5":{"start":{"line":8,"column":8},"end":{"line":8,"column":25}},"6":{"start":{"line":10,"column":4},"end":{"line":10,"column":21}},"7":{"start":{"line":11,"column":4},"end":{"line":13,"column":5}},"8":{"start":{"line":12,"column":8},"end":{"line":12,"column":31}},"9":{"start":{"line":14,"column":4},"end":{"line":14,"column":27}},"10":{"start":{"line":15,"column":4},"end":{"line":15,"column":31}},"11":{"start":{"line":16,"column":4},"end":{"line":16,"column":19}},"12":{"start":{"line":17,"column":4},"end":{"line":17,"column":19}},"13":{"start":{"line":18,"column":4},"end":{"line":18,"column":21}},"14":{"start":{"line":19,"column":4},"end":{"line":19,"column":31}},"15":{"start":{"line":20,"column":4},"end":{"line":20,"column":39}},"16":{"start":{"line":21,"column":4},"end":{"line":21,"column":27}},"17":{"start":{"line":22,"column":4},"end":{"line":22,"column":33}},"18":{"start":{"line":23,"column":4},"end":{"line":23,"column":25}},"19":{"start":{"line":26,"column":8},"end":{"line":26,"column":27}},"20":{"start":{"line":27,"column":8},"end":{"line":27,"column":27}},"21":{"start":{"line":28,"column":8},"end":{"line":28,"column":21}},"22":{"start":{"line":32,"column":21},"end":{"line":32,"column":23}},"23":{"start":{"line":33,"column":22},"end":{"line":33,"column":24}},"24":{"start":{"line":34,"column":8},"end":{"line":44,"column":9}},"25":{"start":{"line":35,"column":12},"end":{"line":35,"column":45}},"26":{"start":{"line":36,"column":12},"end":{"line":42,"column":13}},"27":{"start":{"line":37,"column":16},"end":{"line":41,"column":17}},"28":{"start":{"line":38,"column":20},"end":{"line":40,"column":21}},"29":{"start":{"line":39,"column":24},"end":{"line":39,"column":56}},"30":{"start":{"line":43,"column":12},"end":{"line":43,"column":26}},"31":{"start":{"line":45,"column":8},"end":{"line":45,"column":22}},"32":{"start":{"line":50,"column":8},"end":{"line":50,"column":30}},"33":{"start":{"line":52,"column":8},"end":{"line":59,"column":9}},"34":{"start":{"line":53,"column":12},"end":{"line":53,"column":47}},"35":{"start":{"line":54,"column":12},"end":{"line":58,"column":13}},"36":{"start":{"line":55,"column":16},"end":{"line":57,"column":17}},"37":{"start":{"line":56,"column":20},"end":{"line":56,"column":32}},"38":{"start":{"line":63,"column":8},"end":{"line":63,"column":25}},"39":{"start":{"line":64,"column":8},"end":{"line":66,"column":9}},"40":{"start":{"line":65,"column":12},"end":{"line":65,"column":35}},"41":{"start":{"line":71,"column":8},"end":{"line":71,"column":26}},"42":{"start":{"line":72,"column":20},"end":{"line":72,"column":22}},"43":{"start":{"line":73,"column":8},"end":{"line":73,"column":30}},"44":{"start":{"line":74,"column":8},"end":{"line":74,"column":22}},"45":{"start":{"line":75,"column":8},"end":{"line":87,"column":9}},"46":{"start":{"line":76,"column":20},"end":{"line":76,"column":33}},"47":{"start":{"line":77,"column":12},"end":{"line":79,"column":13}},"48":{"start":{"line":78,"column":16},"end":{"line":78,"column":51}},"49":{"start":{"line":80,"column":12},"end":{"line":86,"column":13}},"50":{"start":{"line":81,"column":16},"end":{"line":85,"column":17}},"51":{"start":{"line":82,"column":20},"end":{"line":82,"column":39}},"52":{"start":{"line":83,"column":20},"end":{"line":83,"column":42}},"53":{"start":{"line":84,"column":20},"end":{"line":84,"column":34}},"54":{"start":{"line":91,"column":21},"end":{"line":91,"column":22}},"55":{"start":{"line":92,"column":8},"end":{"line":92,"column":25}},"56":{"start":{"line":93,"column":8},"end":{"line":95,"column":9}},"57":{"start":{"line":94,"column":12},"end":{"line":94,"column":29}},"58":{"start":{"line":96,"column":19},"end":{"line":96,"column":21}},"59":{"start":{"line":97,"column":8},"end":{"line":99,"column":9}},"60":{"start":{"line":98,"column":12},"end":{"line":98,"column":25}},"61":{"start":{"line":100,"column":8},"end":{"line":100,"column":26}},"62":{"start":{"line":101,"column":8},"end":{"line":101,"column":20}},"63":{"start":{"line":105,"column":8},"end":{"line":105,"column":30}},"64":{"start":{"line":109,"column":20},"end":{"line":109,"column":22}},"65":{"start":{"line":110,"column":22},"end":{"line":110,"column":24}},"66":{"start":{"line":111,"column":8},"end":{"line":113,"column":9}},"67":{"start":{"line":112,"column":12},"end":{"line":112,"column":31}},"68":{"start":{"line":114,"column":8},"end":{"line":118,"column":9}},"69":{"start":{"line":115,"column":12},"end":{"line":117,"column":13}},"70":{"start":{"line":116,"column":16},"end":{"line":116,"column":54}},"71":{"start":{"line":120,"column":8},"end":{"line":124,"column":9}},"72":{"start":{"line":121,"column":12},"end":{"line":123,"column":13}},"73":{"start":{"line":122,"column":16},"end":{"line":122,"column":55}},"74":{"start":{"line":129,"column":8},"end":{"line":129,"column":26}},"75":{"start":{"line":130,"column":8},"end":{"line":134,"column":9}},"76":{"start":{"line":131,"column":12},"end":{"line":133,"column":13}},"77":{"start":{"line":132,"column":16},"end":{"line":132,"column":63}},"78":{"start":{"line":135,"column":8},"end":{"line":135,"column":22}},"79":{"start":{"line":139,"column":0},"end":{"line":141,"column":2}}},"fnMap":{"0":{"name":"Graph","decl":{"start":{"line":2,"column":9},"end":{"line":2,"column":14}},"loc":{"start":{"line":2,"column":18},"end":{"line":137,"column":1}},"line":2},"1":{"name":"addEdge","decl":{"start":{"line":25,"column":13},"end":{"line":25,"column":20}},"loc":{"start":{"line":25,"column":26},"end":{"line":29,"column":5}},"line":25},"2":{"name":"showGraph","decl":{"start":{"line":31,"column":13},"end":{"line":31,"column":22}},"loc":{"start":{"line":31,"column":25},"end":{"line":46,"column":5}},"line":31},"3":{"name":"dfs","decl":{"start":{"line":49,"column":13},"end":{"line":49,"column":16}},"loc":{"start":{"line":49,"column":20},"end":{"line":60,"column":5}},"line":49},"4":{"name":"initMarked","decl":{"start":{"line":62,"column":13},"end":{"line":62,"column":23}},"loc":{"start":{"line":62,"column":26},"end":{"line":67,"column":5}},"line":62},"5":{"name":"bfs","decl":{"start":{"line":70,"column":13},"end":{"line":70,"column":16}},"loc":{"start":{"line":70,"column":20},"end":{"line":88,"column":5}},"line":70},"6":{"name":"pathTo","decl":{"start":{"line":90,"column":13},"end":{"line":90,"column":19}},"loc":{"start":{"line":90,"column":23},"end":{"line":102,"column":5}},"line":90},"7":{"name":"hasPathTo","decl":{"start":{"line":104,"column":13},"end":{"line":104,"column":22}},"loc":{"start":{"line":104,"column":26},"end":{"line":106,"column":5}},"line":104},"8":{"name":"topSort","decl":{"start":{"line":108,"column":13},"end":{"line":108,"column":20}},"loc":{"start":{"line":108,"column":23},"end":{"line":126,"column":5}},"line":108},"9":{"name":"topSortHelper","decl":{"start":{"line":128,"column":13},"end":{"line":128,"column":26}},"loc":{"start":{"line":128,"column":46},"end":{"line":136,"column":5}},"line":128}},"branchMap":{"0":{"loc":{"start":{"line":37,"column":16},"end":{"line":41,"column":17}},"type":"if","locations":[{"start":{"line":37,"column":16},"end":{"line":41,"column":17}},{"start":{"line":37,"column":16},"end":{"line":41,"column":17}}],"line":37},"1":{"loc":{"start":{"line":38,"column":20},"end":{"line":40,"column":21}},"type":"if","locations":[{"start":{"line":38,"column":20},"end":{"line":40,"column":21}},{"start":{"line":38,"column":20},"end":{"line":40,"column":21}}],"line":38},"2":{"loc":{"start":{"line":52,"column":8},"end":{"line":59,"column":9}},"type":"if","locations":[{"start":{"line":52,"column":8},"end":{"line":59,"column":9}},{"start":{"line":52,"column":8},"end":{"line":59,"column":9}}],"line":52},"3":{"loc":{"start":{"line":55,"column":16},"end":{"line":57,"column":17}},"type":"if","locations":[{"start":{"line":55,"column":16},"end":{"line":57,"column":17}},{"start":{"line":55,"column":16},"end":{"line":57,"column":17}}],"line":55},"4":{"loc":{"start":{"line":77,"column":12},"end":{"line":79,"column":13}},"type":"if","locations":[{"start":{"line":77,"column":12},"end":{"line":79,"column":13}},{"start":{"line":77,"column":12},"end":{"line":79,"column":13}}],"line":77},"5":{"loc":{"start":{"line":81,"column":16},"end":{"line":85,"column":17}},"type":"if","locations":[{"start":{"line":81,"column":16},"end":{"line":85,"column":17}},{"start":{"line":81,"column":16},"end":{"line":85,"column":17}}],"line":81},"6":{"loc":{"start":{"line":93,"column":8},"end":{"line":95,"column":9}},"type":"if","locations":[{"start":{"line":93,"column":8},"end":{"line":95,"column":9}},{"start":{"line":93,"column":8},"end":{"line":95,"column":9}}],"line":93},"7":{"loc":{"start":{"line":115,"column":12},"end":{"line":117,"column":13}},"type":"if","locations":[{"start":{"line":115,"column":12},"end":{"line":117,"column":13}},{"start":{"line":115,"column":12},"end":{"line":117,"column":13}}],"line":115},"8":{"loc":{"start":{"line":121,"column":12},"end":{"line":123,"column":13}},"type":"if","locations":[{"start":{"line":121,"column":12},"end":{"line":123,"column":13}},{"start":{"line":121,"column":12},"end":{"line":123,"column":13}}],"line":121},"9":{"loc":{"start":{"line":121,"column":16},"end":{"line":121,"column":60}},"type":"binary-expr","locations":[{"start":{"line":121,"column":16},"end":{"line":121,"column":37}},{"start":{"line":121,"column":41},"end":{"line":121,"column":60}}],"line":121},"10":{"loc":{"start":{"line":131,"column":12},"end":{"line":133,"column":13}},"type":"if","locations":[{"start":{"line":131,"column":12},"end":{"line":133,"column":13}},{"start":{"line":131,"column":12},"end":{"line":133,"column":13}}],"line":131}},"s":{"0":2,"1":2,"2":2,"3":2,"4":2,"5":10,"6":2,"7":2,"8":10,"9":2,"10":2,"11":2,"12":2,"13":2,"14":2,"15":2,"16":2,"17":2,"18":2,"19":2,"20":2,"21":2,"22":1,"23":1,"24":1,"25":5,"26":5,"27":25,"28":2,"29":2,"30":5,"31":1,"32":0,"33":0,"34":0,"35":0,"36":0,"37":0,"38":0,"39":0,"40":0,"41":0,"42":0,"43":0,"44":0,"45":0,"46":0,"47":0,"48":0,"49":0,"50":0,"51":0,"52":0,"53":0,"54":0,"55":0,"56":0,"57":0,"58":0,"59":0,"60":0,"61":0,"62":0,"63":0,"64":0,"65":0,"66":0,"67":0,"68":0,"69":0,"70":0,"71":0,"72":0,"73":0,"74":0,"75":0,"76":0,"77":0,"78":0,"79":1},"f":{"0":2,"1":2,"2":1,"3":0,"4":0,"5":0,"6":0,"7":0,"8":0,"9":0},"b":{"0":[2,23],"1":[2,0],"2":[0,0],"3":[0,0],"4":[0,0],"5":[0,0],"6":[0,0],"7":[0,0],"8":[0,0],"9":[0,0],"10":[0,0]},"_coverageSchema":"332fd63041d2c1bcb487cc26dd0d5f7d97098a6c","hash":"4db617b9043d3fac340ca68f8e83df6498f7dc9c"}
,"E:\\study\\beer-util\\src\\ds\\circleLinkedList.js": {"path":"E:\\study\\beer-util\\src\\ds\\circleLinkedList.js","statementMap":{"0":{"start":{"line":3,"column":4},"end":{"line":3,"column":27}},"1":{"start":{"line":4,"column":4},"end":{"line":4,"column":21}},"2":{"start":{"line":8,"column":4},"end":{"line":8,"column":34}},"3":{"start":{"line":9,"column":4},"end":{"line":9,"column":31}},"4":{"start":{"line":10,"column":4},"end":{"line":10,"column":21}},"5":{"start":{"line":11,"column":4},"end":{"line":11,"column":25}},"6":{"start":{"line":12,"column":4},"end":{"line":12,"column":25}},"7":{"start":{"line":13,"column":4},"end":{"line":13,"column":27}},"8":{"start":{"line":14,"column":4},"end":{"line":14,"column":37}},"9":{"start":{"line":17,"column":23},"end":{"line":17,"column":32}},"10":{"start":{"line":18,"column":8},"end":{"line":20,"column":9}},"11":{"start":{"line":19,"column":12},"end":{"line":19,"column":37}},"12":{"start":{"line":21,"column":8},"end":{"line":21,"column":24}},"13":{"start":{"line":24,"column":22},"end":{"line":24,"column":43}},"14":{"start":{"line":25,"column":22},"end":{"line":25,"column":37}},"15":{"start":{"line":26,"column":8},"end":{"line":26,"column":36}},"16":{"start":{"line":27,"column":8},"end":{"line":27,"column":31}},"17":{"start":{"line":30,"column":21},"end":{"line":30,"column":23}},"18":{"start":{"line":31,"column":23},"end":{"line":31,"column":32}},"19":{"start":{"line":32,"column":8},"end":{"line":35,"column":9}},"20":{"start":{"line":33,"column":12},"end":{"line":33,"column":47}},"21":{"start":{"line":34,"column":12},"end":{"line":34,"column":37}},"22":{"start":{"line":36,"column":8},"end":{"line":36,"column":22}},"23":{"start":{"line":39,"column":23},"end":{"line":39,"column":32}},"24":{"start":{"line":40,"column":8},"end":{"line":42,"column":9}},"25":{"start":{"line":41,"column":12},"end":{"line":41,"column":37}},"26":{"start":{"line":43,"column":8},"end":{"line":43,"column":24}},"27":{"start":{"line":46,"column":23},"end":{"line":46,"column":46}},"28":{"start":{"line":47,"column":8},"end":{"line":50,"column":9}},"29":{"start":{"line":48,"column":12},"end":{"line":48,"column":47}},"30":{"start":{"line":49,"column":12},"end":{"line":49,"column":24}},"31":{"start":{"line":51,"column":8},"end":{"line":51,"column":21}},"32":{"start":{"line":55,"column":0},"end":{"line":58,"column":2}}},"fnMap":{"0":{"name":"CNode","decl":{"start":{"line":2,"column":9},"end":{"line":2,"column":14}},"loc":{"start":{"line":2,"column":24},"end":{"line":5,"column":1}},"line":2},"1":{"name":"CLList","decl":{"start":{"line":7,"column":9},"end":{"line":7,"column":15}},"loc":{"start":{"line":7,"column":18},"end":{"line":53,"column":1}},"line":7},"2":{"name":"find","decl":{"start":{"line":16,"column":13},"end":{"line":16,"column":17}},"loc":{"start":{"line":16,"column":24},"end":{"line":22,"column":5}},"line":16},"3":{"name":"insert","decl":{"start":{"line":23,"column":13},"end":{"line":23,"column":19}},"loc":{"start":{"line":23,"column":38},"end":{"line":28,"column":5}},"line":23},"4":{"name":"display","decl":{"start":{"line":29,"column":13},"end":{"line":29,"column":20}},"loc":{"start":{"line":29,"column":23},"end":{"line":37,"column":5}},"line":29},"5":{"name":"findPrevious","decl":{"start":{"line":38,"column":13},"end":{"line":38,"column":25}},"loc":{"start":{"line":38,"column":32},"end":{"line":44,"column":5}},"line":38},"6":{"name":"remove","decl":{"start":{"line":45,"column":13},"end":{"line":45,"column":19}},"loc":{"start":{"line":45,"column":26},"end":{"line":52,"column":5}},"line":45}},"branchMap":{"0":{"loc":{"start":{"line":32,"column":14},"end":{"line":32,"column":70}},"type":"binary-expr","locations":[{"start":{"line":32,"column":14},"end":{"line":32,"column":35}},{"start":{"line":32,"column":39},"end":{"line":32,"column":70}}],"line":32},"1":{"loc":{"start":{"line":40,"column":15},"end":{"line":40,"column":73}},"type":"binary-expr","locations":[{"start":{"line":40,"column":16},"end":{"line":40,"column":37}},{"start":{"line":40,"column":43},"end":{"line":40,"column":72}}],"line":40},"2":{"loc":{"start":{"line":47,"column":8},"end":{"line":50,"column":9}},"type":"if","locations":[{"start":{"line":47,"column":8},"end":{"line":50,"column":9}},{"start":{"line":47,"column":8},"end":{"line":50,"column":9}}],"line":47}},"s":{"0":10,"1":10,"2":4,"3":4,"4":4,"5":4,"6":4,"7":4,"8":4,"9":7,"10":7,"11":3,"12":7,"13":6,"14":6,"15":6,"16":6,"17":1,"18":1,"19":1,"20":1,"21":1,"22":1,"23":2,"24":2,"25":2,"26":2,"27":1,"28":1,"29":1,"30":1,"31":0,"32":1},"f":{"0":10,"1":4,"2":7,"3":6,"4":1,"5":2,"6":1},"b":{"0":[2,2],"1":[4,4],"2":[1,0]},"_coverageSchema":"332fd63041d2c1bcb487cc26dd0d5f7d97098a6c","hash":"62b419191fea298bca005a5b79c519335ee08ea0"}
,"E:\\study\\beer-util\\src\\ds\\dictionary.js": {"path":"E:\\study\\beer-util\\src\\ds\\dictionary.js","statementMap":{"0":{"start":{"line":3,"column":4},"end":{"line":3,"column":19}},"1":{"start":{"line":4,"column":4},"end":{"line":4,"column":33}},"2":{"start":{"line":5,"column":4},"end":{"line":5,"column":21}},"3":{"start":{"line":6,"column":4},"end":{"line":6,"column":25}},"4":{"start":{"line":7,"column":4},"end":{"line":7,"column":27}},"5":{"start":{"line":8,"column":4},"end":{"line":8,"column":23}},"6":{"start":{"line":9,"column":4},"end":{"line":9,"column":23}},"7":{"start":{"line":12,"column":8},"end":{"line":12,"column":36}},"8":{"start":{"line":16,"column":8},"end":{"line":16,"column":35}},"9":{"start":{"line":20,"column":8},"end":{"line":20,"column":35}},"10":{"start":{"line":24,"column":21},"end":{"line":24,"column":23}},"11":{"start":{"line":25,"column":8},"end":{"line":27,"column":9}},"12":{"start":{"line":26,"column":12},"end":{"line":26,"column":45}},"13":{"start":{"line":28,"column":8},"end":{"line":28,"column":22}},"14":{"start":{"line":32,"column":16},"end":{"line":32,"column":17}},"15":{"start":{"line":33,"column":8},"end":{"line":35,"column":9}},"16":{"start":{"line":34,"column":12},"end":{"line":34,"column":16}},"17":{"start":{"line":36,"column":8},"end":{"line":36,"column":17}},"18":{"start":{"line":40,"column":8},"end":{"line":42,"column":9}},"19":{"start":{"line":41,"column":12},"end":{"line":41,"column":39}},"20":{"start":{"line":47,"column":0},"end":{"line":49,"column":2}}},"fnMap":{"0":{"name":"Dictionary","decl":{"start":{"line":2,"column":9},"end":{"line":2,"column":19}},"loc":{"start":{"line":2,"column":23},"end":{"line":45,"column":1}},"line":2},"1":{"name":"add","decl":{"start":{"line":11,"column":13},"end":{"line":11,"column":16}},"loc":{"start":{"line":11,"column":29},"end":{"line":13,"column":5}},"line":11},"2":{"name":"find","decl":{"start":{"line":15,"column":13},"end":{"line":15,"column":17}},"loc":{"start":{"line":15,"column":23},"end":{"line":17,"column":5}},"line":15},"3":{"name":"remove","decl":{"start":{"line":19,"column":13},"end":{"line":19,"column":19}},"loc":{"start":{"line":19,"column":25},"end":{"line":21,"column":5}},"line":19},"4":{"name":"showAll","decl":{"start":{"line":23,"column":13},"end":{"line":23,"column":20}},"loc":{"start":{"line":23,"column":23},"end":{"line":29,"column":5}},"line":23},"5":{"name":"count","decl":{"start":{"line":31,"column":13},"end":{"line":31,"column":18}},"loc":{"start":{"line":31,"column":21},"end":{"line":37,"column":5}},"line":31},"6":{"name":"clear","decl":{"start":{"line":39,"column":13},"end":{"line":39,"column":18}},"loc":{"start":{"line":39,"column":21},"end":{"line":43,"column":5}},"line":39}},"branchMap":{},"s":{"0":5,"1":5,"2":5,"3":5,"4":5,"5":5,"6":5,"7":5,"8":2,"9":1,"10":1,"11":1,"12":1,"13":1,"14":2,"15":2,"16":1,"17":2,"18":1,"19":1,"20":1},"f":{"0":5,"1":5,"2":2,"3":1,"4":1,"5":2,"6":1},"b":{},"_coverageSchema":"332fd63041d2c1bcb487cc26dd0d5f7d97098a6c","hash":"ff1a5ea014623a32951665257365ba30d2633656"}
,"E:\\study\\beer-util\\src\\ds\\doubleLinkedList.js": {"path":"E:\\study\\beer-util\\src\\ds\\doubleLinkedList.js","statementMap":{"0":{"start":{"line":3,"column":4},"end":{"line":3,"column":27}},"1":{"start":{"line":4,"column":4},"end":{"line":4,"column":21}},"2":{"start":{"line":5,"column":4},"end":{"line":5,"column":25}},"3":{"start":{"line":9,"column":4},"end":{"line":9,"column":34}},"4":{"start":{"line":10,"column":4},"end":{"line":10,"column":21}},"5":{"start":{"line":11,"column":4},"end":{"line":11,"column":25}},"6":{"start":{"line":12,"column":4},"end":{"line":12,"column":27}},"7":{"start":{"line":13,"column":4},"end":{"line":13,"column":25}},"8":{"start":{"line":14,"column":4},"end":{"line":14,"column":29}},"9":{"start":{"line":15,"column":4},"end":{"line":15,"column":35}},"10":{"start":{"line":18,"column":21},"end":{"line":18,"column":23}},"11":{"start":{"line":19,"column":23},"end":{"line":19,"column":32}},"12":{"start":{"line":20,"column":8},"end":{"line":20,"column":35}},"13":{"start":{"line":21,"column":8},"end":{"line":24,"column":9}},"14":{"start":{"line":22,"column":12},"end":{"line":22,"column":42}},"15":{"start":{"line":23,"column":12},"end":{"line":23,"column":41}},"16":{"start":{"line":25,"column":8},"end":{"line":25,"column":22}},"17":{"start":{"line":29,"column":23},"end":{"line":29,"column":32}},"18":{"start":{"line":30,"column":8},"end":{"line":32,"column":9}},"19":{"start":{"line":31,"column":12},"end":{"line":31,"column":37}},"20":{"start":{"line":33,"column":8},"end":{"line":33,"column":24}},"21":{"start":{"line":37,"column":23},"end":{"line":37,"column":38}},"22":{"start":{"line":38,"column":8},"end":{"line":48,"column":9}},"23":{"start":{"line":39,"column":12},"end":{"line":39,"column":51}},"24":{"start":{"line":40,"column":12},"end":{"line":40,"column":55}},"25":{"start":{"line":41,"column":12},"end":{"line":41,"column":33}},"26":{"start":{"line":42,"column":12},"end":{"line":42,"column":37}},"27":{"start":{"line":43,"column":12},"end":{"line":43,"column":24}},"28":{"start":{"line":45,"column":12},"end":{"line":45,"column":42}},"29":{"start":{"line":46,"column":12},"end":{"line":46,"column":37}},"30":{"start":{"line":47,"column":12},"end":{"line":47,"column":24}},"31":{"start":{"line":49,"column":8},"end":{"line":49,"column":21}},"32":{"start":{"line":53,"column":21},"end":{"line":53,"column":23}},"33":{"start":{"line":54,"column":23},"end":{"line":54,"column":32}},"34":{"start":{"line":55,"column":8},"end":{"line":58,"column":9}},"35":{"start":{"line":56,"column":12},"end":{"line":56,"column":47}},"36":{"start":{"line":57,"column":12},"end":{"line":57,"column":37}},"37":{"start":{"line":59,"column":8},"end":{"line":59,"column":22}},"38":{"start":{"line":63,"column":23},"end":{"line":63,"column":32}},"39":{"start":{"line":64,"column":8},"end":{"line":66,"column":9}},"40":{"start":{"line":65,"column":12},"end":{"line":65,"column":37}},"41":{"start":{"line":67,"column":8},"end":{"line":67,"column":24}},"42":{"start":{"line":71,"column":22},"end":{"line":71,"column":43}},"43":{"start":{"line":72,"column":22},"end":{"line":72,"column":37}},"44":{"start":{"line":73,"column":8},"end":{"line":73,"column":36}},"45":{"start":{"line":74,"column":8},"end":{"line":74,"column":35}},"46":{"start":{"line":75,"column":8},"end":{"line":75,"column":31}},"47":{"start":{"line":80,"column":0},"end":{"line":83,"column":2}}},"fnMap":{"0":{"name":"DNode","decl":{"start":{"line":2,"column":9},"end":{"line":2,"column":14}},"loc":{"start":{"line":2,"column":24},"end":{"line":6,"column":1}},"line":2},"1":{"name":"DLList","decl":{"start":{"line":8,"column":9},"end":{"line":8,"column":15}},"loc":{"start":{"line":8,"column":18},"end":{"line":77,"column":1}},"line":8},"2":{"name":"dispReverse","decl":{"start":{"line":17,"column":13},"end":{"line":17,"column":24}},"loc":{"start":{"line":17,"column":27},"end":{"line":26,"column":5}},"line":17},"3":{"name":"findLast","decl":{"start":{"line":28,"column":13},"end":{"line":28,"column":21}},"loc":{"start":{"line":28,"column":24},"end":{"line":34,"column":5}},"line":28},"4":{"name":"remove","decl":{"start":{"line":36,"column":13},"end":{"line":36,"column":19}},"loc":{"start":{"line":36,"column":26},"end":{"line":50,"column":5}},"line":36},"5":{"name":"display","decl":{"start":{"line":52,"column":13},"end":{"line":52,"column":20}},"loc":{"start":{"line":52,"column":23},"end":{"line":60,"column":5}},"line":52},"6":{"name":"find","decl":{"start":{"line":62,"column":13},"end":{"line":62,"column":17}},"loc":{"start":{"line":62,"column":24},"end":{"line":68,"column":5}},"line":62},"7":{"name":"insert","decl":{"start":{"line":70,"column":13},"end":{"line":70,"column":19}},"loc":{"start":{"line":70,"column":38},"end":{"line":76,"column":5}},"line":70}},"branchMap":{"0":{"loc":{"start":{"line":38,"column":8},"end":{"line":48,"column":9}},"type":"if","locations":[{"start":{"line":38,"column":8},"end":{"line":48,"column":9}},{"start":{"line":38,"column":8},"end":{"line":48,"column":9}}],"line":38}},"s":{"0":13,"1":13,"2":13,"3":5,"4":5,"5":5,"6":5,"7":5,"8":5,"9":5,"10":1,"11":1,"12":1,"13":1,"14":2,"15":2,"16":1,"17":2,"18":2,"19":4,"20":2,"21":1,"22":1,"23":0,"24":0,"25":0,"26":0,"27":0,"28":1,"29":1,"30":1,"31":0,"32":1,"33":1,"34":1,"35":1,"36":1,"37":1,"38":10,"39":10,"40":6,"41":10,"42":8,"43":8,"44":8,"45":8,"46":8,"47":1},"f":{"0":13,"1":5,"2":1,"3":2,"4":1,"5":1,"6":10,"7":8},"b":{"0":[0,1]},"_coverageSchema":"332fd63041d2c1bcb487cc26dd0d5f7d97098a6c","hash":"39771025a932686a7f818ce7bbff10eec8f441a1"}
,"E:\\study\\beer-util\\src\\ds\\hashTableOpen.js": {"path":"E:\\study\\beer-util\\src\\ds\\hashTableOpen.js","statementMap":{"0":{"start":{"line":5,"column":1},"end":{"line":5,"column":29}},"1":{"start":{"line":6,"column":1},"end":{"line":6,"column":30}},"2":{"start":{"line":7,"column":1},"end":{"line":7,"column":30}},"3":{"start":{"line":8,"column":1},"end":{"line":8,"column":30}},"4":{"start":{"line":9,"column":1},"end":{"line":9,"column":16}},"5":{"start":{"line":10,"column":1},"end":{"line":10,"column":16}},"6":{"start":{"line":12,"column":1},"end":{"line":14,"column":2}},"7":{"start":{"line":13,"column":2},"end":{"line":13,"column":30}},"8":{"start":{"line":17,"column":14},"end":{"line":17,"column":15}},"9":{"start":{"line":18,"column":2},"end":{"line":20,"column":3}},"10":{"start":{"line":19,"column":3},"end":{"line":19,"column":31}},"11":{"start":{"line":21,"column":2},"end":{"line":21,"column":35}},"12":{"start":{"line":25,"column":12},"end":{"line":25,"column":32}},"13":{"start":{"line":26,"column":14},"end":{"line":26,"column":15}},"14":{"start":{"line":27,"column":2},"end":{"line":34,"column":3}},"15":{"start":{"line":28,"column":3},"end":{"line":28,"column":33}},"16":{"start":{"line":30,"column":3},"end":{"line":32,"column":4}},"17":{"start":{"line":31,"column":4},"end":{"line":31,"column":12}},"18":{"start":{"line":33,"column":3},"end":{"line":33,"column":33}},"19":{"start":{"line":39,"column":14},"end":{"line":39,"column":15}},"20":{"start":{"line":40,"column":12},"end":{"line":40,"column":32}},"21":{"start":{"line":41,"column":2},"end":{"line":53,"column":3}},"22":{"start":{"line":42,"column":3},"end":{"line":42,"column":33}},"23":{"start":{"line":44,"column":3},"end":{"line":46,"column":4}},"24":{"start":{"line":45,"column":4},"end":{"line":45,"column":12}},"25":{"start":{"line":47,"column":3},"end":{"line":51,"column":4}},"26":{"start":{"line":48,"column":4},"end":{"line":48,"column":21}},"27":{"start":{"line":50,"column":4},"end":{"line":50,"column":34}},"28":{"start":{"line":57,"column":15},"end":{"line":57,"column":17}},"29":{"start":{"line":58,"column":2},"end":{"line":62,"column":3}},"30":{"start":{"line":59,"column":3},"end":{"line":61,"column":4}},"31":{"start":{"line":60,"column":4},"end":{"line":60,"column":31}},"32":{"start":{"line":63,"column":2},"end":{"line":63,"column":16}},"33":{"start":{"line":69,"column":12},"end":{"line":69,"column":14}},"34":{"start":{"line":70,"column":14},"end":{"line":70,"column":15}},"35":{"start":{"line":71,"column":2},"end":{"line":73,"column":3}},"36":{"start":{"line":72,"column":3},"end":{"line":72,"column":45}},"37":{"start":{"line":74,"column":2},"end":{"line":74,"column":36}},"38":{"start":{"line":75,"column":2},"end":{"line":77,"column":3}},"39":{"start":{"line":76,"column":3},"end":{"line":76,"column":34}},"40":{"start":{"line":78,"column":2},"end":{"line":78,"column":25}},"41":{"start":{"line":83,"column":0},"end":{"line":85,"column":2}}},"fnMap":{"0":{"name":"HashTableOpen","decl":{"start":{"line":3,"column":9},"end":{"line":3,"column":22}},"loc":{"start":{"line":3,"column":25},"end":{"line":81,"column":1}},"line":3},"1":{"name":"simpleHash","decl":{"start":{"line":16,"column":10},"end":{"line":16,"column":20}},"loc":{"start":{"line":16,"column":27},"end":{"line":22,"column":2}},"line":16},"2":{"name":"put","decl":{"start":{"line":24,"column":10},"end":{"line":24,"column":13}},"loc":{"start":{"line":24,"column":25},"end":{"line":36,"column":2}},"line":24},"3":{"name":"get","decl":{"start":{"line":38,"column":10},"end":{"line":38,"column":13}},"loc":{"start":{"line":38,"column":19},"end":{"line":54,"column":2}},"line":38},"4":{"name":"showDistro","decl":{"start":{"line":56,"column":10},"end":{"line":56,"column":20}},"loc":{"start":{"line":56,"column":23},"end":{"line":64,"column":2}},"line":56},"5":{"name":"betterHash","decl":{"start":{"line":68,"column":10},"end":{"line":68,"column":20}},"loc":{"start":{"line":68,"column":29},"end":{"line":79,"column":2}},"line":68}},"branchMap":{"0":{"loc":{"start":{"line":27,"column":2},"end":{"line":34,"column":3}},"type":"if","locations":[{"start":{"line":27,"column":2},"end":{"line":34,"column":3}},{"start":{"line":27,"column":2},"end":{"line":34,"column":3}}],"line":27},"1":{"loc":{"start":{"line":41,"column":2},"end":{"line":53,"column":3}},"type":"if","locations":[{"start":{"line":41,"column":2},"end":{"line":53,"column":3}},{"start":{"line":41,"column":2},"end":{"line":53,"column":3}}],"line":41},"2":{"loc":{"start":{"line":44,"column":10},"end":{"line":44,"column":78}},"type":"binary-expr","locations":[{"start":{"line":44,"column":10},"end":{"line":44,"column":45}},{"start":{"line":44,"column":49},"end":{"line":44,"column":78}}],"line":44},"3":{"loc":{"start":{"line":47,"column":3},"end":{"line":51,"column":4}},"type":"if","locations":[{"start":{"line":47,"column":3},"end":{"line":51,"column":4}},{"start":{"line":47,"column":3},"end":{"line":51,"column":4}}],"line":47},"4":{"loc":{"start":{"line":59,"column":3},"end":{"line":61,"column":4}},"type":"if","locations":[{"start":{"line":59,"column":3},"end":{"line":61,"column":4}},{"start":{"line":59,"column":3},"end":{"line":61,"column":4}}],"line":59},"5":{"loc":{"start":{"line":75,"column":2},"end":{"line":77,"column":3}},"type":"if","locations":[{"start":{"line":75,"column":2},"end":{"line":77,"column":3}},{"start":{"line":75,"column":2},"end":{"line":77,"column":3}}],"line":75}},"s":{"0":4,"1":4,"2":4,"3":4,"4":4,"5":4,"6":4,"7":548,"8":5,"9":5,"10":10,"11":5,"12":3,"13":3,"14":3,"15":3,"16":0,"17":0,"18":0,"19":1,"20":1,"21":1,"22":1,"23":0,"24":0,"25":0,"26":0,"27":0,"28":1,"29":1,"30":137,"31":2,"32":1,"33":1,"34":1,"35":1,"36":2,"37":1,"38":1,"39":0,"40":1,"41":1},"f":{"0":4,"1":5,"2":3,"3":1,"4":1,"5":1},"b":{"0":[3,0],"1":[1,0],"2":[0,0],"3":[0,0],"4":[2,135],"5":[0,1]},"_coverageSchema":"332fd63041d2c1bcb487cc26dd0d5f7d97098a6c","hash":"d88b1292d329a6b560ee5800fb45f774e3795588"}
,"E:\\study\\beer-util\\src\\ds\\hashTableSeq.js": {"path":"E:\\study\\beer-util\\src\\ds\\hashTableSeq.js","statementMap":{"0":{"start":{"line":6,"column":4},"end":{"line":6,"column":32}},"1":{"start":{"line":7,"column":4},"end":{"line":7,"column":33}},"2":{"start":{"line":8,"column":4},"end":{"line":8,"column":33}},"3":{"start":{"line":9,"column":4},"end":{"line":9,"column":33}},"4":{"start":{"line":10,"column":4},"end":{"line":10,"column":19}},"5":{"start":{"line":11,"column":4},"end":{"line":11,"column":19}},"6":{"start":{"line":12,"column":4},"end":{"line":12,"column":21}},"7":{"start":{"line":15,"column":14},"end":{"line":15,"column":15}},"8":{"start":{"line":16,"column":2},"end":{"line":18,"column":3}},"9":{"start":{"line":17,"column":3},"end":{"line":17,"column":31}},"10":{"start":{"line":19,"column":2},"end":{"line":19,"column":35}},"11":{"start":{"line":23,"column":12},"end":{"line":23,"column":32}},"12":{"start":{"line":24,"column":2},"end":{"line":33,"column":9}},"13":{"start":{"line":25,"column":12},"end":{"line":25,"column":34}},"14":{"start":{"line":26,"column":12},"end":{"line":26,"column":36}},"15":{"start":{"line":28,"column":12},"end":{"line":30,"column":13}},"16":{"start":{"line":29,"column":16},"end":{"line":29,"column":22}},"17":{"start":{"line":31,"column":12},"end":{"line":31,"column":34}},"18":{"start":{"line":32,"column":12},"end":{"line":32,"column":36}},"19":{"start":{"line":37,"column":19},"end":{"line":37,"column":21}},"20":{"start":{"line":38,"column":8},"end":{"line":38,"column":36}},"21":{"start":{"line":39,"column":8},"end":{"line":45,"column":9}},"22":{"start":{"line":40,"column":12},"end":{"line":44,"column":13}},"23":{"start":{"line":41,"column":16},"end":{"line":43,"column":17}},"24":{"start":{"line":42,"column":20},"end":{"line":42,"column":45}},"25":{"start":{"line":46,"column":8},"end":{"line":46,"column":25}},"26":{"start":{"line":50,"column":21},"end":{"line":50,"column":23}},"27":{"start":{"line":51,"column":2},"end":{"line":55,"column":9}},"28":{"start":{"line":52,"column":3},"end":{"line":54,"column":4}},"29":{"start":{"line":53,"column":4},"end":{"line":53,"column":32}},"30":{"start":{"line":56,"column":8},"end":{"line":56,"column":22}},"31":{"start":{"line":60,"column":18},"end":{"line":60,"column":20}},"32":{"start":{"line":61,"column":20},"end":{"line":61,"column":21}},"33":{"start":{"line":62,"column":8},"end":{"line":64,"column":9}},"34":{"start":{"line":63,"column":12},"end":{"line":63,"column":54}},"35":{"start":{"line":65,"column":8},"end":{"line":65,"column":42}},"36":{"start":{"line":66,"column":8},"end":{"line":68,"column":9}},"37":{"start":{"line":67,"column":12},"end":{"line":67,"column":43}},"38":{"start":{"line":69,"column":8},"end":{"line":69,"column":31}},"39":{"start":{"line":74,"column":0},"end":{"line":76,"column":2}}},"fnMap":{"0":{"name":"HashTableSeq","decl":{"start":{"line":4,"column":9},"end":{"line":4,"column":21}},"loc":{"start":{"line":4,"column":24},"end":{"line":72,"column":1}},"line":4},"1":{"name":"simpleHash","decl":{"start":{"line":14,"column":10},"end":{"line":14,"column":20}},"loc":{"start":{"line":14,"column":27},"end":{"line":20,"column":5}},"line":14},"2":{"name":"put","decl":{"start":{"line":22,"column":10},"end":{"line":22,"column":13}},"loc":{"start":{"line":22,"column":25},"end":{"line":34,"column":5}},"line":22},"3":{"name":"get","decl":{"start":{"line":36,"column":10},"end":{"line":36,"column":13}},"loc":{"start":{"line":36,"column":19},"end":{"line":47,"column":5}},"line":36},"4":{"name":"showDistro","decl":{"start":{"line":49,"column":10},"end":{"line":49,"column":20}},"loc":{"start":{"line":49,"column":22},"end":{"line":57,"column":5}},"line":49},"5":{"name":"betterHash","decl":{"start":{"line":59,"column":13},"end":{"line":59,"column":23}},"loc":{"start":{"line":59,"column":32},"end":{"line":70,"column":5}},"line":59}},"branchMap":{"0":{"loc":{"start":{"line":24,"column":2},"end":{"line":33,"column":9}},"type":"if","locations":[{"start":{"line":24,"column":2},"end":{"line":33,"column":9}},{"start":{"line":24,"column":2},"end":{"line":33,"column":9}}],"line":24},"1":{"loc":{"start":{"line":39,"column":8},"end":{"line":45,"column":9}},"type":"if","locations":[{"start":{"line":39,"column":8},"end":{"line":45,"column":9}},{"start":{"line":39,"column":8},"end":{"line":45,"column":9}}],"line":39},"2":{"loc":{"start":{"line":41,"column":16},"end":{"line":43,"column":17}},"type":"if","locations":[{"start":{"line":41,"column":16},"end":{"line":43,"column":17}},{"start":{"line":41,"column":16},"end":{"line":43,"column":17}}],"line":41},"3":{"loc":{"start":{"line":52,"column":3},"end":{"line":54,"column":4}},"type":"if","locations":[{"start":{"line":52,"column":3},"end":{"line":54,"column":4}},{"start":{"line":52,"column":3},"end":{"line":54,"column":4}}],"line":52},"4":{"loc":{"start":{"line":66,"column":8},"end":{"line":68,"column":9}},"type":"if","locations":[{"start":{"line":66,"column":8},"end":{"line":68,"column":9}},{"start":{"line":66,"column":8},"end":{"line":68,"column":9}}],"line":66}},"s":{"0":4,"1":4,"2":4,"3":4,"4":4,"5":4,"6":4,"7":1,"8":1,"9":2,"10":1,"11":3,"12":3,"13":3,"14":3,"15":0,"16":0,"17":0,"18":0,"19":1,"20":1,"21":1,"22":1,"23":1,"24":1,"25":0,"26":1,"27":1,"28":137,"29":2,"30":1,"31":5,"32":5,"33":5,"34":10,"35":5,"36":5,"37":0,"38":5,"39":1},"f":{"0":4,"1":1,"2":3,"3":1,"4":1,"5":5},"b":{"0":[3,0],"1":[1,0],"2":[1,0],"3":[2,135],"4":[0,5]},"_coverageSchema":"332fd63041d2c1bcb487cc26dd0d5f7d97098a6c","hash":"bc3e8215f9966b1b9ea210f73e009d2719eb8a40"}
,"E:\\study\\beer-util\\src\\ds\\index.js": {"path":"E:\\study\\beer-util\\src\\ds\\index.js","statementMap":{"0":{"start":{"line":3,"column":10},"end":{"line":3,"column":0}},"1":{"start":{"line":4,"column":23},"end":{"line":4,"column":0}},"2":{"start":{"line":5,"column":17},"end":{"line":5,"column":0}},"3":{"start":{"line":6,"column":23},"end":{"line":6,"column":0}},"4":{"start":{"line":7,"column":12},"end":{"line":7,"column":0}},"5":{"start":{"line":8,"column":20},"end":{"line":8,"column":0}},"6":{"start":{"line":9,"column":19},"end":{"line":9,"column":0}},"7":{"start":{"line":10,"column":17},"end":{"line":10,"column":0}},"8":{"start":{"line":11,"column":11},"end":{"line":11,"column":0}},"9":{"start":{"line":12,"column":12},"end":{"line":12,"column":0}},"10":{"start":{"line":13,"column":13},"end":{"line":13,"column":0}},"11":{"start":{"line":14,"column":10},"end":{"line":14,"column":0}},"12":{"start":{"line":15,"column":11},"end":{"line":15,"column":0}},"13":{"start":{"line":16,"column":12},"end":{"line":16,"column":0}},"14":{"start":{"line":18,"column":0},"end":{"line":null,"column":-1}}},"fnMap":{},"branchMap":{},"s":{"0":0,"1":0,"2":0,"3":0,"4":0,"5":0,"6":0,"7":0,"8":0,"9":0,"10":0,"11":0,"12":0,"13":0,"14":0},"f":{},"b":{}}
,"E:\\study\\beer-util\\src\\ds\\linkedList.js": {"path":"E:\\study\\beer-util\\src\\ds\\linkedList.js","statementMap":{"0":{"start":{"line":3,"column":4},"end":{"line":3,"column":27}},"1":{"start":{"line":4,"column":4},"end":{"line":4,"column":21}},"2":{"start":{"line":8,"column":4},"end":{"line":8,"column":33}},"3":{"start":{"line":9,"column":4},"end":{"line":9,"column":21}},"4":{"start":{"line":10,"column":4},"end":{"line":10,"column":25}},"5":{"start":{"line":11,"column":4},"end":{"line":11,"column":25}},"6":{"start":{"line":12,"column":4},"end":{"line":12,"column":27}},"7":{"start":{"line":13,"column":4},"end":{"line":13,"column":37}},"8":{"start":{"line":16,"column":23},"end":{"line":16,"column":32}},"9":{"start":{"line":17,"column":8},"end":{"line":19,"column":9}},"10":{"start":{"line":18,"column":12},"end":{"line":18,"column":37}},"11":{"start":{"line":20,"column":8},"end":{"line":20,"column":24}},"12":{"start":{"line":23,"column":22},"end":{"line":23,"column":42}},"13":{"start":{"line":24,"column":22},"end":{"line":24,"column":37}},"14":{"start":{"line":25,"column":8},"end":{"line":25,"column":36}},"15":{"start":{"line":26,"column":8},"end":{"line":26,"column":31}},"16":{"start":{"line":29,"column":21},"end":{"line":29,"column":23}},"17":{"start":{"line":30,"column":23},"end":{"line":30,"column":32}},"18":{"start":{"line":31,"column":8},"end":{"line":34,"column":9}},"19":{"start":{"line":32,"column":12},"end":{"line":32,"column":47}},"20":{"start":{"line":33,"column":12},"end":{"line":33,"column":37}},"21":{"start":{"line":35,"column":8},"end":{"line":35,"column":22}},"22":{"start":{"line":38,"column":23},"end":{"line":38,"column":32}},"23":{"start":{"line":39,"column":8},"end":{"line":41,"column":9}},"24":{"start":{"line":40,"column":12},"end":{"line":40,"column":37}},"25":{"start":{"line":42,"column":8},"end":{"line":42,"column":24}},"26":{"start":{"line":45,"column":23},"end":{"line":45,"column":46}},"27":{"start":{"line":46,"column":8},"end":{"line":49,"column":9}},"28":{"start":{"line":47,"column":12},"end":{"line":47,"column":47}},"29":{"start":{"line":48,"column":12},"end":{"line":48,"column":24}},"30":{"start":{"line":50,"column":8},"end":{"line":50,"column":21}},"31":{"start":{"line":54,"column":0},"end":{"line":57,"column":2}}},"fnMap":{"0":{"name":"Node","decl":{"start":{"line":2,"column":9},"end":{"line":2,"column":13}},"loc":{"start":{"line":2,"column":23},"end":{"line":5,"column":1}},"line":2},"1":{"name":"LList","decl":{"start":{"line":7,"column":9},"end":{"line":7,"column":14}},"loc":{"start":{"line":7,"column":17},"end":{"line":52,"column":1}},"line":7},"2":{"name":"find","decl":{"start":{"line":15,"column":13},"end":{"line":15,"column":17}},"loc":{"start":{"line":15,"column":24},"end":{"line":21,"column":5}},"line":15},"3":{"name":"insert","decl":{"start":{"line":22,"column":13},"end":{"line":22,"column":19}},"loc":{"start":{"line":22,"column":38},"end":{"line":27,"column":5}},"line":22},"4":{"name":"display","decl":{"start":{"line":28,"column":13},"end":{"line":28,"column":20}},"loc":{"start":{"line":28,"column":23},"end":{"line":36,"column":5}},"line":28},"5":{"name":"findPrevious","decl":{"start":{"line":37,"column":13},"end":{"line":37,"column":25}},"loc":{"start":{"line":37,"column":32},"end":{"line":43,"column":5}},"line":37},"6":{"name":"remove","decl":{"start":{"line":44,"column":13},"end":{"line":44,"column":19}},"loc":{"start":{"line":44,"column":26},"end":{"line":51,"column":5}},"line":44}},"branchMap":{"0":{"loc":{"start":{"line":39,"column":15},"end":{"line":39,"column":73}},"type":"binary-expr","locations":[{"start":{"line":39,"column":16},"end":{"line":39,"column":37}},{"start":{"line":39,"column":43},"end":{"line":39,"column":72}}],"line":39},"1":{"loc":{"start":{"line":46,"column":8},"end":{"line":49,"column":9}},"type":"if","locations":[{"start":{"line":46,"column":8},"end":{"line":49,"column":9}},{"start":{"line":46,"column":8},"end":{"line":49,"column":9}}],"line":46}},"s":{"0":10,"1":10,"2":4,"3":4,"4":4,"5":4,"6":4,"7":4,"8":7,"9":7,"10":3,"11":7,"12":6,"13":6,"14":6,"15":6,"16":1,"17":1,"18":1,"19":1,"20":1,"21":1,"22":2,"23":2,"24":2,"25":2,"26":1,"27":1,"28":1,"29":1,"30":0,"31":1},"f":{"0":10,"1":4,"2":7,"3":6,"4":1,"5":2,"6":1},"b":{"0":[4,4],"1":[1,0]},"_coverageSchema":"332fd63041d2c1bcb487cc26dd0d5f7d97098a6c","hash":"1972a10eeed99edde59a8fbc70894d9d517b91c3"}
,"E:\\study\\beer-util\\src\\ds\\list.js": {"path":"E:\\study\\beer-util\\src\\ds\\list.js","statementMap":{"0":{"start":{"line":3,"column":4},"end":{"line":3,"column":22}},"1":{"start":{"line":4,"column":4},"end":{"line":4,"column":17}},"2":{"start":{"line":5,"column":4},"end":{"line":5,"column":24}},"3":{"start":{"line":6,"column":4},"end":{"line":6,"column":23}},"4":{"start":{"line":7,"column":4},"end":{"line":7,"column":21}},"5":{"start":{"line":8,"column":4},"end":{"line":8,"column":29}},"6":{"start":{"line":9,"column":4},"end":{"line":9,"column":25}},"7":{"start":{"line":10,"column":4},"end":{"line":10,"column":25}},"8":{"start":{"line":11,"column":4},"end":{"line":11,"column":25}},"9":{"start":{"line":12,"column":4},"end":{"line":12,"column":23}},"10":{"start":{"line":13,"column":4},"end":{"line":13,"column":19}},"11":{"start":{"line":14,"column":4},"end":{"line":14,"column":21}},"12":{"start":{"line":15,"column":4},"end":{"line":15,"column":21}},"13":{"start":{"line":16,"column":4},"end":{"line":16,"column":25}},"14":{"start":{"line":17,"column":4},"end":{"line":17,"column":27}},"15":{"start":{"line":18,"column":4},"end":{"line":18,"column":25}},"16":{"start":{"line":19,"column":4},"end":{"line":19,"column":33}},"17":{"start":{"line":20,"column":4},"end":{"line":20,"column":25}},"18":{"start":{"line":21,"column":4},"end":{"line":21,"column":29}},"19":{"start":{"line":23,"column":8},"end":{"line":23,"column":50}},"20":{"start":{"line":26,"column":8},"end":{"line":30,"column":9}},"21":{"start":{"line":27,"column":12},"end":{"line":29,"column":13}},"22":{"start":{"line":28,"column":16},"end":{"line":28,"column":25}},"23":{"start":{"line":31,"column":8},"end":{"line":31,"column":18}},"24":{"start":{"line":34,"column":22},"end":{"line":34,"column":40}},"25":{"start":{"line":35,"column":8},"end":{"line":39,"column":9}},"26":{"start":{"line":36,"column":12},"end":{"line":36,"column":45}},"27":{"start":{"line":37,"column":12},"end":{"line":37,"column":28}},"28":{"start":{"line":38,"column":12},"end":{"line":38,"column":24}},"29":{"start":{"line":40,"column":8},"end":{"line":40,"column":21}},"30":{"start":{"line":43,"column":8},"end":{"line":43,"column":29}},"31":{"start":{"line":46,"column":8},"end":{"line":46,"column":30}},"32":{"start":{"line":50,"column":24},"end":{"line":50,"column":40}},"33":{"start":{"line":51,"column":8},"end":{"line":55,"column":9}},"34":{"start":{"line":52,"column":12},"end":{"line":52,"column":59}},"35":{"start":{"line":53,"column":12},"end":{"line":53,"column":28}},"36":{"start":{"line":54,"column":12},"end":{"line":54,"column":24}},"37":{"start":{"line":56,"column":8},"end":{"line":56,"column":21}},"38":{"start":{"line":60,"column":8},"end":{"line":60,"column":30}},"39":{"start":{"line":61,"column":8},"end":{"line":61,"column":28}},"40":{"start":{"line":62,"column":8},"end":{"line":62,"column":37}},"41":{"start":{"line":66,"column":8},"end":{"line":66,"column":27}},"42":{"start":{"line":67,"column":8},"end":{"line":67,"column":42}},"43":{"start":{"line":71,"column":8},"end":{"line":71,"column":21}},"44":{"start":{"line":75,"column":8},"end":{"line":75,"column":37}},"45":{"start":{"line":79,"column":8},"end":{"line":81,"column":9}},"46":{"start":{"line":80,"column":12},"end":{"line":80,"column":23}},"47":{"start":{"line":85,"column":8},"end":{"line":87,"column":9}},"48":{"start":{"line":86,"column":12},"end":{"line":86,"column":23}},"49":{"start":{"line":91,"column":8},"end":{"line":91,"column":24}},"50":{"start":{"line":95,"column":8},"end":{"line":95,"column":28}},"51":{"start":{"line":99,"column":8},"end":{"line":99,"column":40}},"52":{"start":{"line":103,"column":0},"end":{"line":105,"column":2}}},"fnMap":{"0":{"name":"List","decl":{"start":{"line":2,"column":9},"end":{"line":2,"column":13}},"loc":{"start":{"line":2,"column":16},"end":{"line":102,"column":1}},"line":2},"1":{"name":"append","decl":{"start":{"line":22,"column":13},"end":{"line":22,"column":19}},"loc":{"start":{"line":22,"column":29},"end":{"line":24,"column":5}},"line":22},"2":{"name":"find","decl":{"start":{"line":25,"column":13},"end":{"line":25,"column":17}},"loc":{"start":{"line":25,"column":27},"end":{"line":32,"column":5}},"line":25},"3":{"name":"remove","decl":{"start":{"line":33,"column":13},"end":{"line":33,"column":19}},"loc":{"start":{"line":33,"column":29},"end":{"line":41,"column":5}},"line":33},"4":{"name":"length","decl":{"start":{"line":42,"column":13},"end":{"line":42,"column":19}},"loc":{"start":{"line":42,"column":22},"end":{"line":44,"column":5}},"line":42},"5":{"name":"toString","decl":{"start":{"line":45,"column":13},"end":{"line":45,"column":21}},"loc":{"start":{"line":45,"column":24},"end":{"line":47,"column":5}},"line":45},"6":{"name":"insert","decl":{"start":{"line":49,"column":13},"end":{"line":49,"column":19}},"loc":{"start":{"line":49,"column":35},"end":{"line":57,"column":5}},"line":49},"7":{"name":"clear","decl":{"start":{"line":59,"column":13},"end":{"line":59,"column":18}},"loc":{"start":{"line":59,"column":21},"end":{"line":63,"column":5}},"line":59},"8":{"name":"contains","decl":{"start":{"line":65,"column":13},"end":{"line":65,"column":21}},"loc":{"start":{"line":65,"column":31},"end":{"line":68,"column":5}},"line":65},"9":{"name":"front","decl":{"start":{"line":70,"column":13},"end":{"line":70,"column":18}},"loc":{"start":{"line":70,"column":21},"end":{"line":72,"column":5}},"line":70},"10":{"name":"end","decl":{"start":{"line":74,"column":13},"end":{"line":74,"column":16}},"loc":{"start":{"line":74,"column":19},"end":{"line":76,"column":5}},"line":74},"11":{"name":"prev","decl":{"start":{"line":78,"column":13},"end":{"line":78,"column":17}},"loc":{"start":{"line":78,"column":20},"end":{"line":82,"column":5}},"line":78},"12":{"name":"next","decl":{"start":{"line":84,"column":13},"end":{"line":84,"column":17}},"loc":{"start":{"line":84,"column":20},"end":{"line":88,"column":5}},"line":84},"13":{"name":"currPos","decl":{"start":{"line":90,"column":13},"end":{"line":90,"column":20}},"loc":{"start":{"line":90,"column":23},"end":{"line":92,"column":5}},"line":90},"14":{"name":"moveTo","decl":{"start":{"line":94,"column":13},"end":{"line":94,"column":19}},"loc":{"start":{"line":94,"column":30},"end":{"line":96,"column":5}},"line":94},"15":{"name":"getElement","decl":{"start":{"line":98,"column":13},"end":{"line":98,"column":23}},"loc":{"start":{"line":98,"column":26},"end":{"line":100,"column":5}},"line":98}},"branchMap":{"0":{"loc":{"start":{"line":27,"column":12},"end":{"line":29,"column":13}},"type":"if","locations":[{"start":{"line":27,"column":12},"end":{"line":29,"column":13}},{"start":{"line":27,"column":12},"end":{"line":29,"column":13}}],"line":27},"1":{"loc":{"start":{"line":35,"column":8},"end":{"line":39,"column":9}},"type":"if","locations":[{"start":{"line":35,"column":8},"end":{"line":39,"column":9}},{"start":{"line":35,"column":8},"end":{"line":39,"column":9}}],"line":35},"2":{"loc":{"start":{"line":51,"column":8},"end":{"line":55,"column":9}},"type":"if","locations":[{"start":{"line":51,"column":8},"end":{"line":55,"column":9}},{"start":{"line":51,"column":8},"end":{"line":55,"column":9}}],"line":51},"3":{"loc":{"start":{"line":67,"column":15},"end":{"line":67,"column":41}},"type":"cond-expr","locations":[{"start":{"line":67,"column":30},"end":{"line":67,"column":34}},{"start":{"line":67,"column":36},"end":{"line":67,"column":41}}],"line":67},"4":{"loc":{"start":{"line":79,"column":8},"end":{"line":81,"column":9}},"type":"if","locations":[{"start":{"line":79,"column":8},"end":{"line":81,"column":9}},{"start":{"line":79,"column":8},"end":{"line":81,"column":9}}],"line":79},"5":{"loc":{"start":{"line":85,"column":8},"end":{"line":87,"column":9}},"type":"if","locations":[{"start":{"line":85,"column":8},"end":{"line":87,"column":9}},{"start":{"line":85,"column":8},"end":{"line":87,"column":9}}],"line":85}},"s":{"0":17,"1":17,"2":17,"3":17,"4":17,"5":17,"6":17,"7":17,"8":17,"9":17,"10":17,"11":17,"12":17,"13":17,"14":17,"15":17,"16":17,"17":17,"18":17,"19":23,"20":6,"21":6,"22":4,"23":2,"24":2,"25":2,"26":1,"27":1,"28":1,"29":1,"30":3,"31":1,"32":2,"33":2,"34":1,"35":1,"36":1,"37":1,"38":1,"39":1,"40":1,"41":1,"42":1,"43":1,"44":1,"45":1,"46":1,"47":2,"48":2,"49":6,"50":3,"51":1,"52":1},"f":{"0":17,"1":23,"2":6,"3":2,"4":3,"5":1,"6":2,"7":1,"8":1,"9":1,"10":1,"11":1,"12":2,"13":6,"14":3,"15":1},"b":{"0":[4,2],"1":[1,1],"2":[1,1],"3":[1,0],"4":[1,0],"5":[2,0]},"_coverageSchema":"332fd63041d2c1bcb487cc26dd0d5f7d97098a6c","hash":"95dd9c10667f3566a77dda543a3339c5174a325a"}
,"E:\\study\\beer-util\\src\\ds\\queue.js": {"path":"E:\\study\\beer-util\\src\\ds\\queue.js","statementMap":{"0":{"start":{"line":3,"column":4},"end":{"line":3,"column":24}},"1":{"start":{"line":4,"column":4},"end":{"line":4,"column":27}},"2":{"start":{"line":5,"column":4},"end":{"line":5,"column":27}},"3":{"start":{"line":6,"column":4},"end":{"line":6,"column":23}},"4":{"start":{"line":7,"column":4},"end":{"line":7,"column":21}},"5":{"start":{"line":8,"column":4},"end":{"line":8,"column":29}},"6":{"start":{"line":9,"column":4},"end":{"line":9,"column":23}},"7":{"start":{"line":12,"column":8},"end":{"line":12,"column":37}},"8":{"start":{"line":16,"column":8},"end":{"line":16,"column":38}},"9":{"start":{"line":20,"column":8},"end":{"line":20,"column":33}},"10":{"start":{"line":24,"column":8},"end":{"line":24,"column":57}},"11":{"start":{"line":28,"column":21},"end":{"line":28,"column":23}},"12":{"start":{"line":29,"column":8},"end":{"line":31,"column":9}},"13":{"start":{"line":30,"column":12},"end":{"line":30,"column":47}},"14":{"start":{"line":32,"column":8},"end":{"line":32,"column":22}},"15":{"start":{"line":36,"column":8},"end":{"line":40,"column":9}},"16":{"start":{"line":37,"column":12},"end":{"line":37,"column":24}},"17":{"start":{"line":39,"column":12},"end":{"line":39,"column":25}},"18":{"start":{"line":44,"column":0},"end":{"line":46,"column":2}}},"fnMap":{"0":{"name":"Queue","decl":{"start":{"line":2,"column":9},"end":{"line":2,"column":14}},"loc":{"start":{"line":2,"column":17},"end":{"line":42,"column":1}},"line":2},"1":{"name":"enqueue","decl":{"start":{"line":11,"column":13},"end":{"line":11,"column":20}},"loc":{"start":{"line":11,"column":30},"end":{"line":13,"column":5}},"line":11},"2":{"name":"dequeue","decl":{"start":{"line":15,"column":14},"end":{"line":15,"column":21}},"loc":{"start":{"line":15,"column":24},"end":{"line":17,"column":5}},"line":15},"3":{"name":"front","decl":{"start":{"line":19,"column":13},"end":{"line":19,"column":18}},"loc":{"start":{"line":19,"column":21},"end":{"line":21,"column":5}},"line":19},"4":{"name":"back","decl":{"start":{"line":23,"column":13},"end":{"line":23,"column":17}},"loc":{"start":{"line":23,"column":20},"end":{"line":25,"column":5}},"line":23},"5":{"name":"toString","decl":{"start":{"line":27,"column":13},"end":{"line":27,"column":21}},"loc":{"start":{"line":27,"column":24},"end":{"line":33,"column":5}},"line":27},"6":{"name":"empty","decl":{"start":{"line":35,"column":13},"end":{"line":35,"column":18}},"loc":{"start":{"line":35,"column":21},"end":{"line":41,"column":5}},"line":35}},"branchMap":{"0":{"loc":{"start":{"line":36,"column":8},"end":{"line":40,"column":9}},"type":"if","locations":[{"start":{"line":36,"column":8},"end":{"line":40,"column":9}},{"start":{"line":36,"column":8},"end":{"line":40,"column":9}}],"line":36}},"s":{"0":7,"1":7,"2":7,"3":7,"4":7,"5":7,"6":7,"7":9,"8":1,"9":1,"10":1,"11":1,"12":1,"13":1,"14":1,"15":2,"16":1,"17":1,"18":1},"f":{"0":7,"1":9,"2":1,"3":1,"4":1,"5":1,"6":2},"b":{"0":[1,1]},"_coverageSchema":"332fd63041d2c1bcb487cc26dd0d5f7d97098a6c","hash":"22e0d70c82f272a93c248dc2aeab5ca2b9054584"}
,"E:\\study\\beer-util\\src\\ds\\search.js": {"path":"E:\\study\\beer-util\\src\\ds\\search.js","statementMap":{"0":{"start":{"line":3,"column":4},"end":{"line":7,"column":5}},"1":{"start":{"line":4,"column":8},"end":{"line":6,"column":9}},"2":{"start":{"line":5,"column":12},"end":{"line":null,"column":-1}},"3":{"start":{"line":8,"column":4},"end":{"line":null,"column":-1}},"4":{"start":{"line":13,"column":4},"end":{"line":21,"column":5}},"5":{"start":{"line":14,"column":8},"end":{"line":20,"column":9}},"6":{"start":{"line":15,"column":12},"end":{"line":null,"column":-1}},"7":{"start":{"line":16,"column":12},"end":{"line":null,"column":-1}},"8":{"start":{"line":18,"column":13},"end":{"line":20,"column":9}},"9":{"start":{"line":19,"column":12},"end":{"line":null,"column":-1}},"10":{"start":{"line":22,"column":4},"end":{"line":null,"column":-1}},"11":{"start":{"line":27,"column":15},"end":{"line":27,"column":4}},"12":{"start":{"line":28,"column":4},"end":{"line":null,"column":-1}},"13":{"start":{"line":29,"column":4},"end":{"line":null,"column":-1}},"14":{"start":{"line":34,"column":21},"end":{"line":34,"column":4}},"15":{"start":{"line":35,"column":21},"end":{"line":35,"column":4}},"16":{"start":{"line":36,"column":4},"end":{"line":45,"column":5}},"17":{"start":{"line":37,"column":18},"end":{"line":37,"column":8}},"18":{"start":{"line":38,"column":8},"end":{"line":44,"column":9}},"19":{"start":{"line":39,"column":12},"end":{"line":null,"column":-1}},"20":{"start":{"line":40,"column":15},"end":{"line":44,"column":9}},"21":{"start":{"line":41,"column":12},"end":{"line":null,"column":-1}},"22":{"start":{"line":43,"column":12},"end":{"line":null,"column":-1}},"23":{"start":{"line":46,"column":4},"end":{"line":null,"column":-1}},"24":{"start":{"line":51,"column":14},"end":{"line":51,"column":4}},"25":{"start":{"line":53,"column":4},"end":{"line":55,"column":5}},"26":{"start":{"line":54,"column":8},"end":{"line":null,"column":-1}},"27":{"start":{"line":57,"column":17},"end":{"line":57,"column":4}},"28":{"start":{"line":59,"column":4},"end":{"line":67,"column":5}},"29":{"start":{"line":61,"column":8},"end":{"line":null,"column":-1}},"30":{"start":{"line":62,"column":11},"end":{"line":67,"column":5}},"31":{"start":{"line":64,"column":8},"end":{"line":null,"column":-1}},"32":{"start":{"line":66,"column":8},"end":{"line":null,"column":-1}},"33":{"start":{"line":72,"column":16},"end":{"line":72,"column":4}},"34":{"start":{"line":73,"column":19},"end":{"line":73,"column":4}},"35":{"start":{"line":74,"column":4},"end":{"line":92,"column":5}},"36":{"start":{"line":75,"column":8},"end":{"line":null,"column":-1}},"37":{"start":{"line":76,"column":8},"end":{"line":83,"column":9}},"38":{"start":{"line":77,"column":12},"end":{"line":82,"column":13}},"39":{"start":{"line":78,"column":16},"end":{"line":null,"column":-1}},"40":{"start":{"line":81,"column":16},"end":{"line":null,"column":-1}},"41":{"start":{"line":84,"column":8},"end":{"line":91,"column":9}},"42":{"start":{"line":85,"column":12},"end":{"line":90,"column":13}},"43":{"start":{"line":86,"column":16},"end":{"line":null,"column":-1}},"44":{"start":{"line":89,"column":16},"end":{"line":null,"column":-1}},"45":{"start":{"line":93,"column":4},"end":{"line":null,"column":-1}},"46":{"start":{"line":97,"column":0},"end":{"line":null,"column":-1}}},"fnMap":{"0":{"name":"seqSearch","decl":{"start":{"line":2,"column":9},"end":{"line":2,"column":0}},"loc":{"start":{"line":2,"column":30},"end":{"line":9,"column":1}}},"1":{"name":"seqSearchByData","decl":{"start":{"line":12,"column":9},"end":{"line":12,"column":0}},"loc":{"start":{"line":12,"column":36},"end":{"line":24,"column":1}}},"2":{"name":"swap","decl":{"start":{"line":26,"column":9},"end":{"line":26,"column":0}},"loc":{"start":{"line":26,"column":34},"end":{"line":30,"column":1}}},"3":{"name":"binSearch","decl":{"start":{"line":33,"column":9},"end":{"line":33,"column":0}},"loc":{"start":{"line":33,"column":30},"end":{"line":47,"column":1}}},"4":{"name":"binarySearchRecusion","decl":{"start":{"line":50,"column":9},"end":{"line":
[...]
,"E:\\study\\beer-util\\src\\ds\\sort.js": {"path":"E:\\study\\beer-util\\src\\ds\\sort.js","statementMap":{"0":{"start":{"line":3,"column":4},"end":{"line":null,"column":-1}},"1":{"start":{"line":4,"column":4},"end":{"line":null,"column":-1}},"2":{"start":{"line":5,"column":4},"end":{"line":null,"column":-1}},"3":{"start":{"line":6,"column":4},"end":{"line":null,"column":-1}},"4":{"start":{"line":7,"column":4},"end":{"line":null,"column":-1}},"5":{"start":{"line":8,"column":4},"end":{"line":null,"column":-1}},"6":{"start":{"line":9,"column":4},"end":{"line":null,"column":-1}},"7":{"start":{"line":11,"column":4},"end":{"line":13,"column":5}},"8":{"start":{"line":12,"column":8},"end":{"line":null,"column":-1}},"9":{"start":{"line":16,"column":8},"end":{"line":18,"column":9}},"10":{"start":{"line":17,"column":12},"end":{"line":null,"column":-1}},"11":{"start":{"line":22,"column":8},"end":{"line":24,"column":9}},"12":{"start":{"line":23,"column":12},"end":{"line":null,"column":-1}},"13":{"start":{"line":28,"column":8},"end":{"line":null,"column":-1}},"14":{"start":{"line":32,"column":21},"end":{"line":32,"column":8}},"15":{"start":{"line":33,"column":8},"end":{"line":38,"column":9}},"16":{"start":{"line":34,"column":12},"end":{"line":null,"column":-1}},"17":{"start":{"line":35,"column":12},"end":{"line":37,"column":13}},"18":{"start":{"line":36,"column":16},"end":{"line":null,"column":-1}},"19":{"start":{"line":39,"column":8},"end":{"line":null,"column":-1}},"20":{"start":{"line":44,"column":15},"end":{"line":44,"column":4}},"21":{"start":{"line":45,"column":4},"end":{"line":null,"column":-1}},"22":{"start":{"line":46,"column":4},"end":{"line":null,"column":-1}},"23":{"start":{"line":50,"column":22},"end":{"line":50,"column":4}},"24":{"start":{"line":51,"column":4},"end":{"line":57,"column":5}},"25":{"start":{"line":52,"column":8},"end":{"line":56,"column":9}},"26":{"start":{"line":53,"column":12},"end":{"line":55,"column":13}},"27":{"start":{"line":54,"column":16},"end":{"line":null,"column":-1}},"28":{"start":{"line":58,"column":4},"end":{"line":null,"column":-1}},"29":{"start":{"line":63,"column":4},"end":{"line":71,"column":5}},"30":{"start":{"line":64,"column":8},"end":{"line":null,"column":-1}},"31":{"start":{"line":65,"column":8},"end":{"line":69,"column":9}},"32":{"start":{"line":66,"column":12},"end":{"line":68,"column":13}},"33":{"start":{"line":67,"column":16},"end":{"line":null,"column":-1}},"34":{"start":{"line":70,"column":8},"end":{"line":null,"column":-1}},"35":{"start":{"line":72,"column":4},"end":{"line":null,"column":-1}},"36":{"start":{"line":77,"column":4},"end":{"line":85,"column":5}},"37":{"start":{"line":78,"column":8},"end":{"line":null,"column":-1}},"38":{"start":{"line":79,"column":8},"end":{"line":null,"column":-1}},"39":{"start":{"line":80,"column":8},"end":{"line":83,"column":9}},"40":{"start":{"line":81,"column":12},"end":{"line":null,"column":-1}},"41":{"start":{"line":82,"column":12},"end":{"line":null,"column":-1}},"42":{"start":{"line":84,"column":8},"end":{"line":null,"column":-1}},"43":{"start":{"line":86,"column":4},"end":{"line":null,"column":-1}},"44":{"start":{"line":90,"column":15},"end":{"line":90,"column":4}},"45":{"start":{"line":91,"column":4},"end":{"line":101,"column":5}},"46":{"start":{"line":92,"column":8},"end":{"line":100,"column":9}},"47":{"start":{"line":93,"column":23},"end":{"line":93,"column":12}},"48":{"start":{"line":94,"column":12},"end":{"line":98,"column":13}},"49":{"start":{"line":97,"column":16},"end":{"line":null,"column":-1}},"50":{"start":{"line":99,"column":12},"end":{"line":null,"column":-1}},"51":{"start":{"line":102,"column":4},"end":{"line":null,"column":-1}},"52":{"start":{"line":106,"column":12},"end":{"line":106,"column":4}},"53":{"start":{"line":107,"column":12},"end":{"line":107,"column":4}},"54":{"start":{"line":108,"column":4},"end":{"line":110,"column":5}},"55":{"start":{"line":109,"column":8},"end":{"line":null,"column":-1}},"56":{"start":{"line":111,"column":4},"end":{"line":118,"column":5}},"57":{"start":{"line":112,"column":8},"end":{"line":116,"column":9}},"58":{"start":{"line":113,"column":12},"end":{"line":115,"column":13}},"59":{"start":{"line":114,"column":16},"end":{"line":null,"column":-1}},"60":{"start":{"line":117,"column":8},"end":{"line":null,"column":-1}},"61":{"start":{"line":119,"column":4},"end":{"line":null,"column":-1}},"62":{"start":{"line":123,"column":4},"end":{"line":125,"column":5}},"63":{"start":{"line":124,"column":8},"end":{"line":null,"column":-1}},"64":{"start":{"line":126,"column":15},"end":{"line":126,"column":4}},"65":{"start":{"line":128,"column":4},"end":{"line":140,"column":5}},"66":{"start":{"line":129,"column":8},"end":{"line":null,"column":-1}},"67":{"start":{"line":130,"column":8},"end":{"line":null,"column":-1}},"68":{"start":{"line":131,"column":8},"end":{"line":135,"column":9}},"69":{"start":{"line":132,"column":12},"end":{"line":null,"column":-1}},"70":{"start":{"line":133,"column":12},"end":{"line":null,"column":-1}},"71":{"start":{"line":134,"column":12},"end":{"line":null,"column":-1}},"72":{"start":{"line":136,"column":8},"end":{"line":138,"column":9}},"73":{"start":{"line":137,"column":12},"end":{"line":null,"column":-1}},"74":{"start":{"line":139,"column":8},"end":{"line":null,"column":-1}},"75":{"start":{"line":141,"column":4},"end":{"line":null,"column":-1}},"76":{"start":{"line":145,"column":19},"end":{"line":145,"column":4}},"77":{"start":{"line":146,"column":18},"end":{"line":146,"column":4}},"78":{"start":{"line":147,"column":12},"end":{"line":147,"column":4}},"79":{"start":{"line":148,"column":4},"end":{"line":151,"column":5}},"80":{"start":{"line":149,"column":8},"end":{"line":null,"column":-1}},"81":{"start":{"line":150,"column":8},"end":{"line":null,"column":-1}},"82":{"start":{"line":152,"column":4},"end":{"line":null,"column":-1}},"83":{"start":{"line":153,"column":4},"end":{"line":156,"column":5}},"84":{"start":{"line":154,"column":8},"end":{"line":null,"column":-1}},"85":{"start":{"line":155,"column":8},"end":{"line":null,"column":-1}},"86":{"start":{"line":158,"column":4},"end":{"line":null,"column":-1}},"87":{"start":{"line":159,"column":4},"end":{"line":null,"column":-1}},"88":{"start":{"line":160,"column":12},"end":{"line":160,"column":4}},"89":{"start":{"line":161,"column":12},"end":{"line":161,"column":4}},"90":{"start":{"line":162,"column":4},"end":{"line":170,"column":5}},"91":{"start":{"line":163,"column":8},"end":{"line":169,"column":9}},"92":{"start":{"line":164,"column":12},"end":{"line":null,"column":-1}},"93":{"start":{"line":165,"column":12},"end":{"line":null,"column":-1}},"94":{"start":{"line":167,"column":12},"end":{"line":null,"column":-1}},"95":{"start":{"line":168,"column":12},"end":{"line":null,"column":-1}},"96":{"start":{"line":174,"column":4},"end":{"line":176,"column":5}},"97":{"start":{"line":175,"column":8},"end":{"line":null,"column":-1}},"98":{"start":{"line":177,"column":15},"end":{"line":177,"column":4}},"99":{"start":{"line":178,"column":16},"end":{"line":178,"column":4}},"100":{"start":{"line":179,"column":16},"end":{"line":179,"column":4}},"101":{"start":{"line":180,"column":4},"end":{"line":186,"column":5}},"102":{"start":{"line":181,"column":8},"end":{"line":185,"column":9}},"103":{"start":{"line":182,"column":12},"end":{"line":null,"column":-1}},"104":{"start":{"line":184,"column":12},"end":{"line":null,"column":-1}},"105":{"start":{"line":187,"column":4},"end":{"line":null,"column":-1}},"106":{"start":{"line":191,"column":0},"end":{"line":null,"column":-1}}},"fnMap":{"0":{"name":"CArray","decl":{"start":{"line":2,"column":9},"end":{"line":2,"column":0}},"loc":{"start":{"line":2,"column":29},"end":{"line":41,"column":1}}},"1":{"name":"setData","decl":{"start":{"line":15,"column":13},"end":{"line":15,"column":4}},"loc":{"start":{"line":15,"column":23},"end":{"line":19,"column":5}}},"2":{"name":"clear","decl":{"start":{"line":21,"column":13},"end":{"line":21,"column":4}},"loc":{"start":{"line":21,"column":21},"end":{"line":25,"column":5}}},"3":{"name":"insert","decl":{"start":{"line":27,"column":13},"end":{"line":27,"column":4}},"loc":{"start":{"line":27,"column":29},"end":{"line":29,"column":5}}},"4":{"name":"toString","decl":{"start":{"line":31,"column":13},"end":{"line":31,"column":4}},"loc":{"start":{"line":31,"column":24},"end":{"line":40,"column":5}}},"5":{"name":"swap","decl":{"start":{"line":43,"column":9},"end":{"line":43,"column":0}},"loc":{"start":{"line":43,"column":35},"end":{"line":47,"column":1}}},"6":{"name":"bubbleSort","decl":{"start":{"line":49,"column":9},"end":{"line":49,"column":0}},"loc":{"start":{"line":49,"column":25},"end":{"line":59,"column":1}}},"7":{"name":"selectionSort","decl":{"start":{"line":61,"column":9},"end":{"line":61,"column":0}},"loc":{"start":{"line":61,"column":28},"end":{"line":73,"column":1}}},"8":{"name":"insertionSort","decl":{"start":{"line":75,"column":9},"end":{"line":75,"column":0}},"loc":{"start":{"line":75,"column":28},"end":{"line":87,"column":1}}},"9":{"name":"shellSort","decl":{"start":{"line":89,"column":9},"end":{"line":89,"column":0}},"loc":{"start":{"line":89,"column":24},"end":{"line":103,"column":1}}},"10":{"name":"shellSortNynamic","decl":{"start":{"line":105,"column":9},"end":{"line":105,"column":0}},"loc":{"start":{"line":105,"column":31},"end":{"line":120,"column":1}}},"11":{"name":"mergeSort","decl":{"start":{"line":122,"column":9},"end":{"line":122,"column":0}},"loc":{"start":{"line":122,"column":24},"end":{"line":142,"column":1}}},"12":{"name":"mergeArrays","decl":{"start":{"line":144,"column":9},"end":{"line":144,"column":0}},"loc":{"start":{"line":144,"column":70},"end":{"line":171,"column":1}}},"13":{"name":"qSort","decl":{"start":{"line":173,"column":9},"end":{"line":173,"column":0}},"loc":{"start":{"line":173,"column":20},"end":{"line":188,"column":1}}}},"branchMap":{"0":{"loc":{"start":{"line":35,"column":12},"end":{"line":37,"column":13}},"type":"if","locations":[{"start":{"line":35,"column":12},"end":{"line":37,"column":13}},{"start":{"line":35,"column":12},"end":{"line":37,"column":13}}]},"1":{"loc":{"start":{"line":35,"column":16},"end":{"line":35,"column":15}},"type":"binary-expr","locations":[{"start":{"line":35,"column":16},"end":{"line":35,"column":15}},{"start":{"line":35,"column":25},"end":{"line":35,"column":12}}]},"2":{"loc":{"start":{"line":53,"column":12},"end":{"line":55,"column":13}},"type":"if","locations":[{"start":{"line":53,"column":12},"end":{"line":55,"column":13}},{"start":{"line":53,"column":12},"end":{"line":55,"column":13}}]},"3":{"loc":{"start":{"line":66,"column":12},"end":{"line":68,"column":13}},"type":"if","locations":[{"start":{"line":66,"column":12},"end":{"line":68,"column":13}},{"start":{"line":66,"column":12},"end":{"line":68,"column":13}}]},"4":{"loc":{"start":{"line":80,"column":15},"end":{"line":80,"column":14}},"type":"binary-expr","locations":[{"start":{"line":80,"column":15},"end":{"line":80,"column":14}},{"start":{"line":80,"column":29},"end":{"line":80,"column":8}}]},"5":{"loc":{"start":{"line":94,"column":28},"end":{"line":94,"column":27}},"type":"binary-expr","locations":[{"start":{"line":94,"column":28},"end":{"line":94,"column":27}},{"start":{"line":95,"column":16},"end":{"line":94,"column":12}}]},"6":{"loc":{"start":{"line":113,"column":26},"end":{"line":113,"column":25}},"type":"binary-expr","locations":[{"start":{"line":113,"column":26},"end":{"line":113,"column":25}},{"start":{"line":113,"column":36},"end":{"line":113,"column":12}}]},"7":{"loc":{"start":{"line":123,"column":4},"end":{"line":125,"column":5}},"type":"if","locations":[{"start":{"line":123,"column":4},"end":{"line":125,"column":5}},{"start":{"line":123,"column":4},"end":{"line":125,"column":5}}]},"8":{"loc":{"start":{"line":136,"column":8},"end":{"line":138,"column":9}},"type":"if","locations":[{"start":{"line":136,"column":8},"end":{"line":138,"column":9}},{"start":{"line":136,"column":8},"end":{"line":138,"column":9}}]},"9":{"loc":{"start":{"line":163,"column":8},"end":{"line":169,"column":9}},"type":"if","locations":[{"start":{"line":163,"column":8},"end":{"line":169,"column":9}},{"start":{"line":163,"column":8},"end":{"line":169,"column":9}}]},"10":{"loc":{"start":{"line":174,"column":4},"end":{"line":176,"column":5}},"type":"if","locations":[{"start":{"line":174,"column":4},"end":{"line":176,"column":5}},{"start":{"line":174,"column":4},"end":{"line":176,"column":5}}]},"11":{"loc":{"start":{"line":181,"column":8},"end":{"line":185,"column":9}},"type":"if","locations":[{"start":{"line":181,"column":8},"end":{"line":185,"column":9}},{"start":{"line":181,"column":8},"end":{"line":185,"column":9}}]}},"s":{"0":0,"1":0,"2":0,"3":0,"4":0,"5":0,"6":0,"7":0,"8":0,"9":0,"10":0,"11":0,"12":0,"13":0,"14":0,"15":0,"16":0,"17":0,"18":0,"19":0,"20":0,"21":0,"22":0,"23":0,"24":0,"25":0,"26":0,"27":0,"28":0,"29":0,"30":0,"31":0,"32":0,"33":0,"34":0,"35":0,"36":0,"37":0,"38":0,"39":0,"40":0,"41":0,"42":0,"43":0,"44":0,"45":0,"46":0,"47":0,"48":0,"49":0,"50":0,"51":0,"52":0,"53":0,"54":0,"55":0,"56":0,"57":0,"58":0,"59":0,"60":0,"61":0,"62":0,"63":0,"64":0,"65":0,"66":0,"67":0,"68":0,"69":0,"70":0,"71":0,"72":0,"73":0,"74":0,"75":0,"76":0,"77":0,"78":0,"79":0,"80":0,"81":0,"82":0,"83":0,"84":0,"85":0,"86":0,"87":0,"88":0,"89":0,"90":0,"91":0,"92":0,"93":0,"94":0,"95":0,"96":0,"97":0,"98":0,"99":0,"100":0,"101":0,"102":0,"103":0,"104":0,"105":0,"106":0},"f":{"0":0,"1":0,"2":0,"3":0,"4":0,"5":0,"6":0,"7":0,"8":0,"9":0,"10":0,"11":0,"12":0,"13":0},"b":{"0":[0,0],"1":[0,0],"2":[0,0],"3":[0,0],"4":[0,0],"5":[0,0],"6":[0,0],"7":[0,0],"8":[0,0],"9":[0,0],"10":[0,0],"11":[0,0]}}
,"E:\\study\\beer-util\\src\\ds\\stack.js": {"path":"E:\\study\\beer-util\\src\\ds\\stack.js","statementMap":{"0":{"start":{"line":4,"column":4},"end":{"line":4,"column":24}},"1":{"start":{"line":5,"column":4},"end":{"line":5,"column":17}},"2":{"start":{"line":6,"column":4},"end":{"line":6,"column":21}},"3":{"start":{"line":7,"column":4},"end":{"line":7,"column":19}},"4":{"start":{"line":8,"column":4},"end":{"line":8,"column":21}},"5":{"start":{"line":9,"column":4},"end":{"line":9,"column":25}},"6":{"start":{"line":10,"column":4},"end":{"line":10,"column":23}},"7":{"start":{"line":13,"column":8},"end":{"line":13,"column":45}},"8":{"start":{"line":17,"column":8},"end":{"line":17,"column":42}},"9":{"start":{"line":21,"column":8},"end":{"line":21,"column":44}},"10":{"start":{"line":25,"column":8},"end":{"line":25,"column":24}},"11":{"start":{"line":29,"column":8},"end":{"line":29,"column":21}},"12":{"start":{"line":34,"column":0},"end":{"line":36,"column":2}}},"fnMap":{"0":{"name":"Stack","decl":{"start":{"line":3,"column":9},"end":{"line":3,"column":14}},"loc":{"start":{"line":3,"column":17},"end":{"line":32,"column":1}},"line":3},"1":{"name":"push","decl":{"start":{"line":12,"column":13},"end":{"line":12,"column":17}},"loc":{"start":{"line":12,"column":27},"end":{"line":14,"column":5}},"line":12},"2":{"name":"pop","decl":{"start":{"line":16,"column":13},"end":{"line":16,"column":16}},"loc":{"start":{"line":16,"column":19},"end":{"line":18,"column":5}},"line":16},"3":{"name":"peek","decl":{"start":{"line":20,"column":13},"end":{"line":20,"column":17}},"loc":{"start":{"line":20,"column":20},"end":{"line":22,"column":5}},"line":20},"4":{"name":"length","decl":{"start":{"line":24,"column":13},"end":{"line":24,"column":19}},"loc":{"start":{"line":24,"column":22},"end":{"line":26,"column":5}},"line":24},"5":{"name":"clear","decl":{"start":{"line":28,"column":13},"end":{"line":28,"column":18}},"loc":{"start":{"line":28,"column":21},"end":{"line":30,"column":5}},"line":28}},"branchMap":{},"s":{"0":5,"1":5,"2":5,"3":5,"4":5,"5":5,"6":5,"7":5,"8":1,"9":1,"10":4,"11":1,"12":1},"f":{"0":5,"1":5,"2":1,"3":1,"4":4,"5":1},"b":{},"_coverageSchema":"332fd63041d2c1bcb487cc26dd0d5f7d97098a6c","hash":"583bd2c52eb3275dcab81cd85890f2b3c959bae2"}
,"E:\\study\\beer-util\\src\\fn\\index.js": {"path":"E:\\study\\beer-util\\src\\fn\\index.js","statementMap":{"0":{"start":{"line":8,"column":17},"end":{"line":17,"column":1}},"1":{"start":{"line":9,"column":17},"end":{"line":9,"column":18}},"2":{"start":{"line":10,"column":2},"end":{"line":16,"column":4}},"3":{"start":{"line":11,"column":18},"end":{"line":11,"column":28}},"4":{"start":{"line":12,"column":4},"end":{"line":15,"column":5}},"5":{"start":{"line":13,"column":6},"end":{"line":13,"column":20}},"6":{"start":{"line":14,"column":6},"end":{"line":14,"column":25}},"7":{"start":{"line":26,"column":17},"end":{"line":34,"column":1}},"8":{"start":{"line":27,"column":14},"end":{"line":27,"column":18}},"9":{"start":{"line":28,"column":2},"end":{"line":33,"column":4}},"10":{"start":{"line":29,"column":4},"end":{"line":29,"column":24}},"11":{"start":{"line":30,"column":4},"end":{"line":32,"column":14}},"12":{"start":{"line":31,"column":6},"end":{"line":31,"column":21}},"13":{"start":{"line":36,"column":0},"end":{"line":39,"column":2}}},"fnMap":{"0":{"name":"(anonymous_0)","decl":{"start":{"line":8,"column":17},"end":{"line":8,"column":18}},"loc":{"start":{"line":8,"column":32},"end":{"line":17,"column":1}},"line":8},"1":{"name":"(anonymous_1)","decl":{"start":{"line":10,"column":9},"end":{"line":10,"column":10}},"loc":{"start":{"line":10,"column":20},"end":{"line":16,"column":3}},"line":10},"2":{"name":"(anonymous_2)","decl":{"start":{"line":26,"column":17},"end":{"line":26,"column":18}},"loc":{"start":{"line":26,"column":32},"end":{"line":34,"column":1}},"line":26},"3":{"name":"(anonymous_3)","decl":{"start":{"line":28,"column":9},"end":{"line":28,"column":10}},"loc":{"start":{"line":28,"column":20},"end":{"line":33,"column":3}},"line":28},"4":{"name":"(anonymous_4)","decl":{"start":{"line":30,"column":23},"end":{"line":30,"column":24}},"loc":{"start":{"line":30,"column":29},"end":{"line":32,"column":5}},"line":30}},"branchMap":{"0":{"loc":{"start":{"line":12,"column":4},"end":{"line":15,"column":5}},"type":"if","locations":[{"start":{"line":12,"column":4},"end":{"line":15,"column":5}},{"start":{"line":12,"column":4},"end":{"line":15,"column":5}}],"line":12}},"s":{"0":1,"1":2,"2":2,"3":5,"4":5,"5":3,"6":3,"7":1,"8":1,"9":1,"10":1,"11":1,"12":0,"13":1},"f":{"0":2,"1":5,"2":1,"3":1,"4":0},"b":{"0":[3,2]},"_coverageSchema":"332fd63041d2c1bcb487cc26dd0d5f7d97098a6c","hash":"a2998e2472beedf6a2add7da028086d05da063b4"}
,"E:\\study\\beer-util\\src\\url\\index.js": {"path":"E:\\study\\beer-util\\src\\url\\index.js","statementMap":{"0":{"start":{"line":1,"column":17},"end":{"line":1,"column":37}},"1":{"start":{"line":9,"column":14},"end":{"line":11,"column":1}},"2":{"start":{"line":10,"column":2},"end":{"line":10,"column":29}},"3":{"start":{"line":19,"column":19},"end":{"line":21,"column":1}},"4":{"start":{"line":20,"column":2},"end":{"line":20,"column":35}},"5":{"start":{"line":23,"column":0},"end":{"line":26,"column":2}}},"fnMap":{"0":{"name":"(anonymous_0)","decl":{"start":{"line":9,"column":14},"end":{"line":9,"column":15}},"loc":{"start":{"line":9,"column":23},"end":{"line":11,"column":1}},"line":9},"1":{"name":"(anonymous_1)","decl":{"start":{"line":19,"column":19},"end":{"line":19,"column":20}},"loc":{"start":{"line":19,"column":28},"end":{"line":21,"column":1}},"line":19}},"branchMap":{},"s":{"0":1,"1":1,"2":1,"3":1,"4":1,"5":1},"f":{"0":1,"1":1},"b":{},"_coverageSchema":"332fd63041d2c1bcb487cc26dd0d5f7d97098a6c","hash":"6074271bcb827d2a386f41c09046ced91d58ae35"}
}
