{"/Users/yinhang/study/beer-util/src/array/index.js": {"path":"/Users/yinhang/study/beer-util/src/array/index.js","statementMap":{"0":{"start":{"line":11,"column":12},"end":{"line":11,"column":48}},"1":{"start":{"line":11,"column":35},"end":{"line":11,"column":48}},"2":{"start":{"line":21,"column":17},"end":{"line":21,"column":56}},"3":{"start":{"line":21,"column":24},"end":{"line":21,"column":56}},"4":{"start":{"line":21,"column":41},"end":{"line":21,"column":55}},"5":{"start":{"line":32,"column":12},"end":{"line":32,"column":47}},"6":{"start":{"line":32,"column":35},"end":{"line":32,"column":47}},"7":{"start":{"line":34,"column":0},"end":{"line":38,"column":2}}},"fnMap":{"0":{"name":"(anonymous_0)","decl":{"start":{"line":11,"column":12},"end":{"line":11,"column":13}},"loc":{"start":{"line":11,"column":35},"end":{"line":11,"column":48}},"line":11},"1":{"name":"(anonymous_1)","decl":{"start":{"line":21,"column":17},"end":{"line":21,"column":18}},"loc":{"start":{"line":21,"column":24},"end":{"line":21,"column":56}},"line":21},"2":{"name":"(anonymous_2)","decl":{"start":{"line":21,"column":34},"end":{"line":21,"column":35}},"loc":{"start":{"line":21,"column":41},"end":{"line":21,"column":55}},"line":21},"3":{"name":"(anonymous_3)","decl":{"start":{"line":32,"column":12},"end":{"line":32,"column":13}},"loc":{"start":{"line":32,"column":35},"end":{"line":32,"column":47}},"line":32}},"branchMap":{"0":{"loc":{"start":{"line":11,"column":18},"end":{"line":11,"column":30}},"type":"default-arg","locations":[{"start":{"line":11,"column":23},"end":{"line":11,"column":30}}],"line":11},"1":{"loc":{"start":{"line":32,"column":18},"end":{"line":32,"column":30}},"type":"default-arg","locations":[{"start":{"line":32,"column":23},"end":{"line":32,"column":30}}],"line":32}},"s":{"0":1,"1":4,"2":1,"3":2,"4":5,"5":1,"6":4,"7":1},"f":{"0":4,"1":2,"2":5,"3":4},"b":{"0":[2],"1":[2]},"_coverageSchema":"332fd63041d2c1bcb487cc26dd0d5f7d97098a6c","hash":"44a5ebb595734dd1af5e35cf6f94ce42653d4a9b"}
,"/Users/yinhang/study/beer-util/src/date/index.js": {"path":"/Users/yinhang/study/beer-util/src/date/index.js","statementMap":{"0":{"start":{"line":7,"column":18},"end":{"line":9,"column":1}},"1":{"start":{"line":8,"column":3},"end":{"line":8,"column":88}},"2":{"start":{"line":17,"column":23},"end":{"line":30,"column":1}},"3":{"start":{"line":18,"column":4},"end":{"line":18,"column":25}},"4":{"start":{"line":18,"column":16},"end":{"line":18,"column":25}},"5":{"start":{"line":19,"column":17},"end":{"line":25,"column":5}},"6":{"start":{"line":26,"column":4},"end":{"line":29,"column":18}},"7":{"start":{"line":27,"column":21},"end":{"line":27,"column":33}},"8":{"start":{"line":28,"column":27},"end":{"line":28,"column":65}},"9":{"start":{"line":38,"column":19},"end":{"line":56,"column":1}},"10":{"start":{"line":40,"column":12},"end":{"line":48,"column":3}},"11":{"start":{"line":49,"column":2},"end":{"line":54,"column":3}},"12":{"start":{"line":50,"column":6},"end":{"line":50,"column":48}},"13":{"start":{"line":51,"column":6},"end":{"line":53,"column":7}},"14":{"start":{"line":52,"column":10},"end":{"line":52,"column":108}},"15":{"start":{"line":55,"column":2},"end":{"line":55,"column":13}},"16":{"start":{"line":58,"column":0},"end":{"line":62,"column":1}}},"fnMap":{"0":{"name":"(anonymous_0)","decl":{"start":{"line":7,"column":18},"end":{"line":7,"column":19}},"loc":{"start":{"line":7,"column":26},"end":{"line":9,"column":1}},"line":7},"1":{"name":"(anonymous_1)","decl":{"start":{"line":17,"column":23},"end":{"line":17,"column":24}},"loc":{"start":{"line":17,"column":29},"end":{"line":30,"column":1}},"line":17},"2":{"name":"(anonymous_2)","decl":{"start":{"line":27,"column":14},"end":{"line":27,"column":15}},"loc":{"start":{"line":27,"column":21},"end":{"line":27,"column":33}},"line":27},"3":{"name":"(anonymous_3)","decl":{"start":{"line":28,"column":11},"end":{"line":28,"column":12}},"loc":{"start":{"line":28,"column":27},"end":{"line":28,"column":65}},"line":28},"4":{"name":"(anonymous_4)","decl":{"start":{"line":38,"column":19},"end":{"line":38,"column":20}},"loc":{"start":{"line":38,"column":34},"end":{"line":56,"column":1}},"line":38}},"branchMap":{"0":{"loc":{"start":{"line":18,"column":4},"end":{"line":18,"column":25}},"type":"if","locations":[{"start":{"line":18,"column":4},"end":{"line":18,"column":25}},{"start":{"line":18,"column":4},"end":{"line":18,"column":25}}],"line":18},"1":{"loc":{"start":{"line":28,"column":43},"end":{"line":28,"column":63}},"type":"cond-expr","locations":[{"start":{"line":28,"column":55},"end":{"line":28,"column":58}},{"start":{"line":28,"column":61},"end":{"line":28,"column":63}}],"line":28},"2":{"loc":{"start":{"line":51,"column":6},"end":{"line":53,"column":7}},"type":"if","locations":[{"start":{"line":51,"column":6},"end":{"line":53,"column":7}},{"start":{"line":51,"column":6},"end":{"line":53,"column":7}}],"line":51},"3":{"loc":{"start":{"line":52,"column":36},"end":{"line":52,"column":107}},"type":"cond-expr","locations":[{"start":{"line":52,"column":60},"end":{"line":52,"column":66}},{"start":{"line":52,"column":71},"end":{"line":52,"column":106}}],"line":52}},"s":{"0":2,"1":2,"2":2,"3":2,"4":0,"5":2,"6":2,"7":10,"8":2,"9":2,"10":2,"11":2,"12":12,"13":12,"14":6,"15":2,"16":2},"f":{"0":2,"1":2,"2":10,"3":2,"4":2},"b":{"0":[0,2],"1":[2,0],"2":[6,6],"3":[0,6]},"_coverageSchema":"332fd63041d2c1bcb487cc26dd0d5f7d97098a6c","hash":"70bc671d554757efc675301a14d45be7c779e474"}
,"/Users/yinhang/study/beer-util/src/ds/BST.js": {"path":"/Users/yinhang/study/beer-util/src/ds/BST.js","statementMap":{"0":{"start":{"line":3,"column":4},"end":{"line":null,"column":-1}},"1":{"start":{"line":4,"column":4},"end":{"line":null,"column":-1}},"2":{"start":{"line":5,"column":4},"end":{"line":null,"column":-1}},"3":{"start":{"line":6,"column":4},"end":{"line":null,"column":-1}},"4":{"start":{"line":9,"column":8},"end":{"line":null,"column":-1}},"5":{"start":{"line":14,"column":4},"end":{"line":null,"column":-1}},"6":{"start":{"line":15,"column":4},"end":{"line":null,"column":-1}},"7":{"start":{"line":16,"column":4},"end":{"line":null,"column":-1}},"8":{"start":{"line":17,"column":4},"end":{"line":null,"column":-1}},"9":{"start":{"line":18,"column":4},"end":{"line":null,"column":-1}},"10":{"start":{"line":19,"column":4},"end":{"line":null,"column":-1}},"11":{"start":{"line":20,"column":4},"end":{"line":null,"column":-1}},"12":{"start":{"line":21,"column":4},"end":{"line":null,"column":-1}},"13":{"start":{"line":22,"column":4},"end":{"line":null,"column":-1}},"14":{"start":{"line":23,"column":4},"end":{"line":null,"column":-1}},"15":{"start":{"line":26,"column":16},"end":{"line":26,"column":8}},"16":{"start":{"line":28,"column":8},"end":{"line":57,"column":9}},"17":{"start":{"line":29,"column":12},"end":{"line":null,"column":-1}},"18":{"start":{"line":32,"column":26},"end":{"line":32,"column":12}},"19":{"start":{"line":35,"column":12},"end":{"line":56,"column":13}},"20":{"start":{"line":36,"column":16},"end":{"line":null,"column":-1}},"21":{"start":{"line":38,"column":16},"end":{"line":55,"column":17}},"22":{"start":{"line":40,"column":20},"end":{"line":null,"column":-1}},"23":{"start":{"line":42,"column":20},"end":{"line":46,"column":21}},"24":{"start":{"line":44,"column":24},"end":{"line":null,"column":-1}},"25":{"start":{"line":45,"column":24},"end":{"line":null,"column":-1}},"26":{"start":{"line":49,"column":20},"end":{"line":null,"column":-1}},"27":{"start":{"line":50,"column":20},"end":{"line":54,"column":21}},"28":{"start":{"line":52,"column":24},"end":{"line":null,"column":-1}},"29":{"start":{"line":53,"column":24},"end":{"line":null,"column":-1}},"30":{"start":{"line":61,"column":8},"end":{"line":65,"column":9}},"31":{"start":{"line":62,"column":12},"end":{"line":null,"column":-1}},"32":{"start":{"line":63,"column":12},"end":{"line":null,"column":-1}},"33":{"start":{"line":64,"column":12},"end":{"line":null,"column":-1}},"34":{"start":{"line":69,"column":8},"end":{"line":73,"column":9}},"35":{"start":{"line":70,"column":12},"end":{"line":null,"column":-1}},"36":{"start":{"line":71,"column":12},"end":{"line":null,"column":-1}},"37":{"start":{"line":72,"column":12},"end":{"line":null,"column":-1}},"38":{"start":{"line":77,"column":8},"end":{"line":81,"column":9}},"39":{"start":{"line":78,"column":12},"end":{"line":null,"column":-1}},"40":{"start":{"line":79,"column":12},"end":{"line":null,"column":-1}},"41":{"start":{"line":80,"column":12},"end":{"line":null,"column":-1}},"42":{"start":{"line":85,"column":22},"end":{"line":85,"column":8}},"43":{"start":{"line":86,"column":8},"end":{"line":88,"column":9}},"44":{"start":{"line":87,"column":12},"end":{"line":null,"column":-1}},"45":{"start":{"line":89,"column":8},"end":{"line":null,"column":-1}},"46":{"start":{"line":93,"column":23},"end":{"line":93,"column":8}},"47":{"start":{"line":94,"column":8},"end":{"line":96,"column":9}},"48":{"start":{"line":95,"column":12},"end":{"line":null,"column":-1}},"49":{"start":{"line":97,"column":8},"end":{"line":null,"column":-1}},"50":{"start":{"line":101,"column":23},"end":{"line":101,"column":8}},"51":{"start":{"line":102,"column":8},"end":{"line":110,"column":9}},"52":{"start":{"line":103,"column":12},"end":{"line":109,"column":13}},"53":{"start":{"line":104,"column":16},"end":{"line":null,"column":-1}},"54":{"start":{"line":105,"column":19},"end":{"line":109,"column":13}},"55":{"start":{"line":106,"column":16},"end":{"line":null,"column":-1}},"56":{"start":{"line":108,"column":16},"end":{"line":null,"column":-1}},"57":{"start":{"line":111,"column":8},"end":{"line":null,"column":-1}},"58":{"start":{"line":115,"column":8},"end":{"line":null,"column":-1}},"59":{"start":{"line":119,"column":8},"end":{"line":121,"column":9}},"60":{"start":{"line":120,"column":12},"end":{"line":null,"column":-1}},"61":{"start":{"line":122,"column":8},"end":{"line":146,"column":9}},"62":{"start":{"line":124,"column":12},"end":{"line":126,"column":13}},"63":{"start":{"line":125,"column":16},"end":{"line":null,"column":-1}},"64":{"start":{"line":128,"column":12},"end":{"line":130,"column":13}},"65":{"start":{"line":129,"column":16},"end":{"line":null,"column":-1}},"66":{"start":{"line":132,"column":12},"end":{"line":134,"column":13}},"67":{"start":{"line":133,"column":16},"end":{"line":null,"column":-1}},"68":{"start":{"line":136,"column":27},"end":{"line":136,"column":12}},"69":{"start":{"line":137,"column":12},"end":{"line":null,"column":-1}},"70":{"start":{"line":138,"column":12},"end":{"line":null,"column":-1}},"71":{"start":{"line":139,"column":12},"end":{"line":null,"column":-1}},"72":{"start":{"line":140,"column":15},"end":{"line":146,"column":9}},"73":{"start":{"line":141,"column":12},"end":{"line":null,"column":-1}},"74":{"start":{"line":142,"column":12},"end":{"line":null,"column":-1}},"75":{"start":{"line":144,"column":12},"end":{"line":null,"column":-1}},"76":{"start":{"line":145,"column":12},"end":{"line":null,"column":-1}},"77":{"start":{"line":150,"column":8},"end":{"line":null,"column":-1}},"78":{"start":{"line":154,"column":8},"end":{"line":156,"column":9}},"79":{"start":{"line":155,"column":12},"end":{"line":null,"column":-1}},"80":{"start":{"line":158,"column":8},"end":{"line":181,"column":9}},"81":{"start":{"line":159,"column":12},"end":{"line":161,"column":13}},"82":{"start":{"line":160,"column":16},"end":{"line":null,"column":-1}},"83":{"start":{"line":163,"column":12},"end":{"line":165,"column":13}},"84":{"start":{"line":164,"column":16},"end":{"line":null,"column":-1}},"85":{"start":{"line":167,"column":12},"end":{"line":169,"column":13}},"86":{"start":{"line":168,"column":16},"end":{"line":null,"column":-1}},"87":{"start":{"line":171,"column":27},"end":{"line":171,"column":12}},"88":{"start":{"line":172,"column":12},"end":{"line":null,"column":-1}},"89":{"start":{"line":173,"column":12},"end":{"line":null,"column":-1}},"90":{"start":{"line":174,"column":12},"end":{"line":null,"column":-1}},"91":{"start":{"line":175,"column":15},"end":{"line":181,"column":9}},"92":{"start":{"line":176,"column":12},"end":{"line":null,"column":-1}},"93":{"start":{"line":177,"column":12},"end":{"line":null,"column":-1}},"94":{"start":{"line":179,"column":12},"end":{"line":null,"column":-1}},"95":{"start":{"line":180,"column":12},"end":{"line":null,"column":-1}},"96":{"start":{"line":185,"column":22},"end":{"line":185,"column":8}},"97":{"start":{"line":186,"column":8},"end":{"line":188,"column":9}},"98":{"start":{"line":187,"column":12},"end":{"line":null,"column":-1}},"99":{"start":{"line":189,"column":8},"end":{"line":null,"column":-1}},"100":{"start":{"line":193,"column":23},"end":{"line":193,"column":8}},"101":{"start":{"line":194,"column":8},"end":{"line":196,"column":9}},"102":{"start":{"line":195,"column":12},"end":{"line":null,"column":-1}},"103":{"start":{"line":197,"column":8},"end":{"line":null,"column":-1}},"104":{"start":{"line":201,"column":0},"end":{"line":null,"column":-1}}},"fnMap":{"0":{"name":"Node","decl":{"start":{"line":2,"column":9},"end":{"line":2,"column":0}},"loc":{"start":{"line":2,"column":33},"end":{"line":11,"column":1}}},"1":{"name":"show","decl":{"start":{"line":8,"column":13},"end":{"line":8,"column":4}},"loc":{"start":{"line":8,"column":20},"end":{"line":10,"column":5}}},"2":{"name":"BST","decl":{"start":{"line":13,"column":9},"end":{"line":13,"column":0}},"loc":{"start":{"line":13,"column":15},"end":{"line":199,"column":1}}},"3":{"name":"insert","decl":{"start":{"line":25,"column":13},"end":{"line":25,"column":4}},"loc":{"start":{"line":25,"column":26},"end":{"line":58,"column":5}}},"4":{"name":"inOrder","decl":{"start":{"line":60,"column":13},"end":{"line":60,"column":4}},"loc":{"start":{"line":60,"column":27},"end":{"line":66,"column":5}}},"5":{"name":"preOrder","decl":{"start":{"line":68,"column":13},"end":{"line":68,"column":4}},"loc":{"start":{"line":68,"column":28},"end":{"line":74,"column":5}}},"6":{"name":"postOrder","decl":{"start":{"line":76,"column":13},"end":{"line":76,"column":4}},"loc":{"start":{"line":76,"column":30},"end":{"line":82,"column":5}}},"7":{"name":"getMin","decl":{"start":{"line":84,"column":13},"end":{"line":84,"column":4}},"loc":{"start":{"line":84,"column":22},"end":{"line":90,"column":5}}},"8":{"name":"getMax","decl":{"start":{"line":92,"column":13},"end":{"line":92,"column":4}},"loc":{"start":{"line":92,"column":22},"end":{"line":98,"column":5}}},"9":{"name":"find","decl":{"start":{"line":100,"column":13},"end":{"line":100,"column":4}},"loc":{"start":{"line":100,"column":24},"end":{"line":112,"column":5}}},"10":{"name":"removeByMin","decl":{"start":{"line":114,"column":13},"end":{"line":114,"column":4}},"loc":{"start":{"line":114,"column":31},"end":{"line":116,"column":5}}},"11":{"name":"removeNodeByMin","decl":{"start":{"line":118,"column":13},"end":{"line":118,"column":4}},"loc":{"start":{"line":118,"column":41},"end":{"line":147,"column":5}}},"12":{"name":"removeByMax","decl":{"start":{"line":149,"column":13},"end":{"line":149,"column":4}},"loc":{"start":{"line":149,"column":31},"end":{"line":151,"column":5}}},"13":{"name":"removeNodeByMax","decl":{"start":{"line":153,"column":13},"end":{"line":153,"column":4}},"loc":{"start":{"line":153,"column":41},"end":{"line":182,"column":5}}},"14":{"name":"getSmallet","decl":{"start":{"line":184,"column":13},"end":{"line":184,"column":4}},"loc":{"start":{"line":184,"column":30},"end":{"line":190,"column":5}}},"15":{"name":"getMaximum","decl":{"start":{"line":192,"column":13},"end":{"line":192,"column":4}},"loc":{"start":{"line":192,"column":30},"end":{"line":198,"column":5}}}},"branchMap":{"0":{"loc":{"start":{"line":28,"column":8},"end":{"line":57,"column":9}},"type":"if","locations":[{"start":{"line":28,"column":8},"end":{"line":57,"column":9}},{"start":{"line":28,"column":8},"end":{"line":57,"column":9}}]},"1":{"loc":{"start":{"line":38,"column":16},"end":{"line":55,"column":17}},"type":"if","locations":[{"start":{"line":38,"column":16},"end":{"line":55,"column":17}},{"start":{"line":38,"column":16},"end":{"line":55,"column":17}}]},"2":{"loc":{"start":{"line":42,"column":20},"end":{"line":46,"column":21}},"type":"if","locations":[{"start":{"line":42,"column":20},"end":{"line":46,"column":21}},{"start":{"line":42,"column":20},"end":{"line":46,"column":21}}]},"3":{"loc":{"start":{"line":50,"column":20},"end":{"line":54,"column":21}},"type":"if","locations":[{"start":{"line":50,"column":20},"end":{"line":54,"column":21}},{"start":{"line":50,"column":20},"end":{"line":54,"column":21}}]},"4":{"loc":{"start":{"line":61,"column":8},"end":{"line":65,"column":9}},"type":"if","locations":[{"start":{"line":61,"column":8},"end":{"line":65,"column":9}},{"start":{"line":61,"column":8},"end":{"line":65,"column":9}}]},"5":{"loc":{"start":{"line":69,"column":8},"end":{"line":73,"column":9}},"type":"if","locations":[{"start":{"line":69,"column":8},"end":{"line":73,"column":9}},{"start":{"line":69,"column":8},"end":{"line":73,"column":9}}]},"6":{"loc":{"start":{"line":77,"column":8},"end":{"line":81,"column":9}},"type":"if","locations":[{"start":{"line":77,"column":8},"end":{"line":81,"column":9}},{"start":{"line":77,"column":8},"end":{"line":81,"column":9}}]},"7":{"loc":{"start":{"line":103,"column":12},"end":{"line":109,"column":13}},"type":"if","locations":[{"start":{"line":103,"column":12},"end":{"line":109,"column":13}},{"start":{"line":103,"column":12},"end":{"line":109,"column":13}}]},"8":{"loc":{"start":{"line":105,"column":19},"end":{"line":109,"column":13}},"type":"if","locations":[{"start":{"line":105,"column":19},"end":{"line":109,"column":13}},{"start":{"line":105,"column":19},"end":{"line":109,"column":13}}]},"9":{"loc":{"start":{"line":119,"column":8},"end":{"line":121,"column":9}},"type":"if","locations":[{"start":{"line":119,"column":8},"end":{"line":121,"column":9}},{"start":{"line":119,"column":8},"end":{"line":121,"column":9}}]},"10":{"loc":{"start":{"line":122,"column":8},"end":{"line":146,"column":9}},"type":"if","locations":[{"start":{"line":122,"column":8},"end":{"line":146,"column":9}},{"start":{"line":122,"column":8},"end":{"line":146,"column":9}}]},"11":{"loc":{"start":{"line":124,"column":12},"end":{"line":126,"column":13}},"type":"if","locations":[{"start":{"line":124,"column":12},"end":{"line":126,"column":13}},{"start":{"line":124,"column":12},"end":{"line":126,"column":13}}]},"12":{"loc":{"start":{"line":124,"column":16},"end":{"line":124,"column":15}},"type":"binary-expr","locations":[{"start":{"line":124,"column":16},"end":{"line":124,"column":15}},{"start":{"line":124,"column":37},"end":{"line":124,"column":12}}]},"13":{"loc":{"start":{"line":128,"column":12},"end":{"line":130,"column":13}},"type":"if","locations":[{"start":{"line":128,"column":12},"end":{"line":130,"column":13}},{"start":{"line":128,"column":12},"end":{"line":130,"column":13}}]},"14":{"loc":{"start":{"line":132,"column":12},"end":{"line":134,"column":13}},"type":"if","locations":[{"start":{"line":132,"column":12},"end":{"line":134,"column":13}},{"start":{"line":132,"column":12},"end":{"line":134,"column":13}}]},"15":{"loc":{"start":{"line":140,"column":15},"end":{"line":146,"column":9}},"type":"if","locations":[{"start":{"line":140,"column":15},"end":{"line":146,"column":9}},{"start":{"line":140,"column":15},"end":{"line":146,"column":9}}]},"16":{"loc":{"start":{"line":154,"column":8},"end":{"line":156,"column":9}},"type":"if","locations":[{"start":{"line":154,"column":8},"end":{"line":156,"column":9}},{"start":{"line":154,"column":8},"end":{"line":156,"column":9}}]},"17":{"loc":{"start":{"line":158,"column":8},"end":{"line":181,"column":9}},"type":"if","locations":[{"start":{"line":158,"column":8},"end":{"line":181,"column":9}},{"start":{"line":158,"column":8},"end":{"line":181,"column":9}}]},"18":{"loc":{"start":{"line":159,"column":12},"end":{"line":161,"column":13}},"type":"if","locations":[{"start":{"line":159,"column":12},"end":{"line":161,"column":13}},{"start":{"line":159,"column":12},"end":{"line":161,"column":13}}]},"19":{"loc":{"start":{"line":159,"column":16},"end":{"line":159,"column":15}},"type":"binary-expr","locations":[{"start":{"line":159,"column":16},"end":{"line":159,"column":15}},{"start":{"line":159,"column":37},"end":{"line":159,"column":12}}]},"20":{"loc":{"start":{"line":163,"column":12},"end":{"line":165,"column":13}},"type":"if","locations":[{"start":{"line":163,"column":12},"end":{"line":165,"column":13}},{"start":{"line":163,"column":12},"end":{"line":165,"column":13}}]},"21":{"loc":{"start":{"line":167,"column":12},"end":{"line":169,"column":13}},"type":"if","locations":[{"start":{"line":167,"column":12},"end":{"line":169,"column":13}},{"start":{"line":167,"column":12},"end":{"line":169,"column":13}}]},"22":{"loc":{"start":{"line":175,"column":15},"end":{"line":181,"column":9}},"type":"if","locations":[{"start":{"line":175,"column":15},"end":{"line":181,"column":9}},{"start":{"line":175,"column":15},"end":{"line":181,"column":9}}]}},"s":{"0":0,"1":0,"2":0,"3":0,"4":0,"5":0,"6":0,"7":0,"8":0,"9":0,"10":0,"11":0,"12":0,"13":0,"14":0,"15":0,"16":0,"17":0,"18":0,"19":0,"20":0,"21":0,"22":0,"23":0,"24":0,"25":0,"26":0,"27":0,"28":0,"29":0,"30":0,"31":0,"32":0,"33":0,"34":0,"35":0,"36":0,"37":0,"38":0,"39":0,"40":0,"41":0,"42":0,"43":0,"44":0,"45":0,"46":0,"47":0,"48":0,"49":0,"50":0,"51":0,"52":0,"53":0,"54":0,"55":0,"56":0,"57":0,"58":0,"59":0,"60":0,"61":0,"62":0,"63":0,"64":0,"65":0,"66":0,"67":0,"68":0,"69":0,"70":0,"71":0,"72":0,"73":0,"74":0,"75":0,"76":0,"77":0,"78":0,"79":0,"80":0,"81":0,"82":0,"83":0,"84":0,"85":0,"86":0,"87":0,"88":0,"89":0,"90":0,"91":0,"92":0,"93":0,"94":0,"95":0,"96":0,"97":0,"98":0,"99":0,"100":0,"101":0,"102":0,"103":0,"104":0},"f":{"0":0,"1":0,"2":0,"3":0,"4":0,"5":0,"6":0,"7":0,"8":0,"9":0,"10":0,"11":0,"12":0,"13":0,"14":0,"15":0},"b":{"0":[0,0],"1":[0,0],"2":[0,0],"3":[0,0],"4":[0,0],"5":[0,0],"6":[0,0],"7":[0,0],"8":[0,0],"9":[0,0],"10":[0,0],"11":[0,0],"12":[0,0],"13":[0,0],"14":[0,0],"15":[0,0],"16":[0,0],"17":[0,0],"18":[0,0],"19":[0,0],"20":[0,0],"21":[0,0],"22":[0,0]}}
,"/Users/yinhang/study/beer-util/src/ds/Graph.js": {"path":"/Users/yinhang/study/beer-util/src/ds/Graph.js","statementMap":{"0":{"start":{"line":3,"column":4},"end":{"line":null,"column":-1}},"1":{"start":{"line":4,"column":4},"end":{"line":null,"column":-1}},"2":{"start":{"line":5,"column":4},"end":{"line":null,"column":-1}},"3":{"start":{"line":6,"column":4},"end":{"line":null,"column":-1}},"4":{"start":{"line":7,"column":4},"end":{"line":9,"column":5}},"5":{"start":{"line":8,"column":8},"end":{"line":null,"column":-1}},"6":{"start":{"line":10,"column":4},"end":{"line":null,"column":-1}},"7":{"start":{"line":11,"column":4},"end":{"line":null,"column":-1}},"8":{"start":{"line":12,"column":4},"end":{"line":null,"column":-1}},"9":{"start":{"line":13,"column":4},"end":{"line":null,"column":-1}},"10":{"start":{"line":14,"column":4},"end":{"line":16,"column":5}},"11":{"start":{"line":15,"column":8},"end":{"line":null,"column":-1}},"12":{"start":{"line":17,"column":4},"end":{"line":null,"column":-1}},"13":{"start":{"line":18,"column":4},"end":{"line":null,"column":-1}},"14":{"start":{"line":19,"column":4},"end":{"line":null,"column":-1}},"15":{"start":{"line":20,"column":4},"end":{"line":null,"column":-1}},"16":{"start":{"line":21,"column":4},"end":{"line":null,"column":-1}},"17":{"start":{"line":22,"column":4},"end":{"line":null,"column":-1}},"18":{"start":{"line":23,"column":4},"end":{"line":null,"column":-1}},"19":{"start":{"line":26,"column":20},"end":{"line":26,"column":8}},"20":{"start":{"line":27,"column":22},"end":{"line":27,"column":8}},"21":{"start":{"line":28,"column":8},"end":{"line":30,"column":9}},"22":{"start":{"line":29,"column":12},"end":{"line":null,"column":-1}},"23":{"start":{"line":31,"column":8},"end":{"line":35,"column":9}},"24":{"start":{"line":32,"column":12},"end":{"line":34,"column":13}},"25":{"start":{"line":33,"column":16},"end":{"line":null,"column":-1}},"26":{"start":{"line":36,"column":8},"end":{"line":40,"column":9}},"27":{"start":{"line":37,"column":12},"end":{"line":39,"column":13}},"28":{"start":{"line":38,"column":16},"end":{"line":null,"column":-1}},"29":{"start":{"line":46,"column":8},"end":{"line":null,"column":-1}},"30":{"start":{"line":47,"column":8},"end":{"line":51,"column":9}},"31":{"start":{"line":48,"column":12},"end":{"line":50,"column":13}},"32":{"start":{"line":49,"column":16},"end":{"line":null,"column":-1}},"33":{"start":{"line":52,"column":8},"end":{"line":null,"column":-1}},"34":{"start":{"line":56,"column":8},"end":{"line":null,"column":-1}},"35":{"start":{"line":57,"column":8},"end":{"line":null,"column":-1}},"36":{"start":{"line":58,"column":8},"end":{"line":null,"column":-1}},"37":{"start":{"line":62,"column":22},"end":{"line":62,"column":8}},"38":{"start":{"line":63,"column":8},"end":{"line":74,"column":9}},"39":{"start":{"line":64,"column":12},"end":{"line":null,"column":-1}},"40":{"start":{"line":65,"column":12},"end":{"line":null,"column":-1}},"41":{"start":{"line":66,"column":12},"end":{"line":72,"column":13}},"42":{"start":{"line":67,"column":16},"end":{"line":71,"column":17}},"43":{"start":{"line":68,"column":20},"end":{"line":70,"column":21}},"44":{"start":{"line":69,"column":24},"end":{"line":null,"column":-1}},"45":{"start":{"line":73,"column":12},"end":{"line":null,"column":-1}},"46":{"start":{"line":79,"column":8},"end":{"line":null,"column":-1}},"47":{"start":{"line":81,"column":8},"end":{"line":88,"column":9}},"48":{"start":{"line":82,"column":12},"end":{"line":null,"column":-1}},"49":{"start":{"line":83,"column":12},"end":{"line":87,"column":13}},"50":{"start":{"line":84,"column":16},"end":{"line":86,"column":17}},"51":{"start":{"line":85,"column":20},"end":{"line":null,"column":-1}},"52":{"start":{"line":92,"column":8},"end":{"line":null,"column":-1}},"53":{"start":{"line":93,"column":8},"end":{"line":95,"column":9}},"54":{"start":{"line":94,"column":12},"end":{"line":null,"column":-1}},"55":{"start":{"line":99,"column":8},"end":{"line":null,"column":-1}},"56":{"start":{"line":100,"column":20},"end":{"line":100,"column":8}},"57":{"start":{"line":101,"column":8},"end":{"line":null,"column":-1}},"58":{"start":{"line":102,"column":8},"end":{"line":98,"column":20}},"59":{"start":{"line":103,"column":8},"end":{"line":115,"column":9}},"60":{"start":{"line":104,"column":20},"end":{"line":104,"column":12}},"61":{"start":{"line":105,"column":12},"end":{"line":107,"column":13}},"62":{"start":{"line":106,"column":16},"end":{"line":null,"column":-1}},"63":{"start":{"line":108,"column":12},"end":{"line":114,"column":13}},"64":{"start":{"line":109,"column":16},"end":{"line":113,"column":17}},"65":{"start":{"line":110,"column":20},"end":{"line":null,"column":-1}},"66":{"start":{"line":111,"column":20},"end":{"line":null,"column":-1}},"67":{"start":{"line":112,"column":20},"end":{"line":null,"column":-1}},"68":{"start":{"line":119,"column":21},"end":{"line":119,"column":8}},"69":{"start":{"line":120,"column":8},"end":{"line":null,"column":-1}},"70":{"start":{"line":121,"column":8},"end":{"line":123,"column":9}},"71":{"start":{"line":122,"column":12},"end":{"line":null,"column":-1}},"72":{"start":{"line":124,"column":19},"end":{"line":124,"column":8}},"73":{"start":{"line":125,"column":8},"end":{"line":127,"column":9}},"74":{"start":{"line":126,"column":12},"end":{"line":null,"column":-1}},"75":{"start":{"line":128,"column":8},"end":{"line":null,"column":-1}},"76":{"start":{"line":129,"column":8},"end":{"line":null,"column":-1}},"77":{"start":{"line":133,"column":8},"end":{"line":null,"column":-1}},"78":{"start":{"line":137,"column":0},"end":{"line":null,"column":-1}}},"fnMap":{"0":{"name":"Graph","decl":{"start":{"line":2,"column":9},"end":{"line":2,"column":0}},"loc":{"start":{"line":2,"column":18},"end":{"line":135,"column":1}}},"1":{"name":"topSort","decl":{"start":{"line":25,"column":13},"end":{"line":25,"column":4}},"loc":{"start":{"line":25,"column":23},"end":{"line":42,"column":5}}},"2":{"name":"topSortHelper","decl":{"start":{"line":45,"column":13},"end":{"line":45,"column":4}},"loc":{"start":{"line":45,"column":46},"end":{"line":53,"column":5}}},"3":{"name":"addEdge","decl":{"start":{"line":55,"column":13},"end":{"line":55,"column":4}},"loc":{"start":{"line":55,"column":26},"end":{"line":59,"column":5}}},"4":{"name":"showGraph","decl":{"start":{"line":61,"column":13},"end":{"line":61,"column":4}},"loc":{"start":{"line":61,"column":25},"end":{"line":75,"column":5}}},"5":{"name":"dfs","decl":{"start":{"line":78,"column":13},"end":{"line":78,"column":4}},"loc":{"start":{"line":78,"column":20},"end":{"line":89,"column":5}}},"6":{"name":"initMarked","decl":{"start":{"line":91,"column":13},"end":{"line":91,"column":4}},"loc":{"start":{"line":91,"column":26},"end":{"line":96,"column":5}}},"7":{"name":"bfs","decl":{"start":{"line":98,"column":13},"end":{"line":98,"column":4}},"loc":{"start":{"line":98,"column":20},"end":{"line":116,"column":5}}},"8":{"name":"pathTo","decl":{"start":{"line":118,"column":13},"end":{"line":118,"column":4}},"loc":{"start":{"line":118,"column":23},"end":{"line":130,"column":5}}},"9":{"name":"hasPathTo","decl":{"start":{"line":132,"column":13},"end":{"line":132,"column":4}},"loc":{"start":{"line":132,"column":26},"end":{"line":134,"column":5}}}},"branchMap":{"0":{"loc":{"start":{"line":32,"column":12},"end":{"line":34,"column":13}},"type":"if","locations":[{"start":{"line":32,"column":12},"end":{"line":34,"column":13}},{"start":{"line":32,"column":12},"end":{"line":34,"column":13}}]},"1":{"loc":{"start":{"line":37,"column":12},"end":{"line":39,"column":13}},"type":"if","locations":[{"start":{"line":37,"column":12},"end":{"line":39,"column":13}},{"start":{"line":37,"column":12},"end":{"line":39,"column":13}}]},"2":{"loc":{"start":{"line":37,"column":16},"end":{"line":37,"column":15}},"type":"binary-expr","locations":[{"start":{"line":37,"column":16},"end":{"line":37,"column":15}},{"start":{"line":37,"column":41},"end":{"line":37,"column":12}}]},"3":{"loc":{"start":{"line":48,"column":12},"end":{"line":50,"column":13}},"type":"if","locations":[{"start":{"line":48,"column":12},"end":{"line":50,"column":13}},{"start":{"line":48,"column":12},"end":{"line":50,"column":13}}]},"4":{"loc":{"start":{"line":67,"column":16},"end":{"line":71,"column":17}},"type":"if","locations":[{"start":{"line":67,"column":16},"end":{"line":71,"column":17}},{"start":{"line":67,"column":16},"end":{"line":71,"column":17}}]},"5":{"loc":{"start":{"line":68,"column":20},"end":{"line":70,"column":21}},"type":"if","locations":[{"start":{"line":68,"column":20},"end":{"line":70,"column":21}},{"start":{"line":68,"column":20},"end":{"line":70,"column":21}}]},"6":{"loc":{"start":{"line":81,"column":8},"end":{"line":88,"column":9}},"type":"if","locations":[{"start":{"line":81,"column":8},"end":{"line":88,"column":9}},{"start":{"line":81,"column":8},"end":{"line":88,"column":9}}]},"7":{"loc":{"start":{"line":84,"column":16},"end":{"line":86,"column":17}},"type":"if","locations":[{"start":{"line":84,"column":16},"end":{"line":86,"column":17}},{"start":{"line":84,"column":16},"end":{"line":86,"column":17}}]},"8":{"loc":{"start":{"line":105,"column":12},"end":{"line":107,"column":13}},"type":"if","locations":[{"start":{"line":105,"column":12},"end":{"line":107,"column":13}},{"start":{"line":105,"column":12},"end":{"line":107,"column":13}}]},"9":{"loc":{"start":{"line":109,"column":16},"end":{"line":113,"column":17}},"type":"if","locations":[{"start":{"line":109,"column":16},"end":{"line":113,"column":17}},{"start":{"line":109,"column":16},"end":{"line":113,"column":17}}]},"10":{"loc":{"start":{"line":121,"column":8},"end":{"line":123,"column":9}},"type":"if","locations":[{"start":{"line":121,"column":8},"end":{"line":123,"column":9}},{"start":{"line":121,"column":8},"end":{"line":123,"column":9}}]}},"s":{"0":0,"1":0,"2":0,"3":0,"4":0,"5":0,"6":0,"7":0,"8":0,"9":0,"10":0,"11":0,"12":0,"13":0,"14":0,"15":0,"16":0,"17":0,"18":0,"19":0,"20":0,"21":0,"22":0,"23":0,"24":0,"25":0,"26":0,"27":0,"28":0,"29":0,"30":0,"31":0,"32":0,"33":0,"34":0,"35":0,"36":0,"37":0,"38":0,"39":0,"40":0,"41":0,"42":0,"43":0,"44":0,"45":0,"46":0,"47":0,"48":0,"49":0,"50":0,"51":0,"52":0,"53":0,"54":0,"55":0,"56":0,"57":0,"58":0,"59":0,"60":0,"61":0,"62":0,"63":0,"64":0,"65":0,"66":0,"67":0,"68":0,"69":0,"70":0,"71":0,"72":0,"73":0,"74":0,"75":0,"76":0,"77":0,"78":0},"f":{"0":0,"1":0,"2":0,"3":0,"4":0,"5":0,"6":0,"7":0,"8":0,"9":0},"b":{"0":[0,0],"1":[0,0],"2":[0,0],"3":[0,0],"4":[0,0],"5":[0,0],"6":[0,0],"7":[0,0],"8":[0,0],"9":[0,0],"10":[0,0]}}
,"/Users/yinhang/study/beer-util/src/ds/circleLinkedList.js": {"path":"/Users/yinhang/study/beer-util/src/ds/circleLinkedList.js","statementMap":{"0":{"start":{"line":3,"column":4},"end":{"line":null,"column":-1}},"1":{"start":{"line":4,"column":4},"end":{"line":null,"column":-1}},"2":{"start":{"line":8,"column":4},"end":{"line":null,"column":-1}},"3":{"start":{"line":9,"column":4},"end":{"line":null,"column":-1}},"4":{"start":{"line":10,"column":4},"end":{"line":null,"column":-1}},"5":{"start":{"line":11,"column":4},"end":{"line":null,"column":-1}},"6":{"start":{"line":12,"column":4},"end":{"line":null,"column":-1}},"7":{"start":{"line":13,"column":4},"end":{"line":null,"column":-1}},"8":{"start":{"line":14,"column":4},"end":{"line":null,"column":-1}},"9":{"start":{"line":17,"column":23},"end":{"line":17,"column":8}},"10":{"start":{"line":18,"column":8},"end":{"line":20,"column":9}},"11":{"start":{"line":19,"column":12},"end":{"line":null,"column":-1}},"12":{"start":{"line":21,"column":8},"end":{"line":null,"column":-1}},"13":{"start":{"line":24,"column":22},"end":{"line":24,"column":8}},"14":{"start":{"line":25,"column":22},"end":{"line":25,"column":8}},"15":{"start":{"line":26,"column":8},"end":{"line":null,"column":-1}},"16":{"start":{"line":27,"column":8},"end":{"line":null,"column":-1}},"17":{"start":{"line":30,"column":23},"end":{"line":30,"column":8}},"18":{"start":{"line":31,"column":8},"end":{"line":34,"column":9}},"19":{"start":{"line":32,"column":12},"end":{"line":null,"column":-1}},"20":{"start":{"line":33,"column":12},"end":{"line":null,"column":-1}},"21":{"start":{"line":37,"column":23},"end":{"line":37,"column":8}},"22":{"start":{"line":38,"column":8},"end":{"line":40,"column":9}},"23":{"start":{"line":39,"column":12},"end":{"line":null,"column":-1}},"24":{"start":{"line":41,"column":8},"end":{"line":null,"column":-1}},"25":{"start":{"line":44,"column":23},"end":{"line":44,"column":8}},"26":{"start":{"line":45,"column":8},"end":{"line":47,"column":9}},"27":{"start":{"line":46,"column":12},"end":{"line":null,"column":-1}},"28":{"start":{"line":51,"column":0},"end":{"line":null,"column":-1}}},"fnMap":{"0":{"name":"CNode","decl":{"start":{"line":2,"column":9},"end":{"line":2,"column":0}},"loc":{"start":{"line":2,"column":24},"end":{"line":5,"column":1}}},"1":{"name":"CLList","decl":{"start":{"line":7,"column":9},"end":{"line":7,"column":0}},"loc":{"start":{"line":7,"column":18},"end":{"line":49,"column":1}}},"2":{"name":"find","decl":{"start":{"line":16,"column":13},"end":{"line":16,"column":4}},"loc":{"start":{"line":16,"column":24},"end":{"line":22,"column":5}}},"3":{"name":"insert","decl":{"start":{"line":23,"column":13},"end":{"line":23,"column":4}},"loc":{"start":{"line":23,"column":38},"end":{"line":28,"column":5}}},"4":{"name":"display","decl":{"start":{"line":29,"column":13},"end":{"line":29,"column":4}},"loc":{"start":{"line":29,"column":23},"end":{"line":35,"column":5}}},"5":{"name":"findPrevious","decl":{"start":{"line":36,"column":13},"end":{"line":36,"column":4}},"loc":{"start":{"line":36,"column":32},"end":{"line":42,"column":5}}},"6":{"name":"remove","decl":{"start":{"line":43,"column":13},"end":{"line":43,"column":4}},"loc":{"start":{"line":43,"column":26},"end":{"line":48,"column":5}}}},"branchMap":{"0":{"loc":{"start":{"line":31,"column":14},"end":{"line":31,"column":13}},"type":"binary-expr","locations":[{"start":{"line":31,"column":14},"end":{"line":31,"column":13}},{"start":{"line":31,"column":39},"end":{"line":31,"column":8}}]},"1":{"loc":{"start":{"line":38,"column":16},"end":{"line":38,"column":15}},"type":"binary-expr","locations":[{"start":{"line":38,"column":16},"end":{"line":38,"column":15}},{"start":{"line":38,"column":43},"end":{"line":38,"column":8}}]},"2":{"loc":{"start":{"line":45,"column":8},"end":{"line":47,"column":9}},"type":"if","locations":[{"start":{"line":45,"column":8},"end":{"line":47,"column":9}},{"start":{"line":45,"column":8},"end":{"line":47,"column":9}}]}},"s":{"0":0,"1":0,"2":0,"3":0,"4":0,"5":0,"6":0,"7":0,"8":0,"9":0,"10":0,"11":0,"12":0,"13":0,"14":0,"15":0,"16":0,"17":0,"18":0,"19":0,"20":0,"21":0,"22":0,"23":0,"24":0,"25":0,"26":0,"27":0,"28":0},"f":{"0":0,"1":0,"2":0,"3":0,"4":0,"5":0,"6":0},"b":{"0":[0,0],"1":[0,0],"2":[0,0]}}
,"/Users/yinhang/study/beer-util/src/ds/dictionary.js": {"path":"/Users/yinhang/study/beer-util/src/ds/dictionary.js","statementMap":{"0":{"start":{"line":3,"column":4},"end":{"line":null,"column":-1}},"1":{"start":{"line":4,"column":4},"end":{"line":null,"column":-1}},"2":{"start":{"line":5,"column":4},"end":{"line":null,"column":-1}},"3":{"start":{"line":6,"column":4},"end":{"line":null,"column":-1}},"4":{"start":{"line":7,"column":4},"end":{"line":null,"column":-1}},"5":{"start":{"line":8,"column":4},"end":{"line":null,"column":-1}},"6":{"start":{"line":9,"column":4},"end":{"line":null,"column":-1}},"7":{"start":{"line":12,"column":8},"end":{"line":null,"column":-1}},"8":{"start":{"line":16,"column":8},"end":{"line":null,"column":-1}},"9":{"start":{"line":20,"column":8},"end":{"line":null,"column":-1}},"10":{"start":{"line":24,"column":8},"end":{"line":26,"column":9}},"11":{"start":{"line":25,"column":12},"end":{"line":null,"column":-1}},"12":{"start":{"line":29,"column":16},"end":{"line":29,"column":8}},"13":{"start":{"line":30,"column":8},"end":{"line":32,"column":9}},"14":{"start":{"line":31,"column":12},"end":{"line":null,"column":-1}},"15":{"start":{"line":33,"column":8},"end":{"line":null,"column":-1}},"16":{"start":{"line":36,"column":8},"end":{"line":38,"column":9}},"17":{"start":{"line":37,"column":12},"end":{"line":null,"column":-1}},"18":{"start":{"line":43,"column":0},"end":{"line":null,"column":-1}}},"fnMap":{"0":{"name":"Dictionary","decl":{"start":{"line":2,"column":9},"end":{"line":2,"column":0}},"loc":{"start":{"line":2,"column":23},"end":{"line":41,"column":1}}},"1":{"name":"add","decl":{"start":{"line":11,"column":13},"end":{"line":11,"column":4}},"loc":{"start":{"line":11,"column":29},"end":{"line":13,"column":5}}},"2":{"name":"find","decl":{"start":{"line":15,"column":13},"end":{"line":15,"column":4}},"loc":{"start":{"line":15,"column":23},"end":{"line":17,"column":5}}},"3":{"name":"remove","decl":{"start":{"line":19,"column":13},"end":{"line":19,"column":4}},"loc":{"start":{"line":19,"column":25},"end":{"line":21,"column":5}}},"4":{"name":"showAll","decl":{"start":{"line":23,"column":13},"end":{"line":23,"column":4}},"loc":{"start":{"line":23,"column":23},"end":{"line":27,"column":5}}},"5":{"name":"count","decl":{"start":{"line":28,"column":13},"end":{"line":28,"column":4}},"loc":{"start":{"line":28,"column":21},"end":{"line":34,"column":5}}},"6":{"name":"clear","decl":{"start":{"line":35,"column":13},"end":{"line":35,"column":4}},"loc":{"start":{"line":35,"column":21},"end":{"line":39,"column":5}}}},"branchMap":{},"s":{"0":0,"1":0,"2":0,"3":0,"4":0,"5":0,"6":0,"7":0,"8":0,"9":0,"10":0,"11":0,"12":0,"13":0,"14":0,"15":0,"16":0,"17":0,"18":0},"f":{"0":0,"1":0,"2":0,"3":0,"4":0,"5":0,"6":0},"b":{}}
,"/Users/yinhang/study/beer-util/src/ds/doubleLinkedList.js": {"path":"/Users/yinhang/study/beer-util/src/ds/doubleLinkedList.js","statementMap":{"0":{"start":{"line":3,"column":4},"end":{"line":null,"column":-1}},"1":{"start":{"line":4,"column":4},"end":{"line":null,"column":-1}},"2":{"start":{"line":5,"column":4},"end":{"line":null,"column":-1}},"3":{"start":{"line":9,"column":4},"end":{"line":null,"column":-1}},"4":{"start":{"line":10,"column":4},"end":{"line":null,"column":-1}},"5":{"start":{"line":11,"column":4},"end":{"line":null,"column":-1}},"6":{"start":{"line":12,"column":4},"end":{"line":null,"column":-1}},"7":{"start":{"line":13,"column":4},"end":{"line":null,"column":-1}},"8":{"start":{"line":14,"column":4},"end":{"line":null,"column":-1}},"9":{"start":{"line":15,"column":4},"end":{"line":null,"column":-1}},"10":{"start":{"line":18,"column":23},"end":{"line":18,"column":8}},"11":{"start":{"line":19,"column":8},"end":{"line":null,"column":-1}},"12":{"start":{"line":20,"column":8},"end":{"line":23,"column":9}},"13":{"start":{"line":21,"column":12},"end":{"line":null,"column":-1}},"14":{"start":{"line":22,"column":12},"end":{"line":null,"column":-1}},"15":{"start":{"line":27,"column":23},"end":{"line":27,"column":8}},"16":{"start":{"line":28,"column":8},"end":{"line":30,"column":9}},"17":{"start":{"line":29,"column":12},"end":{"line":null,"column":-1}},"18":{"start":{"line":31,"column":8},"end":{"line":null,"column":-1}},"19":{"start":{"line":35,"column":23},"end":{"line":35,"column":8}},"20":{"start":{"line":36,"column":8},"end":{"line":41,"column":9}},"21":{"start":{"line":37,"column":12},"end":{"line":null,"column":-1}},"22":{"start":{"line":38,"column":12},"end":{"line":null,"column":-1}},"23":{"start":{"line":39,"column":12},"end":{"line":null,"column":-1}},"24":{"start":{"line":40,"column":12},"end":{"line":null,"column":-1}},"25":{"start":{"line":45,"column":23},"end":{"line":45,"column":8}},"26":{"start":{"line":46,"column":8},"end":{"line":49,"column":9}},"27":{"start":{"line":47,"column":12},"end":{"line":null,"column":-1}},"28":{"start":{"line":48,"column":12},"end":{"line":null,"column":-1}},"29":{"start":{"line":53,"column":23},"end":{"line":53,"column":8}},"30":{"start":{"line":54,"column":8},"end":{"line":56,"column":9}},"31":{"start":{"line":55,"column":12},"end":{"line":null,"column":-1}},"32":{"start":{"line":57,"column":8},"end":{"line":null,"column":-1}},"33":{"start":{"line":61,"column":22},"end":{"line":61,"column":8}},"34":{"start":{"line":62,"column":22},"end":{"line":62,"column":8}},"35":{"start":{"line":63,"column":8},"end":{"line":null,"column":-1}},"36":{"start":{"line":64,"column":8},"end":{"line":null,"column":-1}},"37":{"start":{"line":65,"column":8},"end":{"line":null,"column":-1}},"38":{"start":{"line":70,"column":0},"end":{"line":null,"column":-1}}},"fnMap":{"0":{"name":"DNode","decl":{"start":{"line":2,"column":9},"end":{"line":2,"column":0}},"loc":{"start":{"line":2,"column":24},"end":{"line":6,"column":1}}},"1":{"name":"DLList","decl":{"start":{"line":8,"column":9},"end":{"line":8,"column":0}},"loc":{"start":{"line":8,"column":18},"end":{"line":67,"column":1}}},"2":{"name":"dispReverse","decl":{"start":{"line":17,"column":13},"end":{"line":17,"column":4}},"loc":{"start":{"line":17,"column":27},"end":{"line":24,"column":5}}},"3":{"name":"findLast","decl":{"start":{"line":26,"column":13},"end":{"line":26,"column":4}},"loc":{"start":{"line":26,"column":24},"end":{"line":32,"column":5}}},"4":{"name":"remove","decl":{"start":{"line":34,"column":13},"end":{"line":34,"column":4}},"loc":{"start":{"line":34,"column":26},"end":{"line":42,"column":5}}},"5":{"name":"display","decl":{"start":{"line":44,"column":13},"end":{"line":44,"column":4}},"loc":{"start":{"line":44,"column":23},"end":{"line":50,"column":5}}},"6":{"name":"find","decl":{"start":{"line":52,"column":13},"end":{"line":52,"column":4}},"loc":{"start":{"line":52,"column":24},"end":{"line":58,"column":5}}},"7":{"name":"insert","decl":{"start":{"line":60,"column":13},"end":{"line":60,"column":4}},"loc":{"start":{"line":60,"column":38},"end":{"line":66,"column":5}}}},"branchMap":{"0":{"loc":{"start":{"line":36,"column":8},"end":{"line":41,"column":9}},"type":"if","locations":[{"start":{"line":36,"column":8},"end":{"line":41,"column":9}},{"start":{"line":36,"column":8},"end":{"line":41,"column":9}}]}},"s":{"0":0,"1":0,"2":0,"3":0,"4":0,"5":0,"6":0,"7":0,"8":0,"9":0,"10":0,"11":0,"12":0,"13":0,"14":0,"15":0,"16":0,"17":0,"18":0,"19":0,"20":0,"21":0,"22":0,"23":0,"24":0,"25":0,"26":0,"27":0,"28":0,"29":0,"30":0,"31":0,"32":0,"33":0,"34":0,"35":0,"36":0,"37":0,"38":0},"f":{"0":0,"1":0,"2":0,"3":0,"4":0,"5":0,"6":0,"7":0},"b":{"0":[0,0]}}
,"/Users/yinhang/study/beer-util/src/ds/hashTableOpen.js": {"path":"/Users/yinhang/study/beer-util/src/ds/hashTableOpen.js","statementMap":{"0":{"start":{"line":6,"column":4},"end":{"line":null,"column":-1}},"1":{"start":{"line":7,"column":4},"end":{"line":null,"column":-1}},"2":{"start":{"line":8,"column":4},"end":{"line":null,"column":-1}},"3":{"start":{"line":9,"column":4},"end":{"line":null,"column":-1}},"4":{"start":{"line":10,"column":4},"end":{"line":null,"column":-1}},"5":{"start":{"line":11,"column":4},"end":{"line":null,"column":-1}},"6":{"start":{"line":12,"column":4},"end":{"line":null,"column":-1}},"7":{"start":{"line":15,"column":14},"end":{"line":15,"column":2}},"8":{"start":{"line":16,"column":2},"end":{"line":18,"column":3}},"9":{"start":{"line":17,"column":3},"end":{"line":null,"column":-1}},"10":{"start":{"line":19,"column":2},"end":{"line":null,"column":-1}},"11":{"start":{"line":20,"column":2},"end":{"line":null,"column":-1}},"12":{"start":{"line":21,"column":2},"end":{"line":null,"column":-1}},"13":{"start":{"line":24,"column":12},"end":{"line":24,"column":2}},"14":{"start":{"line":25,"column":14},"end":{"line":25,"column":2}},"15":{"start":{"line":26,"column":2},"end":{"line":33,"column":3}},"16":{"start":{"line":27,"column":3},"end":{"line":null,"column":-1}},"17":{"start":{"line":29,"column":3},"end":{"line":31,"column":4}},"18":{"start":{"line":30,"column":4},"end":{"line":null,"column":-1}},"19":{"start":{"line":32,"column":3},"end":{"line":null,"column":-1}},"20":{"start":{"line":38,"column":14},"end":{"line":38,"column":2}},"21":{"start":{"line":39,"column":12},"end":{"line":39,"column":2}},"22":{"start":{"line":40,"column":2},"end":{"line":52,"column":3}},"23":{"start":{"line":41,"column":3},"end":{"line":null,"column":-1}},"24":{"start":{"line":43,"column":3},"end":{"line":45,"column":13}},"25":{"start":{"line":44,"column":4},"end":{"line":null,"column":-1}},"26":{"start":{"line":46,"column":12},"end":{"line":50,"column":13}},"27":{"start":{"line":47,"column":16},"end":{"line":null,"column":-1}},"28":{"start":{"line":49,"column":16},"end":{"line":null,"column":-1}},"29":{"start":{"line":55,"column":2},"end":{"line":60,"column":3}},"30":{"start":{"line":56,"column":3},"end":{"line":59,"column":4}},"31":{"start":{"line":57,"column":4},"end":{"line":null,"column":-1}},"32":{"start":{"line":58,"column":4},"end":{"line":null,"column":-1}},"33":{"start":{"line":63,"column":2},"end":{"line":65,"column":3}},"34":{"start":{"line":64,"column":3},"end":{"line":null,"column":-1}},"35":{"start":{"line":68,"column":18},"end":{"line":68,"column":8}},"36":{"start":{"line":69,"column":20},"end":{"line":69,"column":8}},"37":{"start":{"line":70,"column":8},"end":{"line":72,"column":9}},"38":{"start":{"line":71,"column":12},"end":{"line":null,"column":-1}},"39":{"start":{"line":73,"column":8},"end":{"line":null,"column":-1}},"40":{"start":{"line":74,"column":8},"end":{"line":76,"column":9}},"41":{"start":{"line":75,"column":12},"end":{"line":null,"column":-1}},"42":{"start":{"line":77,"column":8},"end":{"line":null,"column":-1}},"43":{"start":{"line":82,"column":0},"end":{"line":null,"column":-1}}},"fnMap":{"0":{"name":"HashTableOpen","decl":{"start":{"line":4,"column":9},"end":{"line":4,"column":0}},"loc":{"start":{"line":4,"column":25},"end":{"line":80,"column":1}}},"1":{"name":"simpleHash","decl":{"start":{"line":14,"column":10},"end":{"line":14,"column":1}},"loc":{"start":{"line":14,"column":27},"end":{"line":22,"column":2}}},"2":{"name":"put","decl":{"start":{"line":23,"column":10},"end":{"line":23,"column":1}},"loc":{"start":{"line":23,"column":25},"end":{"line":35,"column":5}}},"3":{"name":"get","decl":{"start":{"line":37,"column":10},"end":{"line":37,"column":1}},"loc":{"start":{"line":37,"column":19},"end":{"line":53,"column":2}}},"4":{"name":"showDistro","decl":{"start":{"line":54,"column":10},"end":{"line":54,"column":1}},"loc":{"start":{"line":54,"column":22},"end":{"line":61,"column":5}}},"5":{"name":"buildChains","decl":{"start":{"line":62,"column":13},"end":{"line":62,"column":4}},"loc":{"start":{"line":62,"column":27},"end":{"line":66,"column":2}}},"6":{"name":"betterHash","decl":{"start":{"line":67,"column":13},"end":{"line":67,"column":4}},"loc":{"start":{"line":67,"column":32},"end":{"line":78,"column":5}}}},"branchMap":{"0":{"loc":{"start":{"line":26,"column":2},"end":{"line":33,"column":3}},"type":"if","locations":[{"start":{"line":26,"column":2},"end":{"line":33,"column":3}},{"start":{"line":26,"column":2},"end":{"line":33,"column":3}}]},"1":{"loc":{"start":{"line":40,"column":2},"end":{"line":52,"column":3}},"type":"if","locations":[{"start":{"line":40,"column":2},"end":{"line":52,"column":3}},{"start":{"line":40,"column":2},"end":{"line":52,"column":3}}]},"2":{"loc":{"start":{"line":43,"column":9},"end":{"line":43,"column":8}},"type":"binary-expr","locations":[{"start":{"line":43,"column":9},"end":{"line":43,"column":8}},{"start":{"line":43,"column":48},"end":{"line":43,"column":3}}]},"3":{"loc":{"start":{"line":46,"column":12},"end":{"line":50,"column":13}},"type":"if","locations":[{"start":{"line":46,"column":12},"end":{"line":50,"column":13}},{"start":{"line":46,"column":12},"end":{"line":50,"column":13}}]},"4":{"loc":{"start":{"line":56,"column":3},"end":{"line":59,"column":4}},"type":"if","locations":[{"start":{"line":56,"column":3},"end":{"line":59,"column":4}},{"start":{"line":56,"column":3},"end":{"line":59,"column":4}}]},"5":{"loc":{"start":{"line":74,"column":8},"end":{"line":76,"column":9}},"type":"if","locations":[{"start":{"line":74,"column":8},"end":{"line":76,"column":9}},{"start":{"line":74,"column":8},"end":{"line":76,"column":9}}]}},"s":{"0":0,"1":0,"2":0,"3":0,"4":0,"5":0,"6":0,"7":0,"8":0,"9":0,"10":0,"11":0,"12":0,"13":0,"14":0,"15":0,"16":0,"17":0,"18":0,"19":0,"20":0,"21":0,"22":0,"23":0,"24":0,"25":0,"26":0,"27":0,"28":0,"29":0,"30":0,"31":0,"32":0,"33":0,"34":0,"35":0,"36":0,"37":0,"38":0,"39":0,"40":0,"41":0,"42":0,"43":0},"f":{"0":0,"1":0,"2":0,"3":0,"4":0,"5":0,"6":0},"b":{"0":[0,0],"1":[0,0],"2":[0,0],"3":[0,0],"4":[0,0],"5":[0,0]}}
,"/Users/yinhang/study/beer-util/src/ds/hashTableSeq.js": {"path":"/Users/yinhang/study/beer-util/src/ds/hashTableSeq.js","statementMap":{"0":{"start":{"line":6,"column":4},"end":{"line":null,"column":-1}},"1":{"start":{"line":7,"column":4},"end":{"line":null,"column":-1}},"2":{"start":{"line":8,"column":4},"end":{"line":null,"column":-1}},"3":{"start":{"line":9,"column":4},"end":{"line":null,"column":-1}},"4":{"start":{"line":10,"column":4},"end":{"line":null,"column":-1}},"5":{"start":{"line":11,"column":4},"end":{"line":null,"column":-1}},"6":{"start":{"line":12,"column":4},"end":{"line":null,"column":-1}},"7":{"start":{"line":14,"column":4},"end":{"line":null,"column":-1}},"8":{"start":{"line":17,"column":14},"end":{"line":17,"column":2}},"9":{"start":{"line":18,"column":2},"end":{"line":20,"column":3}},"10":{"start":{"line":19,"column":3},"end":{"line":null,"column":-1}},"11":{"start":{"line":21,"column":2},"end":{"line":null,"column":-1}},"12":{"start":{"line":22,"column":2},"end":{"line":null,"column":-1}},"13":{"start":{"line":23,"column":2},"end":{"line":null,"column":-1}},"14":{"start":{"line":26,"column":12},"end":{"line":26,"column":2}},"15":{"start":{"line":27,"column":2},"end":{"line":36,"column":9}},"16":{"start":{"line":28,"column":12},"end":{"line":null,"column":-1}},"17":{"start":{"line":29,"column":12},"end":{"line":null,"column":-1}},"18":{"start":{"line":31,"column":12},"end":{"line":33,"column":13}},"19":{"start":{"line":32,"column":16},"end":{"line":null,"column":-1}},"20":{"start":{"line":34,"column":12},"end":{"line":null,"column":-1}},"21":{"start":{"line":35,"column":12},"end":{"line":null,"column":-1}},"22":{"start":{"line":41,"column":19},"end":{"line":41,"column":8}},"23":{"start":{"line":42,"column":8},"end":{"line":null,"column":-1}},"24":{"start":{"line":43,"column":8},"end":{"line":49,"column":9}},"25":{"start":{"line":44,"column":12},"end":{"line":48,"column":13}},"26":{"start":{"line":45,"column":16},"end":{"line":47,"column":17}},"27":{"start":{"line":46,"column":20},"end":{"line":null,"column":-1}},"28":{"start":{"line":50,"column":8},"end":{"line":null,"column":-1}},"29":{"start":{"line":53,"column":2},"end":{"line":58,"column":3}},"30":{"start":{"line":54,"column":3},"end":{"line":57,"column":4}},"31":{"start":{"line":55,"column":4},"end":{"line":null,"column":-1}},"32":{"start":{"line":56,"column":4},"end":{"line":null,"column":-1}},"33":{"start":{"line":61,"column":2},"end":{"line":63,"column":3}},"34":{"start":{"line":62,"column":3},"end":{"line":null,"column":-1}},"35":{"start":{"line":66,"column":18},"end":{"line":66,"column":8}},"36":{"start":{"line":67,"column":20},"end":{"line":67,"column":8}},"37":{"start":{"line":68,"column":8},"end":{"line":70,"column":9}},"38":{"start":{"line":69,"column":12},"end":{"line":null,"column":-1}},"39":{"start":{"line":71,"column":8},"end":{"line":null,"column":-1}},"40":{"start":{"line":72,"column":8},"end":{"line":74,"column":9}},"41":{"start":{"line":73,"column":12},"end":{"line":null,"column":-1}},"42":{"start":{"line":75,"column":8},"end":{"line":null,"column":-1}},"43":{"start":{"line":80,"column":0},"end":{"line":null,"column":-1}}},"fnMap":{"0":{"name":"HashTableSeq","decl":{"start":{"line":4,"column":9},"end":{"line":4,"column":0}},"loc":{"start":{"line":4,"column":24},"end":{"line":78,"column":1}}},"1":{"name":"simpleHash","decl":{"start":{"line":16,"column":10},"end":{"line":16,"column":1}},"loc":{"start":{"line":16,"column":27},"end":{"line":24,"column":2}}},"2":{"name":"put","decl":{"start":{"line":25,"column":10},"end":{"line":25,"column":1}},"loc":{"start":{"line":25,"column":25},"end":{"line":38,"column":5}}},"3":{"name":"get","decl":{"start":{"line":40,"column":10},"end":{"line":40,"column":1}},"loc":{"start":{"line":40,"column":19},"end":{"line":51,"column":2}}},"4":{"name":"showDistro","decl":{"start":{"line":52,"column":10},"end":{"line":52,"column":1}},"loc":{"start":{"line":52,"column":22},"end":{"line":59,"column":5}}},"5":{"name":"buildChains","decl":{"start":{"line":60,"column":13},"end":{"line":60,"column":4}},"loc":{"start":{"line":60,"column":27},"end":{"line":64,"column":2}}},"6":{"name":"betterHash","decl":{"start":{"line":65,"column":13},"end":{"line":65,"column":4}},"loc":{"start":{"line":65,"column":32},"end":{"line":76,"column":5}}}},"branchMap":{"0":{"loc":{"start":{"line":27,"column":2},"end":{"line":36,"column":9}},"type":"if","locations":[{"start":{"line":27,"column":2},"end":{"line":36,"column":9}},{"start":{"line":27,"column":2},"end":{"line":36,"column":9}}]},"1":{"loc":{"start":{"line":43,"column":8},"end":{"line":49,"column":9}},"type":"if","locations":[{"start":{"line":43,"column":8},"end":{"line":49,"column":9}},{"start":{"line":43,"column":8},"end":{"line":49,"column":9}}]},"2":{"loc":{"start":{"line":45,"column":16},"end":{"line":47,"column":17}},"type":"if","locations":[{"start":{"line":45,"column":16},"end":{"line":47,"column":17}},{"start":{"line":45,"column":16},"end":{"line":47,"column":17}}]},"3":{"loc":{"start":{"line":54,"column":3},"end":{"line":57,"column":4}},"type":"if","locations":[{"start":{"line":54,"column":3},"end":{"line":57,"column":4}},{"start":{"line":54,"column":3},"end":{"line":57,"column":4}}]},"4":{"loc":{"start":{"line":72,"column":8},"end":{"line":74,"column":9}},"type":"if","locations":[{"start":{"line":72,"column":8},"end":{"line":74,"column":9}},{"start":{"line":72,"column":8},"end":{"line":74,"column":9}}]}},"s":{"0":0,"1":0,"2":0,"3":0,"4":0,"5":0,"6":0,"7":0,"8":0,"9":0,"10":0,"11":0,"12":0,"13":0,"14":0,"15":0,"16":0,"17":0,"18":0,"19":0,"20":0,"21":0,"22":0,"23":0,"24":0,"25":0,"26":0,"27":0,"28":0,"29":0,"30":0,"31":0,"32":0,"33":0,"34":0,"35":0,"36":0,"37":0,"38":0,"39":0,"40":0,"41":0,"42":0,"43":0},"f":{"0":0,"1":0,"2":0,"3":0,"4":0,"5":0,"6":0},"b":{"0":[0,0],"1":[0,0],"2":[0,0],"3":[0,0],"4":[0,0]}}
,"/Users/yinhang/study/beer-util/src/ds/index.js": {"path":"/Users/yinhang/study/beer-util/src/ds/index.js","statementMap":{"0":{"start":{"line":3,"column":10},"end":{"line":3,"column":0}},"1":{"start":{"line":4,"column":23},"end":{"line":4,"column":0}},"2":{"start":{"line":5,"column":17},"end":{"line":5,"column":0}},"3":{"start":{"line":6,"column":23},"end":{"line":6,"column":0}},"4":{"start":{"line":7,"column":12},"end":{"line":7,"column":0}},"5":{"start":{"line":8,"column":20},"end":{"line":8,"column":0}},"6":{"start":{"line":9,"column":19},"end":{"line":9,"column":0}},"7":{"start":{"line":10,"column":17},"end":{"line":10,"column":0}},"8":{"start":{"line":11,"column":11},"end":{"line":11,"column":0}},"9":{"start":{"line":12,"column":12},"end":{"line":12,"column":0}},"10":{"start":{"line":13,"column":13},"end":{"line":13,"column":0}},"11":{"start":{"line":14,"column":10},"end":{"line":14,"column":0}},"12":{"start":{"line":15,"column":11},"end":{"line":15,"column":0}},"13":{"start":{"line":16,"column":12},"end":{"line":16,"column":0}},"14":{"start":{"line":18,"column":0},"end":{"line":null,"column":-1}}},"fnMap":{},"branchMap":{},"s":{"0":0,"1":0,"2":0,"3":0,"4":0,"5":0,"6":0,"7":0,"8":0,"9":0,"10":0,"11":0,"12":0,"13":0,"14":0},"f":{},"b":{}}
,"/Users/yinhang/study/beer-util/src/ds/linkedList.js": {"path":"/Users/yinhang/study/beer-util/src/ds/linkedList.js","statementMap":{"0":{"start":{"line":3,"column":4},"end":{"line":null,"column":-1}},"1":{"start":{"line":4,"column":4},"end":{"line":null,"column":-1}},"2":{"start":{"line":8,"column":4},"end":{"line":null,"column":-1}},"3":{"start":{"line":9,"column":4},"end":{"line":null,"column":-1}},"4":{"start":{"line":10,"column":4},"end":{"line":null,"column":-1}},"5":{"start":{"line":11,"column":4},"end":{"line":null,"column":-1}},"6":{"start":{"line":12,"column":4},"end":{"line":null,"column":-1}},"7":{"start":{"line":13,"column":4},"end":{"line":null,"column":-1}},"8":{"start":{"line":16,"column":23},"end":{"line":16,"column":8}},"9":{"start":{"line":17,"column":8},"end":{"line":19,"column":9}},"10":{"start":{"line":18,"column":12},"end":{"line":null,"column":-1}},"11":{"start":{"line":20,"column":8},"end":{"line":null,"column":-1}},"12":{"start":{"line":23,"column":22},"end":{"line":23,"column":8}},"13":{"start":{"line":24,"column":22},"end":{"line":24,"column":8}},"14":{"start":{"line":25,"column":8},"end":{"line":null,"column":-1}},"15":{"start":{"line":26,"column":8},"end":{"line":null,"column":-1}},"16":{"start":{"line":29,"column":23},"end":{"line":29,"column":8}},"17":{"start":{"line":30,"column":8},"end":{"line":33,"column":9}},"18":{"start":{"line":31,"column":12},"end":{"line":null,"column":-1}},"19":{"start":{"line":32,"column":12},"end":{"line":null,"column":-1}},"20":{"start":{"line":36,"column":23},"end":{"line":36,"column":8}},"21":{"start":{"line":37,"column":8},"end":{"line":39,"column":9}},"22":{"start":{"line":38,"column":12},"end":{"line":null,"column":-1}},"23":{"start":{"line":40,"column":8},"end":{"line":null,"column":-1}},"24":{"start":{"line":43,"column":23},"end":{"line":43,"column":8}},"25":{"start":{"line":44,"column":8},"end":{"line":46,"column":9}},"26":{"start":{"line":45,"column":12},"end":{"line":null,"column":-1}},"27":{"start":{"line":50,"column":0},"end":{"line":null,"column":-1}}},"fnMap":{"0":{"name":"Node","decl":{"start":{"line":2,"column":9},"end":{"line":2,"column":0}},"loc":{"start":{"line":2,"column":23},"end":{"line":5,"column":1}}},"1":{"name":"LList","decl":{"start":{"line":7,"column":9},"end":{"line":7,"column":0}},"loc":{"start":{"line":7,"column":17},"end":{"line":48,"column":1}}},"2":{"name":"find","decl":{"start":{"line":15,"column":13},"end":{"line":15,"column":4}},"loc":{"start":{"line":15,"column":24},"end":{"line":21,"column":5}}},"3":{"name":"insert","decl":{"start":{"line":22,"column":13},"end":{"line":22,"column":4}},"loc":{"start":{"line":22,"column":38},"end":{"line":27,"column":5}}},"4":{"name":"display","decl":{"start":{"line":28,"column":13},"end":{"line":28,"column":4}},"loc":{"start":{"line":28,"column":23},"end":{"line":34,"column":5}}},"5":{"name":"findPrevious","decl":{"start":{"line":35,"column":13},"end":{"line":35,"column":4}},"loc":{"start":{"line":35,"column":32},"end":{"line":41,"column":5}}},"6":{"name":"remove","decl":{"start":{"line":42,"column":13},"end":{"line":42,"column":4}},"loc":{"start":{"line":42,"column":26},"end":{"line":47,"column":5}}}},"branchMap":{"0":{"loc":{"start":{"line":37,"column":16},"end":{"line":37,"column":15}},"type":"binary-expr","locations":[{"start":{"line":37,"column":16},"end":{"line":37,"column":15}},{"start":{"line":37,"column":43},"end":{"line":37,"column":8}}]},"1":{"loc":{"start":{"line":44,"column":8},"end":{"line":46,"column":9}},"type":"if","locations":[{"start":{"line":44,"column":8},"end":{"line":46,"column":9}},{"start":{"line":44,"column":8},"end":{"line":46,"column":9}}]}},"s":{"0":0,"1":0,"2":0,"3":0,"4":0,"5":0,"6":0,"7":0,"8":0,"9":0,"10":0,"11":0,"12":0,"13":0,"14":0,"15":0,"16":0,"17":0,"18":0,"19":0,"20":0,"21":0,"22":0,"23":0,"24":0,"25":0,"26":0,"27":0},"f":{"0":0,"1":0,"2":0,"3":0,"4":0,"5":0,"6":0},"b":{"0":[0,0],"1":[0,0]}}
,"/Users/yinhang/study/beer-util/src/ds/list.js": {"path":"/Users/yinhang/study/beer-util/src/ds/list.js","statementMap":{"0":{"start":{"line":3,"column":4},"end":{"line":null,"column":-1}},"1":{"start":{"line":4,"column":4},"end":{"line":null,"column":-1}},"2":{"start":{"line":5,"column":4},"end":{"line":2,"column":16}},"3":{"start":{"line":6,"column":4},"end":{"line":null,"column":-1}},"4":{"start":{"line":7,"column":4},"end":{"line":null,"column":-1}},"5":{"start":{"line":8,"column":4},"end":{"line":null,"column":-1}},"6":{"start":{"line":9,"column":4},"end":{"line":null,"column":-1}},"7":{"start":{"line":10,"column":4},"end":{"line":null,"column":-1}},"8":{"start":{"line":11,"column":4},"end":{"line":null,"column":-1}},"9":{"start":{"line":12,"column":4},"end":{"line":null,"column":-1}},"10":{"start":{"line":13,"column":4},"end":{"line":null,"column":-1}},"11":{"start":{"line":14,"column":4},"end":{"line":null,"column":-1}},"12":{"start":{"line":15,"column":4},"end":{"line":null,"column":-1}},"13":{"start":{"line":16,"column":4},"end":{"line":null,"column":-1}},"14":{"start":{"line":17,"column":4},"end":{"line":null,"column":-1}},"15":{"start":{"line":18,"column":4},"end":{"line":null,"column":-1}},"16":{"start":{"line":19,"column":4},"end":{"line":null,"column":-1}},"17":{"start":{"line":20,"column":4},"end":{"line":null,"column":-1}},"18":{"start":{"line":21,"column":4},"end":{"line":null,"column":-1}},"19":{"start":{"line":23,"column":8},"end":{"line":null,"column":-1}},"20":{"start":{"line":26,"column":8},"end":{"line":30,"column":9}},"21":{"start":{"line":27,"column":12},"end":{"line":29,"column":13}},"22":{"start":{"line":28,"column":16},"end":{"line":null,"column":-1}},"23":{"start":{"line":31,"column":8},"end":{"line":null,"column":-1}},"24":{"start":{"line":34,"column":22},"end":{"line":34,"column":8}},"25":{"start":{"line":35,"column":8},"end":{"line":39,"column":9}},"26":{"start":{"line":36,"column":12},"end":{"line":null,"column":-1}},"27":{"start":{"line":37,"column":12},"end":{"line":null,"column":-1}},"28":{"start":{"line":38,"column":12},"end":{"line":null,"column":-1}},"29":{"start":{"line":40,"column":8},"end":{"line":null,"column":-1}},"30":{"start":{"line":43,"column":8},"end":{"line":null,"column":-1}},"31":{"start":{"line":46,"column":8},"end":{"line":null,"column":-1}},"32":{"start":{"line":50,"column":24},"end":{"line":50,"column":8}},"33":{"start":{"line":51,"column":8},"end":{"line":55,"column":9}},"34":{"start":{"line":52,"column":12},"end":{"line":null,"column":-1}},"35":{"start":{"line":53,"column":12},"end":{"line":null,"column":-1}},"36":{"start":{"line":54,"column":12},"end":{"line":null,"column":-1}},"37":{"start":{"line":56,"column":8},"end":{"line":null,"column":-1}},"38":{"start":{"line":60,"column":8},"end":{"line":null,"column":-1}},"39":{"start":{"line":61,"column":8},"end":{"line":null,"column":-1}},"40":{"start":{"line":62,"column":8},"end":{"line":null,"column":-1}},"41":{"start":{"line":66,"column":8},"end":{"line":null,"column":-1}},"42":{"start":{"line":67,"column":8},"end":{"line":null,"column":-1}},"43":{"start":{"line":71,"column":8},"end":{"line":null,"column":-1}},"44":{"start":{"line":75,"column":8},"end":{"line":null,"column":-1}},"45":{"start":{"line":79,"column":8},"end":{"line":81,"column":9}},"46":{"start":{"line":80,"column":12},"end":{"line":null,"column":-1}},"47":{"start":{"line":85,"column":8},"end":{"line":87,"column":9}},"48":{"start":{"line":86,"column":12},"end":{"line":null,"column":-1}},"49":{"start":{"line":91,"column":8},"end":{"line":null,"column":-1}},"50":{"start":{"line":95,"column":8},"end":{"line":null,"column":-1}},"51":{"start":{"line":99,"column":8},"end":{"line":null,"column":-1}},"52":{"start":{"line":103,"column":0},"end":{"line":null,"column":-1}}},"fnMap":{"0":{"name":"List","decl":{"start":{"line":2,"column":9},"end":{"line":2,"column":0}},"loc":{"start":{"line":2,"column":16},"end":{"line":102,"column":1}}},"1":{"name":"append","decl":{"start":{"line":22,"column":13},"end":{"line":22,"column":4}},"loc":{"start":{"line":22,"column":29},"end":{"line":24,"column":5}}},"2":{"name":"find","decl":{"start":{"line":25,"column":13},"end":{"line":25,"column":4}},"loc":{"start":{"line":25,"column":27},"end":{"line":32,"column":5}}},"3":{"name":"remove","decl":{"start":{"line":33,"column":13},"end":{"line":33,"column":4}},"loc":{"start":{"line":33,"column":29},"end":{"line":41,"column":5}}},"4":{"name":"length","decl":{"start":{"line":42,"column":13},"end":{"line":42,"column":4}},"loc":{"start":{"line":42,"column":22},"end":{"line":44,"column":5}}},"5":{"name":"toString","decl":{"start":{"line":45,"column":13},"end":{"line":45,"column":4}},"loc":{"start":{"line":45,"column":24},"end":{"line":47,"column":5}}},"6":{"name":"insert","decl":{"start":{"line":49,"column":13},"end":{"line":49,"column":4}},"loc":{"start":{"line":49,"column":35},"end":{"line":57,"column":5}}},"7":{"name":"clear","decl":{"start":{"line":59,"column":13},"end":{"line":59,"column":4}},"loc":{"start":{"line":59,"column":21},"end":{"line":63,"column":5}}},"8":{"name":"contains","decl":{"start":{"line":65,"column":13},"end":{"line":65,"column":4}},"loc":{"start":{"line":65,"column":31},"end":{"line":68,"column":5}}},"9":{"name":"front","decl":{"start":{"line":70,"column":13},"end":{"line":70,"column":4}},"loc":{"start":{"line":70,"column":21},"end":{"line":72,"column":5}}},"10":{"name":"end","decl":{"start":{"line":74,"column":13},"end":{"line":74,"column":4}},"loc":{"start":{"line":74,"column":19},"end":{"line":76,"column":5}}},"11":{"name":"prev","decl":{"start":{"line":78,"column":13},"end":{"line":78,"column":4}},"loc":{"start":{"line":78,"column":20},"end":{"line":82,"column":5}}},"12":{"name":"next","decl":{"start":{"line":84,"column":13},"end":{"line":84,"column":4}},"loc":{"start":{"line":84,"column":20},"end":{"line":88,"column":5}}},"13":{"name":"currPos","decl":{"start":{"line":90,"column":13},"end":{"line":90,"column":4}},"loc":{"start":{"line":90,"column":23},"end":{"line":92,"column":5}}},"14":{"name":"moveTo","decl":{"start":{"line":94,"column":13},"end":{"line":94,"column":4}},"loc":{"start":{"line":94,"column":30},"end":{"line":96,"column":5}}},"15":{"name":"getElement","decl":{"start":{"line":98,"column":13},"end":{"line":98,"column":4}},"loc":{"start":{"line":98,"column":26},"end":{"line":100,"column":5}}}},"branchMap":{"0":{"loc":{"start":{"line":27,"column":12},"end":{"line":29,"column":13}},"type":"if","locations":[{"start":{"line":27,"column":12},"end":{"line":29,"column":13}},{"start":{"line":27,"column":12},"end":{"line":29,"column":13}}]},"1":{"loc":{"start":{"line":35,"column":8},"end":{"line":39,"column":9}},"type":"if","locations":[{"start":{"line":35,"column":8},"end":{"line":39,"column":9}},{"start":{"line":35,"column":8},"end":{"line":39,"column":9}}]},"2":{"loc":{"start":{"line":51,"column":8},"end":{"line":55,"column":9}},"type":"if","locations":[{"start":{"line":51,"column":8},"end":{"line":55,"column":9}},{"start":{"line":51,"column":8},"end":{"line":55,"column":9}}]},"3":{"loc":{"start":{"line":67,"column":30},"end":{"line":67,"column":15}},"type":"cond-expr","locations":[{"start":{"line":67,"column":30},"end":{"line":67,"column":15}},{"start":{"line":67,"column":36},"end":{"line":67,"column":8}}]},"4":{"loc":{"start":{"line":79,"column":8},"end":{"line":81,"column":9}},"type":"if","locations":[{"start":{"line":79,"column":8},"end":{"line":81,"column":9}},{"start":{"line":79,"column":8},"end":{"line":81,"column":9}}]},"5":{"loc":{"start":{"line":85,"column":8},"end":{"line":87,"column":9}},"type":"if","locations":[{"start":{"line":85,"column":8},"end":{"line":87,"column":9}},{"start":{"line":85,"column":8},"end":{"line":87,"column":9}}]}},"s":{"0":0,"1":0,"2":0,"3":0,"4":0,"5":0,"6":0,"7":0,"8":0,"9":0,"10":0,"11":0,"12":0,"13":0,"14":0,"15":0,"16":0,"17":0,"18":0,"19":0,"20":0,"21":0,"22":0,"23":0,"24":0,"25":0,"26":0,"27":0,"28":0,"29":0,"30":0,"31":0,"32":0,"33":0,"34":0,"35":0,"36":0,"37":0,"38":0,"39":0,"40":0,"41":0,"42":0,"43":0,"44":0,"45":0,"46":0,"47":0,"48":0,"49":0,"50":0,"51":0,"52":0},"f":{"0":0,"1":0,"2":0,"3":0,"4":0,"5":0,"6":0,"7":0,"8":0,"9":0,"10":0,"11":0,"12":0,"13":0,"14":0,"15":0},"b":{"0":[0,0],"1":[0,0],"2":[0,0],"3":[0,0],"4":[0,0],"5":[0,0]}}
,"/Users/yinhang/study/beer-util/src/ds/queue.js": {"path":"/Users/yinhang/study/beer-util/src/ds/queue.js","statementMap":{"0":{"start":{"line":3,"column":4},"end":{"line":null,"column":-1}},"1":{"start":{"line":4,"column":4},"end":{"line":null,"column":-1}},"2":{"start":{"line":5,"column":4},"end":{"line":null,"column":-1}},"3":{"start":{"line":6,"column":4},"end":{"line":null,"column":-1}},"4":{"start":{"line":7,"column":4},"end":{"line":null,"column":-1}},"5":{"start":{"line":8,"column":4},"end":{"line":null,"column":-1}},"6":{"start":{"line":9,"column":4},"end":{"line":null,"column":-1}},"7":{"start":{"line":12,"column":8},"end":{"line":null,"column":-1}},"8":{"start":{"line":16,"column":8},"end":{"line":null,"column":-1}},"9":{"start":{"line":20,"column":8},"end":{"line":null,"column":-1}},"10":{"start":{"line":24,"column":8},"end":{"line":null,"column":-1}},"11":{"start":{"line":28,"column":21},"end":{"line":28,"column":8}},"12":{"start":{"line":29,"column":8},"end":{"line":31,"column":9}},"13":{"start":{"line":30,"column":12},"end":{"line":null,"column":-1}},"14":{"start":{"line":32,"column":8},"end":{"line":null,"column":-1}},"15":{"start":{"line":36,"column":8},"end":{"line":40,"column":9}},"16":{"start":{"line":37,"column":12},"end":{"line":null,"column":-1}},"17":{"start":{"line":39,"column":12},"end":{"line":null,"column":-1}},"18":{"start":{"line":44,"column":0},"end":{"line":null,"column":-1}}},"fnMap":{"0":{"name":"Queue","decl":{"start":{"line":2,"column":9},"end":{"line":2,"column":0}},"loc":{"start":{"line":2,"column":17},"end":{"line":42,"column":1}}},"1":{"name":"enqueue","decl":{"start":{"line":11,"column":13},"end":{"line":11,"column":4}},"loc":{"start":{"line":11,"column":30},"end":{"line":13,"column":5}}},"2":{"name":"dequeue","decl":{"start":{"line":15,"column":14},"end":{"line":15,"column":4}},"loc":{"start":{"line":15,"column":24},"end":{"line":17,"column":5}}},"3":{"name":"front","decl":{"start":{"line":19,"column":13},"end":{"line":19,"column":4}},"loc":{"start":{"line":19,"column":21},"end":{"line":21,"column":5}}},"4":{"name":"back","decl":{"start":{"line":23,"column":13},"end":{"line":23,"column":4}},"loc":{"start":{"line":23,"column":20},"end":{"line":25,"column":5}}},"5":{"name":"toString","decl":{"start":{"line":27,"column":13},"end":{"line":27,"column":4}},"loc":{"start":{"line":27,"column":24},"end":{"line":33,"column":5}}},"6":{"name":"empty","decl":{"start":{"line":35,"column":13},"end":{"line":35,"column":4}},"loc":{"start":{"line":35,"column":21},"end":{"line":41,"column":5}}}},"branchMap":{"0":{"loc":{"start":{"line":36,"column":8},"end":{"line":40,"column":9}},"type":"if","locations":[{"start":{"line":36,"column":8},"end":{"line":40,"column":9}},{"start":{"line":36,"column":8},"end":{"line":40,"column":9}}]}},"s":{"0":0,"1":0,"2":0,"3":0,"4":0,"5":0,"6":0,"7":0,"8":0,"9":0,"10":0,"11":0,"12":0,"13":0,"14":0,"15":0,"16":0,"17":0,"18":0},"f":{"0":0,"1":0,"2":0,"3":0,"4":0,"5":0,"6":0},"b":{"0":[0,0]}}
,"/Users/yinhang/study/beer-util/src/ds/search.js": {"path":"/Users/yinhang/study/beer-util/src/ds/search.js","statementMap":{"0":{"start":{"line":3,"column":4},"end":{"line":7,"column":5}},"1":{"start":{"line":4,"column":8},"end":{"line":6,"column":9}},"2":{"start":{"line":5,"column":12},"end":{"line":null,"column":-1}},"3":{"start":{"line":8,"column":4},"end":{"line":null,"column":-1}},"4":{"start":{"line":13,"column":4},"end":{"line":21,"column":5}},"5":{"start":{"line":14,"column":8},"end":{"line":20,"column":9}},"6":{"start":{"line":15,"column":12},"end":{"line":null,"column":-1}},"7":{"start":{"line":16,"column":12},"end":{"line":null,"column":-1}},"8":{"start":{"line":18,"column":13},"end":{"line":20,"column":9}},"9":{"start":{"line":19,"column":12},"end":{"line":null,"column":-1}},"10":{"start":{"line":22,"column":4},"end":{"line":null,"column":-1}},"11":{"start":{"line":27,"column":15},"end":{"line":27,"column":4}},"12":{"start":{"line":28,"column":4},"end":{"line":null,"column":-1}},"13":{"start":{"line":29,"column":4},"end":{"line":null,"column":-1}},"14":{"start":{"line":34,"column":21},"end":{"line":34,"column":4}},"15":{"start":{"line":35,"column":21},"end":{"line":35,"column":4}},"16":{"start":{"line":36,"column":4},"end":{"line":45,"column":5}},"17":{"start":{"line":37,"column":18},"end":{"line":37,"column":8}},"18":{"start":{"line":38,"column":8},"end":{"line":44,"column":9}},"19":{"start":{"line":39,"column":12},"end":{"line":null,"column":-1}},"20":{"start":{"line":40,"column":15},"end":{"line":44,"column":9}},"21":{"start":{"line":41,"column":12},"end":{"line":null,"column":-1}},"22":{"start":{"line":43,"column":12},"end":{"line":null,"column":-1}},"23":{"start":{"line":46,"column":4},"end":{"line":null,"column":-1}},"24":{"start":{"line":51,"column":14},"end":{"line":51,"column":4}},"25":{"start":{"line":53,"column":4},"end":{"line":55,"column":5}},"26":{"start":{"line":54,"column":8},"end":{"line":null,"column":-1}},"27":{"start":{"line":57,"column":17},"end":{"line":57,"column":4}},"28":{"start":{"line":59,"column":4},"end":{"line":67,"column":5}},"29":{"start":{"line":61,"column":8},"end":{"line":null,"column":-1}},"30":{"start":{"line":62,"column":11},"end":{"line":67,"column":5}},"31":{"start":{"line":64,"column":8},"end":{"line":null,"column":-1}},"32":{"start":{"line":66,"column":8},"end":{"line":null,"column":-1}},"33":{"start":{"line":72,"column":16},"end":{"line":72,"column":4}},"34":{"start":{"line":73,"column":19},"end":{"line":73,"column":4}},"35":{"start":{"line":74,"column":4},"end":{"line":92,"column":5}},"36":{"start":{"line":75,"column":8},"end":{"line":null,"column":-1}},"37":{"start":{"line":76,"column":8},"end":{"line":83,"column":9}},"38":{"start":{"line":77,"column":12},"end":{"line":82,"column":13}},"39":{"start":{"line":78,"column":16},"end":{"line":null,"column":-1}},"40":{"start":{"line":81,"column":16},"end":{"line":null,"column":-1}},"41":{"start":{"line":84,"column":8},"end":{"line":91,"column":9}},"42":{"start":{"line":85,"column":12},"end":{"line":90,"column":13}},"43":{"start":{"line":86,"column":16},"end":{"line":null,"column":-1}},"44":{"start":{"line":89,"column":16},"end":{"line":null,"column":-1}},"45":{"start":{"line":93,"column":4},"end":{"line":null,"column":-1}},"46":{"start":{"line":97,"column":0},"end":{"line":null,"column":-1}}},"fnMap":{"0":{"name":"seqSearch","decl":{"start":{"line":2,"column":9},"end":{"line":2,"column":0}},"loc":{"start":{"line":2,"column":30},"end":{"line":9,"column":1}}},"1":{"name":"seqSearchByData","decl":{"start":{"line":12,"column":9},"end":{"line":12,"column":0}},"loc":{"start":{"line":12,"column":36},"end":{"line":24,"column":1}}},"2":{"name":"swap","decl":{"start":{"line":26,"column":9},"end":{"line":26,"column":0}},"loc":{"start":{"line":26,"column":34},"end":{"line":30,"column":1}}},"3":{"name":"binSearch","decl":{"start":{"line":33,"column":9},"end":{"line":33,"column":0}},"loc":{"start":{"line":33,"column":30},"end":{"line":47,"column":1}}},"4":{"name":"binarySearchRecusion","decl":{"start":{"line":50,"column":9},"end":{"line":50,"column":0}},"loc":{"start":{"line":50,"column":52},"end":{"line":68,"column":1}}},"5":{"name":"count","decl":{"start":{"line":71,"column":9},"end":{"line":71,"column":0}},"loc":{"start":{"line":71,"column":26},"end":{"line":94,"column":1}}}},"branchMap":{"0":{"loc":{"start":{"line":4,"column":8},"end":{"line":6,"column":9}},"type":"if","locations":[{"start":{"line":4,"column":8},"end":{"line":6,"column":9}},{"start":{"line":4,"column":8},"end":{"line":6,"column":9}}]},"1":{"loc":{"start":{"line":14,"column":8},"end":{"line":20,"column":9}},"type":"if","locations":[{"start":{"line":14,"column":8},"end":{"line":20,"column":9}},{"start":{"line":14,"column":8},"end":{"line":20,"column":9}}]},"2":{"loc":{"start":{"line":14,"column":12},"end":{"line":14,"column":11}},"type":"binary-expr","locations":[{"start":{"line":14,"column":12},"end":{"line":14,"column":11}},{"start":{"line":14,"column":30},"end":{"line":14,"column":8}}]},"3":{"loc":{"start":{"line":18,"column":13},"end":{"line":20,"column":9}},"type":"if","locations":[{"start":{"line":18,"column":13},"end":{"line":20,"column":9}},{"start":{"line":18,"column":13},"end":{"line":20,"column":9}}]},"4":{"loc":{"start":{"line":38,"column":8},"end":{"line":44,"column":9}},"type":"if","locations":[{"start":{"line":38,"column":8},"end":{"line":44,"column":9}},{"start":{"line":38,"column":8},"end":{"line":44,"column":9}}]},"5":{"loc":{"start":{"line":40,"column":15},"end":{"line":44,"column":9}},"type":"if","locations":[{"start":{"line":40,"column":15},"end":{"line":44,"column":9}},{"start":{"line":40,"column":15},"end":{"line":44,"column":9}}]},"6":{"loc":{"start":{"line":53,"column":4},"end":{"line":55,"column":5}},"type":"if","locations":[{"start":{"line":53,"column":4},"end":{"line":55,"column":5}},{"start":{"line":53,"column":4},"end":{"line":55,"column":5}}]},"7":{"loc":{"start":{"line":59,"column":4},"end":{"line":67,"column":5}},"type":"if","locations":[{"start":{"line":59,"column":4},"end":{"line":67,"column":5}},{"start":{"line":59,"column":4},"end":{"line":67,"column":5}}]},"8":{"loc":{"start":{"line":62,"column":11},"end":{"line":67,"column":5}},"type":"if","locations":[{"start":{"line":62,"column":11},"end":{"line":67,"column":5}},{"start":{"line":62,"column":11},"end":{"line":67,"column":5}}]},"9":{"loc":{"start":{"line":74,"column":4},"end":{"line":92,"column":5}},"type":"if","locations":[{"start":{"line":74,"column":4},"end":{"line":92,"column":5}},{"start":{"line":74,"column":4},"end":{"line":92,"column":5}}]},"10":{"loc":{"start":{"line":77,"column":12},"end":{"line":82,"column":13}},"type":"if","locations":[{"start":{"line":77,"column":12},"end":{"line":82,"column":13}},{"start":{"line":77,"column":12},"end":{"line":82,"column":13}}]},"11":{"loc":{"start":{"line":85,"column":12},"end":{"line":90,"column":13}},"type":"if","locations":[{"start":{"line":85,"column":12},"end":{"line":90,"column":13}},{"start":{"line":85,"column":12},"end":{"line":90,"column":13}}]}},"s":{"0
[...]
,"/Users/yinhang/study/beer-util/src/ds/sort.js": {"path":"/Users/yinhang/study/beer-util/src/ds/sort.js","statementMap":{"0":{"start":{"line":3,"column":4},"end":{"line":null,"column":-1}},"1":{"start":{"line":4,"column":4},"end":{"line":null,"column":-1}},"2":{"start":{"line":5,"column":4},"end":{"line":null,"column":-1}},"3":{"start":{"line":6,"column":4},"end":{"line":null,"column":-1}},"4":{"start":{"line":7,"column":4},"end":{"line":null,"column":-1}},"5":{"start":{"line":8,"column":4},"end":{"line":null,"column":-1}},"6":{"start":{"line":9,"column":4},"end":{"line":null,"column":-1}},"7":{"start":{"line":11,"column":4},"end":{"line":13,"column":5}},"8":{"start":{"line":12,"column":8},"end":{"line":null,"column":-1}},"9":{"start":{"line":16,"column":8},"end":{"line":18,"column":9}},"10":{"start":{"line":17,"column":12},"end":{"line":null,"column":-1}},"11":{"start":{"line":22,"column":8},"end":{"line":24,"column":9}},"12":{"start":{"line":23,"column":12},"end":{"line":null,"column":-1}},"13":{"start":{"line":28,"column":8},"end":{"line":null,"column":-1}},"14":{"start":{"line":32,"column":21},"end":{"line":32,"column":8}},"15":{"start":{"line":33,"column":8},"end":{"line":38,"column":9}},"16":{"start":{"line":34,"column":12},"end":{"line":null,"column":-1}},"17":{"start":{"line":35,"column":12},"end":{"line":37,"column":13}},"18":{"start":{"line":36,"column":16},"end":{"line":null,"column":-1}},"19":{"start":{"line":39,"column":8},"end":{"line":null,"column":-1}},"20":{"start":{"line":44,"column":15},"end":{"line":44,"column":4}},"21":{"start":{"line":45,"column":4},"end":{"line":null,"column":-1}},"22":{"start":{"line":46,"column":4},"end":{"line":null,"column":-1}},"23":{"start":{"line":50,"column":22},"end":{"line":50,"column":4}},"24":{"start":{"line":51,"column":4},"end":{"line":57,"column":5}},"25":{"start":{"line":52,"column":8},"end":{"line":56,"column":9}},"26":{"start":{"line":53,"column":12},"end":{"line":55,"column":13}},"27":{"start":{"line":54,"column":16},"end":{"line":null,"column":-1}},"28":{"start":{"line":58,"column":4},"end":{"line":null,"column":-1}},"29":{"start":{"line":63,"column":4},"end":{"line":71,"column":5}},"30":{"start":{"line":64,"column":8},"end":{"line":null,"column":-1}},"31":{"start":{"line":65,"column":8},"end":{"line":69,"column":9}},"32":{"start":{"line":66,"column":12},"end":{"line":68,"column":13}},"33":{"start":{"line":67,"column":16},"end":{"line":null,"column":-1}},"34":{"start":{"line":70,"column":8},"end":{"line":null,"column":-1}},"35":{"start":{"line":72,"column":4},"end":{"line":null,"column":-1}},"36":{"start":{"line":77,"column":4},"end":{"line":85,"column":5}},"37":{"start":{"line":78,"column":8},"end":{"line":null,"column":-1}},"38":{"start":{"line":79,"column":8},"end":{"line":null,"column":-1}},"39":{"start":{"line":80,"column":8},"end":{"line":83,"column":9}},"40":{"start":{"line":81,"column":12},"end":{"line":null,"column":-1}},"41":{"start":{"line":82,"column":12},"end":{"line":null,"column":-1}},"42":{"start":{"line":84,"column":8},"end":{"line":null,"column":-1}},"43":{"start":{"line":86,"column":4},"end":{"line":null,"column":-1}},"44":{"start":{"line":90,"column":15},"end":{"line":90,"column":4}},"45":{"start":{"line":91,"column":4},"end":{"line":101,"column":5}},"46":{"start":{"line":92,"column":8},"end":{"line":100,"column":9}},"47":{"start":{"line":93,"column":23},"end":{"line":93,"column":12}},"48":{"start":{"line":94,"column":12},"end":{"line":98,"column":13}},"49":{"start":{"line":97,"column":16},"end":{"line":null,"column":-1}},"50":{"start":{"line":99,"column":12},"end":{"line":null,"column":-1}},"51":{"start":{"line":102,"column":4},"end":{"line":null,"column":-1}},"52":{"start":{"line":106,"column":12},"end":{"line":106,"column":4}},"53":{"start":{"line":107,"column":12},"end":{"line":107,"column":4}},"54":{"start":{"line":108,"column":4},"end":{"line":110,"column":5}},"55":{"start":{"line":109,"column":8},"end":{"line":null,"column":-1}},"56":{"start":{"line":111,"column":4},"end":{"line":118,"column":5}},"57":{"start":{"line":112,"column":8},"end":{"line":116,"column":9}},"58":{"start":{"line":113,"column":12},"end":{"line":115,"column":13}},"59":{"start":{"line":114,"column":16},"end":{"line":null,"column":-1}},"60":{"start":{"line":117,"column":8},"end":{"line":null,"column":-1}},"61":{"start":{"line":119,"column":4},"end":{"line":null,"column":-1}},"62":{"start":{"line":123,"column":4},"end":{"line":125,"column":5}},"63":{"start":{"line":124,"column":8},"end":{"line":null,"column":-1}},"64":{"start":{"line":126,"column":15},"end":{"line":126,"column":4}},"65":{"start":{"line":128,"column":4},"end":{"line":140,"column":5}},"66":{"start":{"line":129,"column":8},"end":{"line":null,"column":-1}},"67":{"start":{"line":130,"column":8},"end":{"line":null,"column":-1}},"68":{"start":{"line":131,"column":8},"end":{"line":135,"column":9}},"69":{"start":{"line":132,"column":12},"end":{"line":null,"column":-1}},"70":{"start":{"line":133,"column":12},"end":{"line":null,"column":-1}},"71":{"start":{"line":134,"column":12},"end":{"line":null,"column":-1}},"72":{"start":{"line":136,"column":8},"end":{"line":138,"column":9}},"73":{"start":{"line":137,"column":12},"end":{"line":null,"column":-1}},"74":{"start":{"line":139,"column":8},"end":{"line":null,"column":-1}},"75":{"start":{"line":141,"column":4},"end":{"line":null,"column":-1}},"76":{"start":{"line":145,"column":19},"end":{"line":145,"column":4}},"77":{"start":{"line":146,"column":18},"end":{"line":146,"column":4}},"78":{"start":{"line":147,"column":12},"end":{"line":147,"column":4}},"79":{"start":{"line":148,"column":4},"end":{"line":151,"column":5}},"80":{"start":{"line":149,"column":8},"end":{"line":null,"column":-1}},"81":{"start":{"line":150,"column":8},"end":{"line":null,"column":-1}},"82":{"start":{"line":152,"column":4},"end":{"line":null,"column":-1}},"83":{"start":{"line":153,"column":4},"end":{"line":156,"column":5}},"84":{"start":{"line":154,"column":8},"end":{"line":null,"column":-1}},"85":{"start":{"line":155,"column":8},"end":{"line":null,"column":-1}},"86":{"start":{"line":158,"column":4},"end":{"line":null,"column":-1}},"87":{"start":{"line":159,"column":4},"end":{"line":null,"column":-1}},"88":{"start":{"line":160,"column":12},"end":{"line":160,"column":4}},"89":{"start":{"line":161,"column":12},"end":{"line":161,"column":4}},"90":{"start":{"line":162,"column":4},"end":{"line":170,"column":5}},"91":{"start":{"line":163,"column":8},"end":{"line":169,"column":9}},"92":{"start":{"line":164,"column":12},"end":{"line":null,"column":-1}},"93":{"start":{"line":165,"column":12},"end":{"line":null,"column":-1}},"94":{"start":{"line":167,"column":12},"end":{"line":null,"column":-1}},"95":{"start":{"line":168,"column":12},"end":{"line":null,"column":-1}},"96":{"start":{"line":174,"column":4},"end":{"line":176,"column":5}},"97":{"start":{"line":175,"column":8},"end":{"line":null,"column":-1}},"98":{"start":{"line":177,"column":15},"end":{"line":177,"column":4}},"99":{"start":{"line":178,"column":16},"end":{"line":178,"column":4}},"100":{"start":{"line":179,"column":16},"end":{"line":179,"column":4}},"101":{"start":{"line":180,"column":4},"end":{"line":186,"column":5}},"102":{"start":{"line":181,"column":8},"end":{"line":185,"column":9}},"103":{"start":{"line":182,"column":12},"end":{"line":null,"column":-1}},"104":{"start":{"line":184,"column":12},"end":{"line":null,"column":-1}},"105":{"start":{"line":187,"column":4},"end":{"line":null,"column":-1}},"106":{"start":{"line":191,"column":0},"end":{"line":null,"column":-1}}},"fnMap":{"0":{"name":"CArray","decl":{"start":{"line":2,"column":9},"end":{"line":2,"column":0}},"loc":{"start":{"line":2,"column":29},"end":{"line":41,"column":1}}},"1":{"name":"setData","decl":{"start":{"line":15,"column":13},"end":{"line":15,"column":4}},"loc":{"start":{"line":15,"column":23},"end":{"line":19,"column":5}}},"2":{"name":"clear","decl":{"start":{"line":21,"column":13},"end":{"line":21,"column":4}},"loc":{"start":{"line":21,"column":21},"end":{"line":25,"column":5}}},"3":{"name":"insert","decl":{"start":{"line":27,"column":13},"end":{"line":27,"column":4}},"loc":{"start":{"line":27,"column":29},"end":{"line":29,"column":5}}},"4":{"name":"toString","decl":{"start":{"line":31,"column":13},"end":{"line":31,"column":4}},"loc":{"start":{"line":31,"column":24},"end":{"line":40,"column":5}}},"5":{"name":"swap","decl":{"start":{"line":43,"column":9},"end":{"line":43,"column":0}},"loc":{"start":{"line":43,"column":35},"end":{"line":47,"column":1}}},"6":{"name":"bubbleSort","decl":{"start":{"line":49,"column":9},"end":{"line":49,"column":0}},"loc":{"start":{"line":49,"column":25},"end":{"line":59,"column":1}}},"7":{"name":"selectionSort","decl":{"start":{"line":61,"column":9},"end":{"line":61,"column":0}},"loc":{"start":{"line":61,"column":28},"end":{"line":73,"column":1}}},"8":{"name":"insertionSort","decl":{"start":{"line":75,"column":9},"end":{"line":75,"column":0}},"loc":{"start":{"line":75,"column":28},"end":{"line":87,"column":1}}},"9":{"name":"shellSort","decl":{"start":{"line":89,"column":9},"end":{"line":89,"column":0}},"loc":{"start":{"line":89,"column":24},"end":{"line":103,"column":1}}},"10":{"name":"shellSortNynamic","decl":{"start":{"line":105,"column":9},"end":{"line":105,"column":0}},"loc":{"start":{"line":105,"column":31},"end":{"line":120,"column":1}}},"11":{"name":"mergeSort","decl":{"start":{"line":122,"column":9},"end":{"line":122,"column":0}},"loc":{"start":{"line":122,"column":24},"end":{"line":142,"column":1}}},"12":{"name":"mergeArrays","decl":{"start":{"line":144,"column":9},"end":{"line":144,"column":0}},"loc":{"start":{"line":144,"column":70},"end":{"line":171,"column":1}}},"13":{"name":"qSort","decl":{"start":{"line":173,"column":9},"end":{"line":173,"column":0}},"loc":{"start":{"line":173,"column":20},"end":{"line":188,"column":1}}}},"branchMap":{"0":{"loc":{"start":{"line":35,"column":12},"end":{"line":37,"column":13}},"type":"if","locations":[{"start":{"line":35,"column":12},"end":{"line":37,"column":13}},{"start":{"line":35,"column":12},"end":{"line":37,"column":13}}]},"1":{"loc":{"start":{"line":35,"column":16},"end":{"line":35,"column":15}},"type":"binary-expr","locations":[{"start":{"line":35,"column":16},"end":{"line":35,"column":15}},{"start":{"line":35,"column":25},"end":{"line":35,"column":12}}]},"2":{"loc":{"start":{"line":53,"column":12},"end":{"line":55,"column":13}},"type":"if","locations":[{"start":{"line":53,"column":12},"end":{"line":55,"column":13}},{"start":{"line":53,"column":12},"end":{"line":55,"column":13}}]},"3":{"loc":{"start":{"line":66,"column":12},"end":{"line":68,"column":13}},"type":"if","locations":[{"start":{"line":66,"column":12},"end":{"line":68,"column":13}},{"start":{"line":66,"column":12},"end":{"line":68,"column":13}}]},"4":{"loc":{"start":{"line":80,"column":15},"end":{"line":80,"column":14}},"type":"binary-expr","locations":[{"start":{"line":80,"column":15},"end":{"line":80,"column":14}},{"start":{"line":80,"column":29},"end":{"line":80,"column":8}}]},"5":{"loc":{"start":{"line":94,"column":28},"end":{"line":94,"column":27}},"type":"binary-expr","locations":[{"start":{"line":94,"column":28},"end":{"line":94,"column":27}},{"start":{"line":95,"column":16},"end":{"line":94,"column":12}}]},"6":{"loc":{"start":{"line":113,"column":26},"end":{"line":113,"column":25}},"type":"binary-expr","locations":[{"start":{"line":113,"column":26},"end":{"line":113,"column":25}},{"start":{"line":113,"column":36},"end":{"line":113,"column":12}}]},"7":{"loc":{"start":{"line":123,"column":4},"end":{"line":125,"column":5}},"type":"if","locations":[{"start":{"line":123,"column":4},"end":{"line":125,"column":5}},{"start":{"line":123,"column":4},"end":{"line":125,"column":5}}]},"8":{"loc":{"start":{"line":136,"column":8},"end":{"line":138,"column":9}},"type":"if","locations":[{"start":{"line":136,"column":8},"end":{"line":138,"column":9}},{"start":{"line":136,"column":8},"end":{"line":138,"column":9}}]},"9":{"loc":{"start":{"line":163,"column":8},"end":{"line":169,"column":9}},"type":"if","locations":[{"start":{"line":163,"column":8},"end":{"line":169,"column":9}},{"start":{"line":163,"column":8},"end":{"line":169,"column":9}}]},"10":{"loc":{"start":{"line":174,"column":4},"end":{"line":176,"column":5}},"type":"if","locations":[{"start":{"line":174,"column":4},"end":{"line":176,"column":5}},{"start":{"line":174,"column":4},"end":{"line":176,"column":5}}]},"11":{"loc":{"start":{"line":181,"column":8},"end":{"line":185,"column":9}},"type":"if","locations":[{"start":{"line":181,"column":8},"end":{"line":185,"column":9}},{"start":{"line":181,"column":8},"end":{"line":185,"column":9}}]}},"s":{"0":0,"1":0,"2":0,"3":0,"4":0,"5":0,"6":0,"7":0,"8":0,"9":0,"10":0,"11":0,"12":0,"13":0,"14":0,"15":0,"16":0,"17":0,"18":0,"19":0,"20":0,"21":0,"22":0,"23":0,"24":0,"25":0,"26":0,"27":0,"28":0,"29":0,"30":0,"31":0,"32":0,"33":0,"34":0,"35":0,"36":0,"37":0,"38":0,"39":0,"40":0,"41":0,"42":0,"43":0,"44":0,"45":0,"46":0,"47":0,"48":0,"49":0,"50":0,"51":0,"52":0,"53":0,"54":0,"55":0,"56":0,"57":0,"58":0,"59":0,"60":0,"61":0,"62":0,"63":0,"64":0,"65":0,"66":0,"67":0,"68":0,"69":0,"70":0,"71":0,"72":0,"73":0,"74":0,"75":0,"76":0,"77":0,"78":0,"79":0,"80":0,"81":0,"82":0,"83":0,"84":0,"85":0,"86":0,"87":0,"88":0,"89":0,"90":0,"91":0,"92":0,"93":0,"94":0,"95":0,"96":0,"97":0,"98":0,"99":0,"100":0,"101":0,"102":0,"103":0,"104":0,"105":0,"106":0},"f":{"0":0,"1":0,"2":0,"3":0,"4":0,"5":0,"6":0,"7":0,"8":0,"9":0,"10":0,"11":0,"12":0,"13":0},"b":{"0":[0,0],"1":[0,0],"2":[0,0],"3":[0,0],"4":[0,0],"5":[0,0],"6":[0,0],"7":[0,0],"8":[0,0],"9":[0,0],"10":[0,0],"11":[0,0]}}
,"/Users/yinhang/study/beer-util/src/ds/stack.js": {"path":"/Users/yinhang/study/beer-util/src/ds/stack.js","statementMap":{"0":{"start":{"line":4,"column":4},"end":{"line":null,"column":-1}},"1":{"start":{"line":5,"column":4},"end":{"line":null,"column":-1}},"2":{"start":{"line":6,"column":4},"end":{"line":null,"column":-1}},"3":{"start":{"line":7,"column":4},"end":{"line":null,"column":-1}},"4":{"start":{"line":8,"column":4},"end":{"line":null,"column":-1}},"5":{"start":{"line":9,"column":4},"end":{"line":null,"column":-1}},"6":{"start":{"line":10,"column":4},"end":{"line":null,"column":-1}},"7":{"start":{"line":13,"column":8},"end":{"line":null,"column":-1}},"8":{"start":{"line":17,"column":8},"end":{"line":null,"column":-1}},"9":{"start":{"line":21,"column":8},"end":{"line":null,"column":-1}},"10":{"start":{"line":25,"column":8},"end":{"line":null,"column":-1}},"11":{"start":{"line":29,"column":8},"end":{"line":null,"column":-1}},"12":{"start":{"line":34,"column":0},"end":{"line":null,"column":-1}}},"fnMap":{"0":{"name":"Stack","decl":{"start":{"line":3,"column":9},"end":{"line":3,"column":0}},"loc":{"start":{"line":3,"column":17},"end":{"line":32,"column":1}}},"1":{"name":"push","decl":{"start":{"line":12,"column":13},"end":{"line":12,"column":4}},"loc":{"start":{"line":12,"column":27},"end":{"line":14,"column":5}}},"2":{"name":"pop","decl":{"start":{"line":16,"column":13},"end":{"line":16,"column":4}},"loc":{"start":{"line":16,"column":19},"end":{"line":18,"column":5}}},"3":{"name":"peek","decl":{"start":{"line":20,"column":13},"end":{"line":20,"column":4}},"loc":{"start":{"line":20,"column":20},"end":{"line":22,"column":5}}},"4":{"name":"length","decl":{"start":{"line":24,"column":13},"end":{"line":24,"column":4}},"loc":{"start":{"line":24,"column":22},"end":{"line":26,"column":5}}},"5":{"name":"clear","decl":{"start":{"line":28,"column":13},"end":{"line":28,"column":4}},"loc":{"start":{"line":28,"column":21},"end":{"line":30,"column":5}}}},"branchMap":{},"s":{"0":0,"1":0,"2":0,"3":0,"4":0,"5":0,"6":0,"7":0,"8":0,"9":0,"10":0,"11":0,"12":0},"f":{"0":0,"1":0,"2":0,"3":0,"4":0,"5":0},"b":{}}
,"/Users/yinhang/study/beer-util/src/fn/index.js": {"path":"/Users/yinhang/study/beer-util/src/fn/index.js","statementMap":{"0":{"start":{"line":8,"column":17},"end":{"line":8,"column":0}},"1":{"start":{"line":9,"column":17},"end":{"line":9,"column":2}},"2":{"start":{"line":10,"column":2},"end":{"line":null,"column":-1}},"3":{"start":{"line":11,"column":18},"end":{"line":11,"column":4}},"4":{"start":{"line":12,"column":4},"end":{"line":15,"column":5}},"5":{"start":{"line":13,"column":6},"end":{"line":null,"column":-1}},"6":{"start":{"line":14,"column":6},"end":{"line":null,"column":-1}},"7":{"start":{"line":26,"column":17},"end":{"line":26,"column":0}},"8":{"start":{"line":27,"column":14},"end":{"line":27,"column":2}},"9":{"start":{"line":28,"column":2},"end":{"line":null,"column":-1}},"10":{"start":{"line":29,"column":4},"end":{"line":null,"column":-1}},"11":{"start":{"line":30,"column":4},"end":{"line":null,"column":-1}},"12":{"start":{"line":31,"column":6},"end":{"line":null,"column":-1}},"13":{"start":{"line":36,"column":0},"end":{"line":null,"column":-1}}},"fnMap":{"0":{"name":"(anonymous_0)","decl":{"start":{"line":8,"column":17},"end":{"line":8,"column":18}},"loc":{"start":{"line":8,"column":32},"end":{"line":8,"column":0}}},"1":{"name":"(anonymous_1)","decl":{"start":{"line":10,"column":9},"end":{"line":10,"column":19}},"loc":{"start":{"line":10,"column":20},"end":{"line":10,"column":2}}},"2":{"name":"(anonymous_2)","decl":{"start":{"line":26,"column":17},"end":{"line":26,"column":18}},"loc":{"start":{"line":26,"column":32},"end":{"line":26,"column":0}}},"3":{"name":"(anonymous_3)","decl":{"start":{"line":28,"column":9},"end":{"line":28,"column":19}},"loc":{"start":{"line":28,"column":20},"end":{"line":28,"column":2}}},"4":{"name":"(anonymous_4)","decl":{"start":{"line":30,"column":23},"end":{"line":30,"column":28}},"loc":{"start":{"line":30,"column":29},"end":{"line":30,"column":12}}}},"branchMap":{"0":{"loc":{"start":{"line":12,"column":4},"end":{"line":15,"column":5}},"type":"if","locations":[{"start":{"line":12,"column":4},"end":{"line":15,"column":5}},{"start":{"line":12,"column":4},"end":{"line":15,"column":5}}]}},"s":{"0":0,"1":0,"2":0,"3":0,"4":0,"5":0,"6":0,"7":0,"8":0,"9":0,"10":0,"11":0,"12":0,"13":0},"f":{"0":0,"1":0,"2":0,"3":0,"4":0},"b":{"0":[0,0]}}
,"/Users/yinhang/study/beer-util/src/url/index.js": {"path":"/Users/yinhang/study/beer-util/src/url/index.js","statementMap":{"0":{"start":{"line":1,"column":17},"end":{"line":1,"column":37}},"1":{"start":{"line":9,"column":14},"end":{"line":11,"column":1}},"2":{"start":{"line":10,"column":2},"end":{"line":10,"column":29}},"3":{"start":{"line":19,"column":19},"end":{"line":21,"column":1}},"4":{"start":{"line":20,"column":2},"end":{"line":20,"column":35}},"5":{"start":{"line":23,"column":0},"end":{"line":26,"column":2}}},"fnMap":{"0":{"name":"(anonymous_0)","decl":{"start":{"line":9,"column":14},"end":{"line":9,"column":15}},"loc":{"start":{"line":9,"column":23},"end":{"line":11,"column":1}},"line":9},"1":{"name":"(anonymous_1)","decl":{"start":{"line":19,"column":19},"end":{"line":19,"column":20}},"loc":{"start":{"line":19,"column":28},"end":{"line":21,"column":1}},"line":19}},"branchMap":{},"s":{"0":1,"1":1,"2":1,"3":1,"4":1,"5":1},"f":{"0":1,"1":1},"b":{},"_coverageSchema":"332fd63041d2c1bcb487cc26dd0d5f7d97098a6c","hash":"2b12d00f29f184abbf59a22c70b6ffc478e0ae88"}
}
