TN:
SF:E:\study\beer-util\src\array\index.js
FN:11,(anonymous_0)
FN:21,(anonymous_1)
FN:21,(anonymous_2)
FN:32,(anonymous_3)
FNF:4
FNH:4
FNDA:4,(anonymous_0)
FNDA:2,(anonymous_1)
FNDA:5,(anonymous_2)
FNDA:4,(anonymous_3)
DA:11,4
DA:21,5
DA:32,4
DA:34,1
LF:4
LH:4
BRDA:11,0,0,2
BRDA:32,1,0,2
BRF:2
BRH:2
end_of_record
TN:
SF:E:\study\beer-util\src\date\index.js
FN:7,(anonymous_0)
FN:17,(anonymous_1)
FN:27,(anonymous_2)
FN:28,(anonymous_3)
FN:38,(anonymous_4)
FNF:5
FNH:5
FNDA:1,(anonymous_0)
FNDA:2,(anonymous_1)
FNDA:10,(anonymous_2)
FNDA:2,(anonymous_3)
FNDA:3,(anonymous_4)
DA:7,1
DA:8,1
DA:17,1
DA:18,2
DA:19,2
DA:26,2
DA:27,10
DA:28,2
DA:38,1
DA:40,3
DA:49,3
DA:50,18
DA:51,18
DA:52,12
DA:55,3
DA:58,1
LF:16
LH:16
BRDA:18,0,0,1
BRDA:18,0,1,1
BRDA:28,1,0,2
BRDA:28,1,1,0
BRDA:51,2,0,12
BRDA:51,2,1,6
BRDA:52,3,0,9
BRDA:52,3,1,3
BRF:8
BRH:7
end_of_record
TN:
SF:E:\study\beer-util\src\ds\BST.js
FN:2,Node
FN:8,show
FN:13,BST
FN:25,insert
FN:60,inOrder
FN:65,inOrderFn
FN:73,preOrder
FN:78,preOrderFn
FN:86,postOrder
FN:92,postOrderFn
FN:100,getMin
FN:108,getMax
FN:116,find
FN:130,removeByMin
FN:134,removeNodeByMin
FN:165,removeByMax
FN:169,removeNodeByMax
FNF:17
FNH:17
FNDA:47,Node
FNDA:38,show
FNDA:8,BST
FNDA:47,insert
FNDA:1,inOrder
FNDA:17,inOrderFn
FNDA:1,preOrder
FNDA:17,preOrderFn
FNDA:3,postOrder
FNDA:47,postOrderFn
FNDA:1,getMin
FNDA:1,getMax
FNDA:1,find
FNDA:1,removeByMin
FNDA:2,removeNodeByMin
FNDA:1,removeByMax
FNDA:3,removeNodeByMax
DA:3,47
DA:4,47
DA:5,47
DA:6,47
DA:9,38
DA:14,8
DA:15,8
DA:16,8
DA:17,8
DA:18,8
DA:19,8
DA:20,8
DA:21,8
DA:22,8
DA:23,8
DA:26,47
DA:28,47
DA:29,8
DA:32,39
DA:35,39
DA:36,79
DA:38,79
DA:40,32
DA:42,32
DA:44,22
DA:45,22
DA:49,47
DA:50,47
DA:52,17
DA:53,17
DA:61,1
DA:62,1
DA:63,1
DA:66,17
DA:67,8
DA:68,8
DA:69,8
DA:74,1
DA:75,1
DA:76,1
DA:79,17
DA:80,8
DA:81,8
DA:82,8
DA:87,3
DA:88,3
DA:89,3
DA:93,47
DA:94,22
DA:95,22
DA:96,22
DA:101,1
DA:102,1
DA:103,1
DA:105,1
DA:109,1
DA:110,1
DA:111,1
DA:113,1
DA:117,1
DA:118,1
DA:119,1
DA:120,1
DA:121,0
DA:122,0
DA:124,0
DA:127,0
DA:131,1
DA:135,2
DA:136,0
DA:138,2
DA:140,1
DA:141,0
DA:144,1
DA:145,0
DA:148,1
DA:149,1
DA:152,0
DA:153,0
DA:154,0
DA:155,0
DA:156,1
DA:157,1
DA:158,1
DA:160,0
DA:161,0
DA:166,1
DA:170,3
DA:171,0
DA:174,3
DA:175,1
DA:176,0
DA:179,1
DA:180,0
DA:183,1
DA:184,1
DA:187,0
DA:188,0
DA:189,0
DA:190,0
DA:191,2
DA:192,0
DA:193,0
DA:195,2
DA:196,2
DA:202,1
LF:106
LH:84
BRDA:28,0,0,8
BRDA:28,0,1,39
BRDA:38,1,0,32
BRDA:38,1,1,47
BRDA:42,2,0,22
BRDA:42,2,1,10
BRDA:50,3,0,17
BRDA:50,3,1,30
BRDA:66,4,0,8
BRDA:66,4,1,9
BRDA:79,5,0,8
BRDA:79,5,1,9
BRDA:93,6,0,22
BRDA:93,6,1,25
BRDA:119,7,0,1
BRDA:119,7,1,0
BRDA:121,8,0,0
BRDA:121,8,1,0
BRDA:135,9,0,0
BRDA:135,9,1,2
BRDA:138,10,0,1
BRDA:138,10,1,1
BRDA:140,11,0,0
BRDA:140,11,1,1
BRDA:140,12,0,1
BRDA:140,12,1,0
BRDA:144,13,0,0
BRDA:144,13,1,1
BRDA:148,14,0,1
BRDA:148,14,1,0
BRDA:156,15,0,1
BRDA:156,15,1,0
BRDA:170,16,0,0
BRDA:170,16,1,3
BRDA:174,17,0,1
BRDA:174,17,1,2
BRDA:175,18,0,0
BRDA:175,18,1,1
BRDA:175,19,0,1
BRDA:175,19,1,0
BRDA:179,20,0,0
BRDA:179,20,1,1
BRDA:183,21,0,1
BRDA:183,21,1,0
BRDA:191,22,0,0
BRDA:191,22,1,2
BRF:46
BRH:31
end_of_record
TN:
SF:E:\study\beer-util\src\ds\Graph.js
FN:2,Graph
FN:25,addEdge
FN:31,showGraph
FN:49,dfs
FN:62,initMarked
FN:70,bfs
FN:90,pathTo
FN:104,hasPathTo
FN:108,topSort
FN:128,topSortHelper
FNF:10
FNH:3
FNDA:2,Graph
FNDA:2,addEdge
FNDA:1,showGraph
FNDA:0,dfs
FNDA:0,initMarked
FNDA:0,bfs
FNDA:0,pathTo
FNDA:0,hasPathTo
FNDA:0,topSort
FNDA:0,topSortHelper
DA:3,2
DA:4,2
DA:5,2
DA:6,2
DA:7,2
DA:8,10
DA:10,2
DA:11,2
DA:12,10
DA:14,2
DA:15,2
DA:16,2
DA:17,2
DA:18,2
DA:19,2
DA:20,2
DA:21,2
DA:22,2
DA:23,2
DA:26,2
DA:27,2
DA:28,2
DA:32,1
DA:33,1
DA:34,1
DA:35,5
DA:36,5
DA:37,25
DA:38,2
DA:39,2
DA:43,5
DA:45,1
DA:50,0
DA:52,0
DA:53,0
DA:54,0
DA:55,0
DA:56,0
DA:63,0
DA:64,0
DA:65,0
DA:71,0
DA:72,0
DA:73,0
DA:74,0
DA:75,0
DA:76,0
DA:77,0
DA:78,0
DA:80,0
DA:81,0
DA:82,0
DA:83,0
DA:84,0
DA:91,0
DA:92,0
DA:93,0
DA:94,0
DA:96,0
DA:97,0
DA:98,0
DA:100,0
DA:101,0
DA:105,0
DA:109,0
DA:110,0
DA:111,0
DA:112,0
DA:114,0
DA:115,0
DA:116,0
DA:120,0
DA:121,0
DA:122,0
DA:129,0
DA:130,0
DA:131,0
DA:132,0
DA:135,0
DA:139,1
LF:80
LH:33
BRDA:37,0,0,2
BRDA:37,0,1,23
BRDA:38,1,0,2
BRDA:38,1,1,0
BRDA:52,2,0,0
BRDA:52,2,1,0
BRDA:55,3,0,0
BRDA:55,3,1,0
BRDA:77,4,0,0
BRDA:77,4,1,0
BRDA:81,5,0,0
BRDA:81,5,1,0
BRDA:93,6,0,0
BRDA:93,6,1,0
BRDA:115,7,0,0
BRDA:115,7,1,0
BRDA:121,8,0,0
BRDA:121,8,1,0
BRDA:121,9,0,0
BRDA:121,9,1,0
BRDA:131,10,0,0
BRDA:131,10,1,0
BRF:22
BRH:3
end_of_record
TN:
SF:E:\study\beer-util\src\ds\circleLinkedList.js
FN:2,CNode
FN:7,CLList
FN:16,find
FN:23,insert
FN:29,display
FN:38,findPrevious
FN:45,remove
FNF:7
FNH:7
FNDA:10,CNode
FNDA:4,CLList
FNDA:7,find
FNDA:6,insert
FNDA:1,display
FNDA:2,findPrevious
FNDA:1,remove
DA:3,10
DA:4,10
DA:8,4
DA:9,4
DA:10,4
DA:11,4
DA:12,4
DA:13,4
DA:14,4
DA:17,7
DA:18,7
DA:19,3
DA:21,7
DA:24,6
DA:25,6
DA:26,6
DA:27,6
DA:30,1
DA:31,1
DA:32,1
DA:33,1
DA:34,1
DA:36,1
DA:39,2
DA:40,2
DA:41,2
DA:43,2
DA:46,1
DA:47,1
DA:48,1
DA:49,1
DA:51,0
DA:55,1
LF:33
LH:32
BRDA:32,0,0,2
BRDA:32,0,1,2
BRDA:40,1,0,4
BRDA:40,1,1,4
BRDA:47,2,0,1
BRDA:47,2,1,0
BRF:6
BRH:5
end_of_record
TN:
SF:E:\study\beer-util\src\ds\dictionary.js
FN:2,Dictionary
FN:11,add
FN:15,find
FN:19,remove
FN:23,showAll
FN:31,count
FN:39,clear
FNF:7
FNH:7
FNDA:5,Dictionary
FNDA:5,add
FNDA:2,find
FNDA:1,remove
FNDA:1,showAll
FNDA:2,count
FNDA:1,clear
DA:3,5
DA:4,5
DA:5,5
DA:6,5
DA:7,5
DA:8,5
DA:9,5
DA:12,5
DA:16,2
DA:20,1
DA:24,1
DA:25,1
DA:26,1
DA:28,1
DA:32,2
DA:33,2
DA:34,1
DA:36,2
DA:40,1
DA:41,1
DA:47,1
LF:21
LH:21
BRF:0
BRH:0
end_of_record
TN:
SF:E:\study\beer-util\src\ds\doubleLinkedList.js
FN:2,DNode
FN:8,DLList
FN:17,dispReverse
FN:28,findLast
FN:36,remove
FN:52,display
FN:62,find
FN:70,insert
FNF:8
FNH:8
FNDA:13,DNode
FNDA:5,DLList
FNDA:1,dispReverse
FNDA:2,findLast
FNDA:1,remove
FNDA:1,display
FNDA:10,find
FNDA:8,insert
DA:3,13
DA:4,13
DA:5,13
DA:9,5
DA:10,5
DA:11,5
DA:12,5
DA:13,5
DA:14,5
DA:15,5
DA:18,1
DA:19,1
DA:20,1
DA:21,1
DA:22,2
DA:23,2
DA:25,1
DA:29,2
DA:30,2
DA:31,4
DA:33,2
DA:37,1
DA:38,1
DA:39,0
DA:40,0
DA:41,0
DA:42,0
DA:43,0
DA:45,1
DA:46,1
DA:47,1
DA:49,0
DA:53,1
DA:54,1
DA:55,1
DA:56,1
DA:57,1
DA:59,1
DA:63,10
DA:64,10
DA:65,6
DA:67,10
DA:71,8
DA:72,8
DA:73,8
DA:74,8
DA:75,8
DA:80,1
LF:48
LH:42
BRDA:38,0,0,0
BRDA:38,0,1,1
BRF:2
BRH:1
end_of_record
TN:
SF:E:\study\beer-util\src\ds\hashTableOpen.js
FN:3,HashTableOpen
FN:16,simpleHash
FN:24,put
FN:38,get
FN:56,showDistro
FN:68,betterHash
FNF:6
FNH:6
FNDA:4,HashTableOpen
FNDA:5,simpleHash
FNDA:3,put
FNDA:1,get
FNDA:1,showDistro
FNDA:1,betterHash
DA:5,4
DA:6,4
DA:7,4
DA:8,4
DA:9,4
DA:10,4
DA:12,4
DA:13,548
DA:17,5
DA:18,5
DA:19,10
DA:21,5
DA:25,3
DA:26,3
DA:27,3
DA:28,3
DA:30,0
DA:31,0
DA:33,0
DA:39,1
DA:40,1
DA:41,1
DA:42,1
DA:44,0
DA:45,0
DA:47,0
DA:48,0
DA:50,0
DA:57,1
DA:58,1
DA:59,137
DA:60,2
DA:63,1
DA:69,1
DA:70,1
DA:71,1
DA:72,2
DA:74,1
DA:75,1
DA:76,0
DA:78,1
DA:83,1
LF:42
LH:33
BRDA:27,0,0,3
BRDA:27,0,1,0
BRDA:41,1,0,1
BRDA:41,1,1,0
BRDA:44,2,0,0
BRDA:44,2,1,0
BRDA:47,3,0,0
BRDA:47,3,1,0
BRDA:59,4,0,2
BRDA:59,4,1,135
BRDA:75,5,0,0
BRDA:75,5,1,1
BRF:12
BRH:5
end_of_record
TN:
SF:E:\study\beer-util\src\ds\hashTableSeq.js
FN:4,HashTableSeq
FN:14,simpleHash
FN:22,put
FN:36,get
FN:49,showDistro
FN:59,betterHash
FNF:6
FNH:6
FNDA:4,HashTableSeq
FNDA:1,simpleHash
FNDA:3,put
FNDA:1,get
FNDA:1,showDistro
FNDA:5,betterHash
DA:6,4
DA:7,4
DA:8,4
DA:9,4
DA:10,4
DA:11,4
DA:12,4
DA:15,1
DA:16,1
DA:17,2
DA:19,1
DA:23,3
DA:24,3
DA:25,3
DA:26,3
DA:28,0
DA:29,0
DA:31,0
DA:32,0
DA:37,1
DA:38,1
DA:39,1
DA:40,1
DA:41,1
DA:42,1
DA:46,0
DA:50,1
DA:51,1
DA:52,137
DA:53,2
DA:56,1
DA:60,5
DA:61,5
DA:62,5
DA:63,10
DA:65,5
DA:66,5
DA:67,0
DA:69,5
DA:74,1
LF:40
LH:34
BRDA:24,0,0,3
BRDA:24,0,1,0
BRDA:39,1,0,1
BRDA:39,1,1,0
BRDA:41,2,0,1
BRDA:41,2,1,0
BRDA:52,3,0,2
BRDA:52,3,1,135
BRDA:66,4,0,0
BRDA:66,4,1,5
BRF:10
BRH:6
end_of_record
TN:
SF:E:\study\beer-util\src\ds\index.js
FNF:0
FNH:0
DA:3,0
DA:4,0
DA:5,0
DA:6,0
DA:7,0
DA:8,0
DA:9,0
DA:10,0
DA:11,0
DA:12,0
DA:13,0
DA:14,0
DA:15,0
DA:16,0
DA:18,0
LF:15
LH:0
BRF:0
BRH:0
end_of_record
TN:
SF:E:\study\beer-util\src\ds\linkedList.js
FN:2,Node
FN:7,LList
FN:15,find
FN:22,insert
FN:28,display
FN:37,findPrevious
FN:44,remove
FNF:7
FNH:7
FNDA:10,Node
FNDA:4,LList
FNDA:7,find
FNDA:6,insert
FNDA:1,display
FNDA:2,findPrevious
FNDA:1,remove
DA:3,10
DA:4,10
DA:8,4
DA:9,4
DA:10,4
DA:11,4
DA:12,4
DA:13,4
DA:16,7
DA:17,7
DA:18,3
DA:20,7
DA:23,6
DA:24,6
DA:25,6
DA:26,6
DA:29,1
DA:30,1
DA:31,1
DA:32,1
DA:33,1
DA:35,1
DA:38,2
DA:39,2
DA:40,2
DA:42,2
DA:45,1
DA:46,1
DA:47,1
DA:48,1
DA:50,0
DA:54,1
LF:32
LH:31
BRDA:39,0,0,4
BRDA:39,0,1,4
BRDA:46,1,0,1
BRDA:46,1,1,0
BRF:4
BRH:3
end_of_record
TN:
SF:E:\study\beer-util\src\ds\list.js
FN:2,List
FN:22,append
FN:25,find
FN:33,remove
FN:42,length
FN:45,toString
FN:49,insert
FN:59,clear
FN:65,contains
FN:70,front
FN:74,end
FN:78,prev
FN:84,next
FN:90,currPos
FN:94,moveTo
FN:98,getElement
FNF:16
FNH:16
FNDA:17,List
FNDA:23,append
FNDA:6,find
FNDA:2,remove
FNDA:3,length
FNDA:1,toString
FNDA:2,insert
FNDA:1,clear
FNDA:1,contains
FNDA:1,front
FNDA:1,end
FNDA:1,prev
FNDA:2,next
FNDA:6,currPos
FNDA:3,moveTo
FNDA:1,getElement
DA:3,17
DA:4,17
DA:5,17
DA:6,17
DA:7,17
DA:8,17
DA:9,17
DA:10,17
DA:11,17
DA:12,17
DA:13,17
DA:14,17
DA:15,17
DA:16,17
DA:17,17
DA:18,17
DA:19,17
DA:20,17
DA:21,17
DA:23,23
DA:26,6
DA:27,6
DA:28,4
DA:31,2
DA:34,2
DA:35,2
DA:36,1
DA:37,1
DA:38,1
DA:40,1
DA:43,3
DA:46,1
DA:50,2
DA:51,2
DA:52,1
DA:53,1
DA:54,1
DA:56,1
DA:60,1
DA:61,1
DA:62,1
DA:66,1
DA:67,1
DA:71,1
DA:75,1
DA:79,1
DA:80,1
DA:85,2
DA:86,2
DA:91,6
DA:95,3
DA:99,1
DA:103,1
LF:53
LH:53
BRDA:27,0,0,4
BRDA:27,0,1,2
BRDA:35,1,0,1
BRDA:35,1,1,1
BRDA:51,2,0,1
BRDA:51,2,1,1
BRDA:67,3,0,1
BRDA:67,3,1,0
BRDA:79,4,0,1
BRDA:79,4,1,0
BRDA:85,5,0,2
BRDA:85,5,1,0
BRF:12
BRH:9
end_of_record
TN:
SF:E:\study\beer-util\src\ds\queue.js
FN:2,Queue
FN:11,enqueue
FN:15,dequeue
FN:19,front
FN:23,back
FN:27,toString
FN:35,empty
FNF:7
FNH:7
FNDA:7,Queue
FNDA:9,enqueue
FNDA:1,dequeue
FNDA:1,front
FNDA:1,back
FNDA:1,toString
FNDA:2,empty
DA:3,7
DA:4,7
DA:5,7
DA:6,7
DA:7,7
DA:8,7
DA:9,7
DA:12,9
DA:16,1
DA:20,1
DA:24,1
DA:28,1
DA:29,1
DA:30,1
DA:32,1
DA:36,2
DA:37,1
DA:39,1
DA:44,1
LF:19
LH:19
BRDA:36,0,0,1
BRDA:36,0,1,1
BRF:2
BRH:2
end_of_record
TN:
SF:E:\study\beer-util\src\ds\search.js
FN:2,seqSearch
FN:12,seqSearchByData
FN:26,swap
FN:33,binSearch
FN:50,binarySearchRecusion
FN:71,count
FNF:6
FNH:0
FNDA:0,seqSearch
FNDA:0,seqSearchByData
FNDA:0,swap
FNDA:0,binSearch
FNDA:0,binarySearchRecusion
FNDA:0,count
DA:3,0
DA:4,0
DA:5,0
DA:8,0
DA:13,0
DA:14,0
DA:15,0
DA:16,0
DA:18,0
DA:19,0
DA:22,0
DA:27,0
DA:28,0
DA:29,0
DA:34,0
DA:35,0
DA:36,0
DA:37,0
DA:38,0
DA:39,0
DA:40,0
DA:41,0
DA:43,0
DA:46,0
DA:51,0
DA:53,0
DA:54,0
DA:57,0
DA:59,0
DA:61,0
DA:62,0
DA:64,0
DA:66,0
DA:72,0
DA:73,0
DA:74,0
DA:75,0
DA:76,0
DA:77,0
DA:78,0
DA:81,0
DA:84,0
DA:85,0
DA:86,0
DA:89,0
DA:93,0
DA:97,0
LF:47
LH:0
BRDA:4,0,0,0
BRDA:4,0,1,0
BRDA:14,1,0,0
BRDA:14,1,1,0
BRDA:14,2,0,0
BRDA:14,2,1,0
BRDA:18,3,0,0
BRDA:18,3,1,0
BRDA:38,4,0,0
BRDA:38,4,1,0
BRDA:40,5,0,0
BRDA:40,5,1,0
BRDA:53,6,0,0
BRDA:53,6,1,0
BRDA:59,7,0,0
BRDA:59,7,1,0
BRDA:62,8,0,0
BRDA:62,8,1,0
BRDA:74,9,0,0
BRDA:74,9,1,0
BRDA:77,10,0,0
BRDA:77,10,1,0
BRDA:85,11,0,0
BRDA:85,11,1,0
BRF:24
BRH:0
end_of_record
TN:
SF:E:\study\beer-util\src\ds\set.js
FN:1,Set
FN:13,add
FN:22,remove
FN:32,show
FN:36,contains
FN:44,union
FN:57,intersect
FN:68,subset
FN:81,size
FN:85,difference
FNF:10
FNH:10
FNDA:21,Set
FNDA:29,add
FNDA:2,remove
FNDA:4,show
FNDA:9,contains
FNDA:1,union
FNDA:1,intersect
FNDA:2,subset
FNDA:5,size
FNDA:1,difference
DA:2,21
DA:3,21
DA:4,21
DA:5,21
DA:6,21
DA:7,21
DA:8,21
DA:9,21
DA:10,21
DA:11,21
DA:14,29
DA:15,28
DA:16,28
DA:18,1
DA:23,2
DA:24,2
DA:25,1
DA:26,1
DA:28,1
DA:33,4
DA:37,9
DA:38,4
DA:40,5
DA:45,1
DA:46,1
DA:47,1
DA:49,1
DA:50,1
DA:51,1
DA:54,1
DA:58,1
DA:59,1
DA:60,2
DA:61,1
DA:64,1
DA:69,2
DA:70,0
DA:72,2
DA:73,2
DA:74,1
DA:78,1
DA:82,5
DA:86,1
DA:87,1
DA:88,2
DA:89,1
DA:92,1
DA:97,1
LF:48
LH:47
BRDA:14,0,0,28
BRDA:14,0,1,1
BRDA:24,1,0,1
BRDA:24,1,1,1
BRDA:37,2,0,4
BRDA:37,2,1,5
BRDA:50,3,0,1
BRDA:50,3,1,0
BRDA:60,4,0,1
BRDA:60,4,1,1
BRDA:69,5,0,0
BRDA:69,5,1,2
BRDA:73,6,0,1
BRDA:73,6,1,1
BRDA:88,7,0,1
BRDA:88,7,1,1
BRF:16
BRH:14
end_of_record
TN:
SF:E:\study\beer-util\src\ds\sort.js
FN:2,CArray
FN:15,setData
FN:21,clear
FN:27,insert
FN:31,toString
FN:43,swap
FN:49,bubbleSort
FN:61,selectionSort
FN:75,insertionSort
FN:89,shellSort
FN:105,shellSortNynamic
FN:122,mergeSort
FN:144,mergeArrays
FN:173,qSort
FNF:14
FNH:0
FNDA:0,CArray
FNDA:0,setData
FNDA:0,clear
FNDA:0,insert
FNDA:0,toString
FNDA:0,swap
FNDA:0,bubbleSort
FNDA:0,selectionSort
FNDA:0,insertionSort
FNDA:0,shellSort
FNDA:0,shellSortNynamic
FNDA:0,mergeSort
FNDA:0,mergeArrays
FNDA:0,qSort
DA:3,0
DA:4,0
DA:5,0
DA:6,0
DA:7,0
DA:8,0
DA:9,0
DA:11,0
DA:12,0
DA:16,0
DA:17,0
DA:22,0
DA:23,0
DA:28,0
DA:32,0
DA:33,0
DA:34,0
DA:35,0
DA:36,0
DA:39,0
DA:44,0
DA:45,0
DA:46,0
DA:50,0
DA:51,0
DA:52,0
DA:53,0
DA:54,0
DA:58,0
DA:63,0
DA:64,0
DA:65,0
DA:66,0
DA:67,0
DA:70,0
DA:72,0
DA:77,0
DA:78,0
DA:79,0
DA:80,0
DA:81,0
DA:82,0
DA:84,0
DA:86,0
DA:90,0
DA:91,0
DA:92,0
DA:93,0
DA:94,0
DA:97,0
DA:99,0
DA:102,0
DA:106,0
DA:107,0
DA:108,0
DA:109,0
DA:111,0
DA:112,0
DA:113,0
DA:114,0
DA:117,0
DA:119,0
DA:123,0
DA:124,0
DA:126,0
DA:128,0
DA:129,0
DA:130,0
DA:131,0
DA:132,0
DA:133,0
DA:134,0
DA:136,0
DA:137,0
DA:139,0
DA:141,0
DA:145,0
DA:146,0
DA:147,0
DA:148,0
DA:149,0
DA:150,0
DA:152,0
DA:153,0
DA:154,0
DA:155,0
DA:158,0
DA:159,0
DA:160,0
DA:161,0
DA:162,0
DA:163,0
DA:164,0
DA:165,0
DA:167,0
DA:168,0
DA:174,0
DA:175,0
DA:177,0
DA:178,0
DA:179,0
DA:180,0
DA:181,0
DA:182,0
DA:184,0
DA:187,0
DA:191,0
LF:107
LH:0
BRDA:35,0,0,0
BRDA:35,0,1,0
BRDA:35,1,0,0
BRDA:35,1,1,0
BRDA:53,2,0,0
BRDA:53,2,1,0
BRDA:66,3,0,0
BRDA:66,3,1,0
BRDA:80,4,0,0
BRDA:80,4,1,0
BRDA:94,5,0,0
BRDA:94,5,1,0
BRDA:113,6,0,0
BRDA:113,6,1,0
BRDA:123,7,0,0
BRDA:123,7,1,0
BRDA:136,8,0,0
BRDA:136,8,1,0
BRDA:163,9,0,0
BRDA:163,9,1,0
BRDA:174,10,0,0
BRDA:174,10,1,0
BRDA:181,11,0,0
BRDA:181,11,1,0
BRF:24
BRH:0
end_of_record
TN:
SF:E:\study\beer-util\src\ds\stack.js
FN:3,Stack
FN:12,push
FN:16,pop
FN:20,peek
FN:24,length
FN:28,clear
FNF:6
FNH:6
FNDA:5,Stack
FNDA:5,push
FNDA:1,pop
FNDA:1,peek
FNDA:4,length
FNDA:1,clear
DA:4,5
DA:5,5
DA:6,5
DA:7,5
DA:8,5
DA:9,5
DA:10,5
DA:13,5
DA:17,1
DA:21,1
DA:25,4
DA:29,1
DA:34,1
LF:13
LH:13
BRF:0
BRH:0
end_of_record
TN:
SF:E:\study\beer-util\src\fn\index.js
FN:8,(anonymous_0)
FN:10,(anonymous_1)
FN:26,(anonymous_2)
FN:28,(anonymous_3)
FN:30,(anonymous_4)
FNF:5
FNH:4
FNDA:2,(anonymous_0)
FNDA:5,(anonymous_1)
FNDA:1,(anonymous_2)
FNDA:1,(anonymous_3)
FNDA:0,(anonymous_4)
DA:8,1
DA:9,2
DA:10,2
DA:11,5
DA:12,5
DA:13,3
DA:14,3
DA:26,1
DA:27,1
DA:28,1
DA:29,1
DA:30,1
DA:31,0
DA:36,1
LF:14
LH:13
BRDA:12,0,0,3
BRDA:12,0,1,2
BRF:2
BRH:2
end_of_record
TN:
SF:E:\study\beer-util\src\url\index.js
FN:9,(anonymous_0)
FN:19,(anonymous_1)
FNF:2
FNH:2
FNDA:1,(anonymous_0)
FNDA:1,(anonymous_1)
DA:1,1
DA:9,1
DA:10,1
DA:19,1
DA:20,1
DA:23,1
LF:6
LH:6
BRF:0
BRH:0
end_of_record
