TN:
SF:/Users/yinhang/study/beer-util/src/array/index.js
FN:11,(anonymous_0)
FN:21,(anonymous_1)
FN:21,(anonymous_2)
FN:32,(anonymous_3)
FNF:4
FNH:4
FNDA:4,(anonymous_0)
FNDA:2,(anonymous_1)
FNDA:5,(anonymous_2)
FNDA:4,(anonymous_3)
DA:11,4
DA:21,5
DA:32,4
DA:34,1
LF:4
LH:4
BRDA:11,0,0,2
BRDA:32,1,0,2
BRF:2
BRH:2
end_of_record
TN:
SF:/Users/yinhang/study/beer-util/src/date/index.js
FN:7,(anonymous_0)
FN:17,(anonymous_1)
FN:27,(anonymous_2)
FN:28,(anonymous_3)
FN:38,(anonymous_4)
FNF:5
FNH:5
FNDA:2,(anonymous_0)
FNDA:2,(anonymous_1)
FNDA:10,(anonymous_2)
FNDA:2,(anonymous_3)
FNDA:2,(anonymous_4)
DA:7,2
DA:8,2
DA:17,2
DA:18,2
DA:19,2
DA:26,2
DA:27,10
DA:28,2
DA:38,2
DA:40,2
DA:49,2
DA:50,12
DA:51,12
DA:52,6
DA:55,2
DA:58,2
LF:16
LH:16
BRDA:18,0,0,0
BRDA:18,0,1,2
BRDA:28,1,0,2
BRDA:28,1,1,0
BRDA:51,2,0,6
BRDA:51,2,1,6
BRDA:52,3,0,0
BRDA:52,3,1,6
BRF:8
BRH:5
end_of_record
TN:
SF:/Users/yinhang/study/beer-util/src/ds/BST.js
FN:2,Node
FN:8,show
FN:13,BST
FN:25,insert
FN:60,inOrder
FN:68,preOrder
FN:76,postOrder
FN:84,getMin
FN:92,getMax
FN:100,find
FN:114,removeByMin
FN:118,removeNodeByMin
FN:149,removeByMax
FN:153,removeNodeByMax
FN:184,getSmallet
FN:192,getMaximum
FNF:16
FNH:0
FNDA:0,Node
FNDA:0,show
FNDA:0,BST
FNDA:0,insert
FNDA:0,inOrder
FNDA:0,preOrder
FNDA:0,postOrder
FNDA:0,getMin
FNDA:0,getMax
FNDA:0,find
FNDA:0,removeByMin
FNDA:0,removeNodeByMin
FNDA:0,removeByMax
FNDA:0,removeNodeByMax
FNDA:0,getSmallet
FNDA:0,getMaximum
DA:3,0
DA:4,0
DA:5,0
DA:6,0
DA:9,0
DA:14,0
DA:15,0
DA:16,0
DA:17,0
DA:18,0
DA:19,0
DA:20,0
DA:21,0
DA:22,0
DA:23,0
DA:26,0
DA:28,0
DA:29,0
DA:32,0
DA:35,0
DA:36,0
DA:38,0
DA:40,0
DA:42,0
DA:44,0
DA:45,0
DA:49,0
DA:50,0
DA:52,0
DA:53,0
DA:61,0
DA:62,0
DA:63,0
DA:64,0
DA:69,0
DA:70,0
DA:71,0
DA:72,0
DA:77,0
DA:78,0
DA:79,0
DA:80,0
DA:85,0
DA:86,0
DA:87,0
DA:89,0
DA:93,0
DA:94,0
DA:95,0
DA:97,0
DA:101,0
DA:102,0
DA:103,0
DA:104,0
DA:105,0
DA:106,0
DA:108,0
DA:111,0
DA:115,0
DA:119,0
DA:120,0
DA:122,0
DA:124,0
DA:125,0
DA:128,0
DA:129,0
DA:132,0
DA:133,0
DA:136,0
DA:137,0
DA:138,0
DA:139,0
DA:140,0
DA:141,0
DA:142,0
DA:144,0
DA:145,0
DA:150,0
DA:154,0
DA:155,0
DA:158,0
DA:159,0
DA:160,0
DA:163,0
DA:164,0
DA:167,0
DA:168,0
DA:171,0
DA:172,0
DA:173,0
DA:174,0
DA:175,0
DA:176,0
DA:177,0
DA:179,0
DA:180,0
DA:185,0
DA:186,0
DA:187,0
DA:189,0
DA:193,0
DA:194,0
DA:195,0
DA:197,0
DA:201,0
LF:105
LH:0
BRDA:28,0,0,0
BRDA:28,0,1,0
BRDA:38,1,0,0
BRDA:38,1,1,0
BRDA:42,2,0,0
BRDA:42,2,1,0
BRDA:50,3,0,0
BRDA:50,3,1,0
BRDA:61,4,0,0
BRDA:61,4,1,0
BRDA:69,5,0,0
BRDA:69,5,1,0
BRDA:77,6,0,0
BRDA:77,6,1,0
BRDA:103,7,0,0
BRDA:103,7,1,0
BRDA:105,8,0,0
BRDA:105,8,1,0
BRDA:119,9,0,0
BRDA:119,9,1,0
BRDA:122,10,0,0
BRDA:122,10,1,0
BRDA:124,11,0,0
BRDA:124,11,1,0
BRDA:124,12,0,0
BRDA:124,12,1,0
BRDA:128,13,0,0
BRDA:128,13,1,0
BRDA:132,14,0,0
BRDA:132,14,1,0
BRDA:140,15,0,0
BRDA:140,15,1,0
BRDA:154,16,0,0
BRDA:154,16,1,0
BRDA:158,17,0,0
BRDA:158,17,1,0
BRDA:159,18,0,0
BRDA:159,18,1,0
BRDA:159,19,0,0
BRDA:159,19,1,0
BRDA:163,20,0,0
BRDA:163,20,1,0
BRDA:167,21,0,0
BRDA:167,21,1,0
BRDA:175,22,0,0
BRDA:175,22,1,0
BRF:46
BRH:0
end_of_record
TN:
SF:/Users/yinhang/study/beer-util/src/ds/Graph.js
FN:2,Graph
FN:25,topSort
FN:45,topSortHelper
FN:55,addEdge
FN:61,showGraph
FN:78,dfs
FN:91,initMarked
FN:98,bfs
FN:118,pathTo
FN:132,hasPathTo
FNF:10
FNH:0
FNDA:0,Graph
FNDA:0,topSort
FNDA:0,topSortHelper
FNDA:0,addEdge
FNDA:0,showGraph
FNDA:0,dfs
FNDA:0,initMarked
FNDA:0,bfs
FNDA:0,pathTo
FNDA:0,hasPathTo
DA:3,0
DA:4,0
DA:5,0
DA:6,0
DA:7,0
DA:8,0
DA:10,0
DA:11,0
DA:12,0
DA:13,0
DA:14,0
DA:15,0
DA:17,0
DA:18,0
DA:19,0
DA:20,0
DA:21,0
DA:22,0
DA:23,0
DA:26,0
DA:27,0
DA:28,0
DA:29,0
DA:31,0
DA:32,0
DA:33,0
DA:36,0
DA:37,0
DA:38,0
DA:46,0
DA:47,0
DA:48,0
DA:49,0
DA:52,0
DA:56,0
DA:57,0
DA:58,0
DA:62,0
DA:63,0
DA:64,0
DA:65,0
DA:66,0
DA:67,0
DA:68,0
DA:69,0
DA:73,0
DA:79,0
DA:81,0
DA:82,0
DA:83,0
DA:84,0
DA:85,0
DA:92,0
DA:93,0
DA:94,0
DA:99,0
DA:100,0
DA:101,0
DA:102,0
DA:103,0
DA:104,0
DA:105,0
DA:106,0
DA:108,0
DA:109,0
DA:110,0
DA:111,0
DA:112,0
DA:119,0
DA:120,0
DA:121,0
DA:122,0
DA:124,0
DA:125,0
DA:126,0
DA:128,0
DA:129,0
DA:133,0
DA:137,0
LF:79
LH:0
BRDA:32,0,0,0
BRDA:32,0,1,0
BRDA:37,1,0,0
BRDA:37,1,1,0
BRDA:37,2,0,0
BRDA:37,2,1,0
BRDA:48,3,0,0
BRDA:48,3,1,0
BRDA:67,4,0,0
BRDA:67,4,1,0
BRDA:68,5,0,0
BRDA:68,5,1,0
BRDA:81,6,0,0
BRDA:81,6,1,0
BRDA:84,7,0,0
BRDA:84,7,1,0
BRDA:105,8,0,0
BRDA:105,8,1,0
BRDA:109,9,0,0
BRDA:109,9,1,0
BRDA:121,10,0,0
BRDA:121,10,1,0
BRF:22
BRH:0
end_of_record
TN:
SF:/Users/yinhang/study/beer-util/src/ds/circleLinkedList.js
FN:2,CNode
FN:7,CLList
FN:16,find
FN:23,insert
FN:29,display
FN:36,findPrevious
FN:43,remove
FNF:7
FNH:0
FNDA:0,CNode
FNDA:0,CLList
FNDA:0,find
FNDA:0,insert
FNDA:0,display
FNDA:0,findPrevious
FNDA:0,remove
DA:3,0
DA:4,0
DA:8,0
DA:9,0
DA:10,0
DA:11,0
DA:12,0
DA:13,0
DA:14,0
DA:17,0
DA:18,0
DA:19,0
DA:21,0
DA:24,0
DA:25,0
DA:26,0
DA:27,0
DA:30,0
DA:31,0
DA:32,0
DA:33,0
DA:37,0
DA:38,0
DA:39,0
DA:41,0
DA:44,0
DA:45,0
DA:46,0
DA:51,0
LF:29
LH:0
BRDA:31,0,0,0
BRDA:31,0,1,0
BRDA:38,1,0,0
BRDA:38,1,1,0
BRDA:45,2,0,0
BRDA:45,2,1,0
BRF:6
BRH:0
end_of_record
TN:
SF:/Users/yinhang/study/beer-util/src/ds/dictionary.js
FN:2,Dictionary
FN:11,add
FN:15,find
FN:19,remove
FN:23,showAll
FN:28,count
FN:35,clear
FNF:7
FNH:0
FNDA:0,Dictionary
FNDA:0,add
FNDA:0,find
FNDA:0,remove
FNDA:0,showAll
FNDA:0,count
FNDA:0,clear
DA:3,0
DA:4,0
DA:5,0
DA:6,0
DA:7,0
DA:8,0
DA:9,0
DA:12,0
DA:16,0
DA:20,0
DA:24,0
DA:25,0
DA:29,0
DA:30,0
DA:31,0
DA:33,0
DA:36,0
DA:37,0
DA:43,0
LF:19
LH:0
BRF:0
BRH:0
end_of_record
TN:
SF:/Users/yinhang/study/beer-util/src/ds/doubleLinkedList.js
FN:2,DNode
FN:8,DLList
FN:17,dispReverse
FN:26,findLast
FN:34,remove
FN:44,display
FN:52,find
FN:60,insert
FNF:8
FNH:0
FNDA:0,DNode
FNDA:0,DLList
FNDA:0,dispReverse
FNDA:0,findLast
FNDA:0,remove
FNDA:0,display
FNDA:0,find
FNDA:0,insert
DA:3,0
DA:4,0
DA:5,0
DA:9,0
DA:10,0
DA:11,0
DA:12,0
DA:13,0
DA:14,0
DA:15,0
DA:18,0
DA:19,0
DA:20,0
DA:21,0
DA:22,0
DA:27,0
DA:28,0
DA:29,0
DA:31,0
DA:35,0
DA:36,0
DA:37,0
DA:38,0
DA:39,0
DA:40,0
DA:45,0
DA:46,0
DA:47,0
DA:48,0
DA:53,0
DA:54,0
DA:55,0
DA:57,0
DA:61,0
DA:62,0
DA:63,0
DA:64,0
DA:65,0
DA:70,0
LF:39
LH:0
BRDA:36,0,0,0
BRDA:36,0,1,0
BRF:2
BRH:0
end_of_record
TN:
SF:/Users/yinhang/study/beer-util/src/ds/hashTableOpen.js
FN:4,HashTableOpen
FN:14,simpleHash
FN:23,put
FN:37,get
FN:54,showDistro
FN:62,buildChains
FN:67,betterHash
FNF:7
FNH:0
FNDA:0,HashTableOpen
FNDA:0,simpleHash
FNDA:0,put
FNDA:0,get
FNDA:0,showDistro
FNDA:0,buildChains
FNDA:0,betterHash
DA:6,0
DA:7,0
DA:8,0
DA:9,0
DA:10,0
DA:11,0
DA:12,0
DA:15,0
DA:16,0
DA:17,0
DA:19,0
DA:20,0
DA:21,0
DA:24,0
DA:25,0
DA:26,0
DA:27,0
DA:29,0
DA:30,0
DA:32,0
DA:38,0
DA:39,0
DA:40,0
DA:41,0
DA:43,0
DA:44,0
DA:46,0
DA:47,0
DA:49,0
DA:55,0
DA:56,0
DA:57,0
DA:58,0
DA:63,0
DA:64,0
DA:68,0
DA:69,0
DA:70,0
DA:71,0
DA:73,0
DA:74,0
DA:75,0
DA:77,0
DA:82,0
LF:44
LH:0
BRDA:26,0,0,0
BRDA:26,0,1,0
BRDA:40,1,0,0
BRDA:40,1,1,0
BRDA:43,2,0,0
BRDA:43,2,1,0
BRDA:46,3,0,0
BRDA:46,3,1,0
BRDA:56,4,0,0
BRDA:56,4,1,0
BRDA:74,5,0,0
BRDA:74,5,1,0
BRF:12
BRH:0
end_of_record
TN:
SF:/Users/yinhang/study/beer-util/src/ds/hashTableSeq.js
FN:4,HashTableSeq
FN:16,simpleHash
FN:25,put
FN:40,get
FN:52,showDistro
FN:60,buildChains
FN:65,betterHash
FNF:7
FNH:0
FNDA:0,HashTableSeq
FNDA:0,simpleHash
FNDA:0,put
FNDA:0,get
FNDA:0,showDistro
FNDA:0,buildChains
FNDA:0,betterHash
DA:6,0
DA:7,0
DA:8,0
DA:9,0
DA:10,0
DA:11,0
DA:12,0
DA:14,0
DA:17,0
DA:18,0
DA:19,0
DA:21,0
DA:22,0
DA:23,0
DA:26,0
DA:27,0
DA:28,0
DA:29,0
DA:31,0
DA:32,0
DA:34,0
DA:35,0
DA:41,0
DA:42,0
DA:43,0
DA:44,0
DA:45,0
DA:46,0
DA:50,0
DA:53,0
DA:54,0
DA:55,0
DA:56,0
DA:61,0
DA:62,0
DA:66,0
DA:67,0
DA:68,0
DA:69,0
DA:71,0
DA:72,0
DA:73,0
DA:75,0
DA:80,0
LF:44
LH:0
BRDA:27,0,0,0
BRDA:27,0,1,0
BRDA:43,1,0,0
BRDA:43,1,1,0
BRDA:45,2,0,0
BRDA:45,2,1,0
BRDA:54,3,0,0
BRDA:54,3,1,0
BRDA:72,4,0,0
BRDA:72,4,1,0
BRF:10
BRH:0
end_of_record
TN:
SF:/Users/yinhang/study/beer-util/src/ds/index.js
FNF:0
FNH:0
DA:3,0
DA:4,0
DA:5,0
DA:6,0
DA:7,0
DA:8,0
DA:9,0
DA:10,0
DA:11,0
DA:12,0
DA:13,0
DA:14,0
DA:15,0
DA:16,0
DA:18,0
LF:15
LH:0
BRF:0
BRH:0
end_of_record
TN:
SF:/Users/yinhang/study/beer-util/src/ds/linkedList.js
FN:2,Node
FN:7,LList
FN:15,find
FN:22,insert
FN:28,display
FN:35,findPrevious
FN:42,remove
FNF:7
FNH:0
FNDA:0,Node
FNDA:0,LList
FNDA:0,find
FNDA:0,insert
FNDA:0,display
FNDA:0,findPrevious
FNDA:0,remove
DA:3,0
DA:4,0
DA:8,0
DA:9,0
DA:10,0
DA:11,0
DA:12,0
DA:13,0
DA:16,0
DA:17,0
DA:18,0
DA:20,0
DA:23,0
DA:24,0
DA:25,0
DA:26,0
DA:29,0
DA:30,0
DA:31,0
DA:32,0
DA:36,0
DA:37,0
DA:38,0
DA:40,0
DA:43,0
DA:44,0
DA:45,0
DA:50,0
LF:28
LH:0
BRDA:37,0,0,0
BRDA:37,0,1,0
BRDA:44,1,0,0
BRDA:44,1,1,0
BRF:4
BRH:0
end_of_record
TN:
SF:/Users/yinhang/study/beer-util/src/ds/list.js
FN:2,List
FN:22,append
FN:25,find
FN:33,remove
FN:42,length
FN:45,toString
FN:49,insert
FN:59,clear
FN:65,contains
FN:70,front
FN:74,end
FN:78,prev
FN:84,next
FN:90,currPos
FN:94,moveTo
FN:98,getElement
FNF:16
FNH:0
FNDA:0,List
FNDA:0,append
FNDA:0,find
FNDA:0,remove
FNDA:0,length
FNDA:0,toString
FNDA:0,insert
FNDA:0,clear
FNDA:0,contains
FNDA:0,front
FNDA:0,end
FNDA:0,prev
FNDA:0,next
FNDA:0,currPos
FNDA:0,moveTo
FNDA:0,getElement
DA:3,0
DA:4,0
DA:5,0
DA:6,0
DA:7,0
DA:8,0
DA:9,0
DA:10,0
DA:11,0
DA:12,0
DA:13,0
DA:14,0
DA:15,0
DA:16,0
DA:17,0
DA:18,0
DA:19,0
DA:20,0
DA:21,0
DA:23,0
DA:26,0
DA:27,0
DA:28,0
DA:31,0
DA:34,0
DA:35,0
DA:36,0
DA:37,0
DA:38,0
DA:40,0
DA:43,0
DA:46,0
DA:50,0
DA:51,0
DA:52,0
DA:53,0
DA:54,0
DA:56,0
DA:60,0
DA:61,0
DA:62,0
DA:66,0
DA:67,0
DA:71,0
DA:75,0
DA:79,0
DA:80,0
DA:85,0
DA:86,0
DA:91,0
DA:95,0
DA:99,0
DA:103,0
LF:53
LH:0
BRDA:27,0,0,0
BRDA:27,0,1,0
BRDA:35,1,0,0
BRDA:35,1,1,0
BRDA:51,2,0,0
BRDA:51,2,1,0
BRDA:67,3,0,0
BRDA:67,3,1,0
BRDA:79,4,0,0
BRDA:79,4,1,0
BRDA:85,5,0,0
BRDA:85,5,1,0
BRF:12
BRH:0
end_of_record
TN:
SF:/Users/yinhang/study/beer-util/src/ds/queue.js
FN:2,Queue
FN:11,enqueue
FN:15,dequeue
FN:19,front
FN:23,back
FN:27,toString
FN:35,empty
FNF:7
FNH:0
FNDA:0,Queue
FNDA:0,enqueue
FNDA:0,dequeue
FNDA:0,front
FNDA:0,back
FNDA:0,toString
FNDA:0,empty
DA:3,0
DA:4,0
DA:5,0
DA:6,0
DA:7,0
DA:8,0
DA:9,0
DA:12,0
DA:16,0
DA:20,0
DA:24,0
DA:28,0
DA:29,0
DA:30,0
DA:32,0
DA:36,0
DA:37,0
DA:39,0
DA:44,0
LF:19
LH:0
BRDA:36,0,0,0
BRDA:36,0,1,0
BRF:2
BRH:0
end_of_record
TN:
SF:/Users/yinhang/study/beer-util/src/ds/search.js
FN:2,seqSearch
FN:12,seqSearchByData
FN:26,swap
FN:33,binSearch
FN:50,binarySearchRecusion
FN:71,count
FNF:6
FNH:0
FNDA:0,seqSearch
FNDA:0,seqSearchByData
FNDA:0,swap
FNDA:0,binSearch
FNDA:0,binarySearchRecusion
FNDA:0,count
DA:3,0
DA:4,0
DA:5,0
DA:8,0
DA:13,0
DA:14,0
DA:15,0
DA:16,0
DA:18,0
DA:19,0
DA:22,0
DA:27,0
DA:28,0
DA:29,0
DA:34,0
DA:35,0
DA:36,0
DA:37,0
DA:38,0
DA:39,0
DA:40,0
DA:41,0
DA:43,0
DA:46,0
DA:51,0
DA:53,0
DA:54,0
DA:57,0
DA:59,0
DA:61,0
DA:62,0
DA:64,0
DA:66,0
DA:72,0
DA:73,0
DA:74,0
DA:75,0
DA:76,0
DA:77,0
DA:78,0
DA:81,0
DA:84,0
DA:85,0
DA:86,0
DA:89,0
DA:93,0
DA:97,0
LF:47
LH:0
BRDA:4,0,0,0
BRDA:4,0,1,0
BRDA:14,1,0,0
BRDA:14,1,1,0
BRDA:14,2,0,0
BRDA:14,2,1,0
BRDA:18,3,0,0
BRDA:18,3,1,0
BRDA:38,4,0,0
BRDA:38,4,1,0
BRDA:40,5,0,0
BRDA:40,5,1,0
BRDA:53,6,0,0
BRDA:53,6,1,0
BRDA:59,7,0,0
BRDA:59,7,1,0
BRDA:62,8,0,0
BRDA:62,8,1,0
BRDA:74,9,0,0
BRDA:74,9,1,0
BRDA:77,10,0,0
BRDA:77,10,1,0
BRDA:85,11,0,0
BRDA:85,11,1,0
BRF:24
BRH:0
end_of_record
TN:
SF:/Users/yinhang/study/beer-util/src/ds/set.js
FN:1,Set
FN:13,add
FN:22,remove
FN:32,show
FN:36,contains
FN:44,union
FN:57,intersect
FN:67,subset
FN:80,size
FN:84,difference
FNF:10
FNH:0
FNDA:0,Set
FNDA:0,add
FNDA:0,remove
FNDA:0,show
FNDA:0,contains
FNDA:0,union
FNDA:0,intersect
FNDA:0,subset
FNDA:0,size
FNDA:0,difference
DA:2,0
DA:3,0
DA:4,0
DA:5,0
DA:6,0
DA:7,0
DA:8,0
DA:9,0
DA:10,0
DA:11,0
DA:14,0
DA:15,0
DA:16,0
DA:18,0
DA:23,0
DA:24,0
DA:25,0
DA:26,0
DA:28,0
DA:33,0
DA:37,0
DA:38,0
DA:40,0
DA:45,0
DA:46,0
DA:47,0
DA:49,0
DA:50,0
DA:51,0
DA:54,0
DA:58,0
DA:59,0
DA:60,0
DA:61,0
DA:64,0
DA:68,0
DA:69,0
DA:71,0
DA:72,0
DA:73,0
DA:77,0
DA:81,0
DA:85,0
DA:86,0
DA:87,0
DA:88,0
DA:91,0
DA:96,0
LF:48
LH:0
BRDA:14,0,0,0
BRDA:14,0,1,0
BRDA:24,1,0,0
BRDA:24,1,1,0
BRDA:37,2,0,0
BRDA:37,2,1,0
BRDA:50,3,0,0
BRDA:50,3,1,0
BRDA:60,4,0,0
BRDA:60,4,1,0
BRDA:68,5,0,0
BRDA:68,5,1,0
BRDA:72,6,0,0
BRDA:72,6,1,0
BRDA:87,7,0,0
BRDA:87,7,1,0
BRF:16
BRH:0
end_of_record
TN:
SF:/Users/yinhang/study/beer-util/src/ds/sort.js
FN:2,CArray
FN:15,setData
FN:21,clear
FN:27,insert
FN:31,toString
FN:43,swap
FN:49,bubbleSort
FN:61,selectionSort
FN:75,insertionSort
FN:89,shellSort
FN:105,shellSortNynamic
FN:122,mergeSort
FN:144,mergeArrays
FN:173,qSort
FNF:14
FNH:0
FNDA:0,CArray
FNDA:0,setData
FNDA:0,clear
FNDA:0,insert
FNDA:0,toString
FNDA:0,swap
FNDA:0,bubbleSort
FNDA:0,selectionSort
FNDA:0,insertionSort
FNDA:0,shellSort
FNDA:0,shellSortNynamic
FNDA:0,mergeSort
FNDA:0,mergeArrays
FNDA:0,qSort
DA:3,0
DA:4,0
DA:5,0
DA:6,0
DA:7,0
DA:8,0
DA:9,0
DA:11,0
DA:12,0
DA:16,0
DA:17,0
DA:22,0
DA:23,0
DA:28,0
DA:32,0
DA:33,0
DA:34,0
DA:35,0
DA:36,0
DA:39,0
DA:44,0
DA:45,0
DA:46,0
DA:50,0
DA:51,0
DA:52,0
DA:53,0
DA:54,0
DA:58,0
DA:63,0
DA:64,0
DA:65,0
DA:66,0
DA:67,0
DA:70,0
DA:72,0
DA:77,0
DA:78,0
DA:79,0
DA:80,0
DA:81,0
DA:82,0
DA:84,0
DA:86,0
DA:90,0
DA:91,0
DA:92,0
DA:93,0
DA:94,0
DA:97,0
DA:99,0
DA:102,0
DA:106,0
DA:107,0
DA:108,0
DA:109,0
DA:111,0
DA:112,0
DA:113,0
DA:114,0
DA:117,0
DA:119,0
DA:123,0
DA:124,0
DA:126,0
DA:128,0
DA:129,0
DA:130,0
DA:131,0
DA:132,0
DA:133,0
DA:134,0
DA:136,0
DA:137,0
DA:139,0
DA:141,0
DA:145,0
DA:146,0
DA:147,0
DA:148,0
DA:149,0
DA:150,0
DA:152,0
DA:153,0
DA:154,0
DA:155,0
DA:158,0
DA:159,0
DA:160,0
DA:161,0
DA:162,0
DA:163,0
DA:164,0
DA:165,0
DA:167,0
DA:168,0
DA:174,0
DA:175,0
DA:177,0
DA:178,0
DA:179,0
DA:180,0
DA:181,0
DA:182,0
DA:184,0
DA:187,0
DA:191,0
LF:107
LH:0
BRDA:35,0,0,0
BRDA:35,0,1,0
BRDA:35,1,0,0
BRDA:35,1,1,0
BRDA:53,2,0,0
BRDA:53,2,1,0
BRDA:66,3,0,0
BRDA:66,3,1,0
BRDA:80,4,0,0
BRDA:80,4,1,0
BRDA:94,5,0,0
BRDA:94,5,1,0
BRDA:113,6,0,0
BRDA:113,6,1,0
BRDA:123,7,0,0
BRDA:123,7,1,0
BRDA:136,8,0,0
BRDA:136,8,1,0
BRDA:163,9,0,0
BRDA:163,9,1,0
BRDA:174,10,0,0
BRDA:174,10,1,0
BRDA:181,11,0,0
BRDA:181,11,1,0
BRF:24
BRH:0
end_of_record
TN:
SF:/Users/yinhang/study/beer-util/src/ds/stack.js
FN:3,Stack
FN:12,push
FN:16,pop
FN:20,peek
FN:24,length
FN:28,clear
FNF:6
FNH:0
FNDA:0,Stack
FNDA:0,push
FNDA:0,pop
FNDA:0,peek
FNDA:0,length
FNDA:0,clear
DA:4,0
DA:5,0
DA:6,0
DA:7,0
DA:8,0
DA:9,0
DA:10,0
DA:13,0
DA:17,0
DA:21,0
DA:25,0
DA:29,0
DA:34,0
LF:13
LH:0
BRF:0
BRH:0
end_of_record
TN:
SF:/Users/yinhang/study/beer-util/src/fn/index.js
FN:8,(anonymous_0)
FN:10,(anonymous_1)
FN:26,(anonymous_2)
FN:28,(anonymous_3)
FN:30,(anonymous_4)
FNF:5
FNH:0
FNDA:0,(anonymous_0)
FNDA:0,(anonymous_1)
FNDA:0,(anonymous_2)
FNDA:0,(anonymous_3)
FNDA:0,(anonymous_4)
DA:8,0
DA:9,0
DA:10,0
DA:11,0
DA:12,0
DA:13,0
DA:14,0
DA:26,0
DA:27,0
DA:28,0
DA:29,0
DA:30,0
DA:31,0
DA:36,0
LF:14
LH:0
BRDA:12,0,0,0
BRDA:12,0,1,0
BRF:2
BRH:0
end_of_record
TN:
SF:/Users/yinhang/study/beer-util/src/url/index.js
FN:9,(anonymous_0)
FN:19,(anonymous_1)
FNF:2
FNH:2
FNDA:1,(anonymous_0)
FNDA:1,(anonymous_1)
DA:1,1
DA:9,1
DA:10,1
DA:19,1
DA:20,1
DA:23,1
LF:6
LH:6
BRF:0
BRH:0
end_of_record
